<z:anyType xmlns:i="http://www.w3.org/2001/XMLSchema-instance" xmlns:d1p1="http://schemas.datacontract.org/2004/07/BxS_WorxIPX.BDC"
  i:type="d1p1:Request" xmlns:z="http://schemas.microsoft.com/2003/10/Serialization/">
  <d1p1:SAPLogon
    i:type="d1p1:SAP_Logon">
    <d1p1:Client
      i:nil="true" />
    <d1p1:Lang
      i:nil="true" />
    <d1p1:Pwrd
      i:nil="true" />
    <d1p1:SAPSysID
      i:nil="true" />
    <d1p1:SecurePwrd xmlns:d3p1="http://schemas.datacontract.org/2004/07/System.Security"
      i:nil="true" />
    <d1p1:User
      i:nil="true" />
  </d1p1:SAPLogon>
  <d1p1:Sessions xmlns:d2p1="http://schemas.microsoft.com/2003/10/Serialization/Arrays">
    <d2p1:KeyValueOfguidanyType>
      <d2p1:Key>6f84fe43-e202-49be-a649-a7e9639c6e74</d2p1:Key>
      <d2p1:Value
        i:type="d1p1:Session">
        <d1p1:ColLB>1</d1p1:ColLB>
        <d1p1:ColUB>17</d1p1:ColUB>
        <d1p1:ID>6f84fe43-e202-49be-a649-a7e9639c6e74</d1p1:ID>
        <d1p1:IsActive>false</d1p1:IsActive>
        <d1p1:IsBDCSession>false</d1p1:IsBDCSession>
        <d1p1:IsOnline>false</d1p1:IsOnline>
        <d1p1:IsTest>false</d1p1:IsTest>
        <d1p1:Priority>0</d1p1:Priority>
        <d1p1:RowLB>1</d1p1:RowLB>
        <d1p1:RowUB>110</d1p1:RowUB>
        <d1p1:UsedAddress>$B$1:$R$110</d1p1:UsedAddress>
        <d1p1:WBID>TestRunnerNo.xlsx</d1p1:WBID>
        <d1p1:WSData>
          <d2p1:KeyValueOfstringstring>
            <d2p1:Key>3,3</d2p1:Key>
            <d2p1:Value>Program Name: </d2p1:Value>
          </d2p1:KeyValueOfstringstring>
          <d2p1:KeyValueOfstringstring>
            <d2p1:Key>3,5</d2p1:Key>
            <d2p1:Value>SAPMILO0</d2p1:Value>
          </d2p1:KeyValueOfstringstring>
          <d2p1:KeyValueOfstringstring>
            <d2p1:Key>3,6</d2p1:Key>
            <d2p1:Value>SAPMILO0</d2p1:Value>
          </d2p1:KeyValueOfstringstring>
          <d2p1:KeyValueOfstringstring>
            <d2p1:Key>3,7</d2p1:Key>
            <d2p1:Value>SAPMILO0</d2p1:Value>
          </d2p1:KeyValueOfstringstring>
          <d2p1:KeyValueOfstringstring>
            <d2p1:Key>3,8</d2p1:Key>
            <d2p1:Value>SAPMILO0</d2p1:Value>
          </d2p1:KeyValueOfstringstring>
          <d2p1:KeyValueOfstringstring>
            <d2p1:Key>3,9</d2p1:Key>
            <d2p1:Value>SAPMILO0</d2p1:Value>
          </d2p1:KeyValueOfstringstring>
          <d2p1:KeyValueOfstringstring>
            <d2p1:Key>3,10</d2p1:Key>
            <d2p1:Value>SAPMILO0</d2p1:Value>
          </d2p1:KeyValueOfstringstring>
          <d2p1:KeyValueOfstringstring>
            <d2p1:Key>3,11</d2p1:Key>
            <d2p1:Value>SAPMILO0</d2p1:Value>
          </d2p1:KeyValueOfstringstring>
          <d2p1:KeyValueOfstringstring>
            <d2p1:Key>3,12</d2p1:Key>
            <d2p1:Value>SAPMILO0</d2p1:Value>
          </d2p1:KeyValueOfstringstring>
          <d2p1:KeyValueOfstringstring>
            <d2p1:Key>3,13</d2p1:Key>
            <d2p1:Value>SAPMILO0</d2p1:Value>
          </d2p1:KeyValueOfstringstring>
          <d2p1:KeyValueOfstringstring>
            <d2p1:Key>3,14</d2p1:Key>
            <d2p1:Value>SAPMILO0</d2p1:Value>
          </d2p1:KeyValueOfstringstring>
          <d2p1:KeyValueOfstringstring>
            <d2p1:Key>3,15</d2p1:Key>
            <d2p1:Value>SAPMILO0</d2p1:Value>
          </d2p1:KeyValueOfstringstring>
          <d2p1:KeyValueOfstringstring>
            <d2p1:Key>3,16</d2p1:Key>
            <d2p1:Value>SAPMILO0</d2p1:Value>
          </d2p1:KeyValueOfstringstring>
          <d2p1:KeyValueOfstringstring>
            <d2p1:Key>3,17</d2p1:Key>
            <d2p1:Value>SAPMILO0</d2p1:Value>
          </d2p1:KeyValueOfstringstring>
          <d2p1:KeyValueOfstringstring>
            <d2p1:Key>4,3</d2p1:Key>
            <d2p1:Value>Screen Number: </d2p1:Value>
          </d2p1:KeyValueOfstringstring>
          <d2p1:KeyValueOfstringstring>
            <d2p1:Key>4,5</d2p1:Key>
            <d2p1:Value>1110</d2p1:Value>
          </d2p1:KeyValueOfstringstring>
          <d2p1:KeyValueOfstringstring>
            <d2p1:Key>4,6</d2p1:Key>
            <d2p1:Value>1110</d2p1:Value>
          </d2p1:KeyValueOfstringstring>
          <d2p1:KeyValueOfstringstring>
            <d2p1:Key>4,7</d2p1:Key>
            <d2p1:Value>1110</d2p1:Value>
          </d2p1:KeyValueOfstringstring>
          <d2p1:KeyValueOfstringstring>
            <d2p1:Key>4,8</d2p1:Key>
            <d2p1:Value>2100</d2p1:Value>
          </d2p1:KeyValueOfstringstring>
          <d2p1:KeyValueOfstringstring>
            <d2p1:Key>4,9</d2p1:Key>
            <d2p1:Value>2100</d2p1:Value>
          </d2p1:KeyValueOfstringstring>
          <d2p1:KeyValueOfstringstring>
            <d2p1:Key>4,10</d2p1:Key>
            <d2p1:Value>2100</d2p1:Value>
          </d2p1:KeyValueOfstringstring>
          <d2p1:KeyValueOfstringstring>
            <d2p1:Key>4,11</d2p1:Key>
            <d2p1:Value>2100</d2p1:Value>
          </d2p1:KeyValueOfstringstring>
          <d2p1:KeyValueOfstringstring>
            <d2p1:Key>4,12</d2p1:Key>
            <d2p1:Value>2100</d2p1:Value>
          </d2p1:KeyValueOfstringstring>
          <d2p1:KeyValueOfstringstring>
            <d2p1:Key>4,13</d2p1:Key>
            <d2p1:Value>2100</d2p1:Value>
          </d2p1:KeyValueOfstringstring>
          <d2p1:KeyValueOfstringstring>
            <d2p1:Key>4,14</d2p1:Key>
            <d2p1:Value>2100</d2p1:Value>
          </d2p1:KeyValueOfstringstring>
          <d2p1:KeyValueOfstringstring>
            <d2p1:Key>4,15</d2p1:Key>
            <d2p1:Value>2100</d2p1:Value>
          </d2p1:KeyValueOfstringstring>
          <d2p1:KeyValueOfstringstring>
            <d2p1:Key>4,16</d2p1:Key>
            <d2p1:Value>2100</d2p1:Value>
          </d2p1:KeyValueOfstringstring>
          <d2p1:KeyValueOfstringstring>
            <d2p1:Key>4,17</d2p1:Key>
            <d2p1:Value>2100</d2p1:Value>
          </d2p1:KeyValueOfstringstring>
          <d2p1:KeyValueOfstringstring>
            <d2p1:Key>5,3</d2p1:Key>
            <d2p1:Value>Screen Start: </d2p1:Value>
          </d2p1:KeyValueOfstringstring>
          <d2p1:KeyValueOfstringstring>
            <d2p1:Key>5,5</d2p1:Key>
            <d2p1:Value>X</d2p1:Value>
          </d2p1:KeyValueOfstringstring>
          <d2p1:KeyValueOfstringstring>
            <d2p1:Key>5,8</d2p1:Key>
            <d2p1:Value>X</d2p1:Value>
          </d2p1:KeyValueOfstringstring>
          <d2p1:KeyValueOfstringstring>
            <d2p1:Key>5,11</d2p1:Key>
            <d2p1:Value>X</d2p1:Value>
          </d2p1:KeyValueOfstringstring>
          <d2p1:KeyValueOfstringstring>
            <d2p1:Key>5,13</d2p1:Key>
            <d2p1:Value>X</d2p1:Value>
          </d2p1:KeyValueOfstringstring>
          <d2p1:KeyValueOfstringstring>
            <d2p1:Key>6,3</d2p1:Key>
            <d2p1:Value>BDC OK CODE: </d2p1:Value>
          </d2p1:KeyValueOfstringstring>
          <d2p1:KeyValueOfstringstring>
            <d2p1:Key>6,5</d2p1:Key>
            <d2p1:Value>/00</d2p1:Value>
          </d2p1:KeyValueOfstringstring>
          <d2p1:KeyValueOfstringstring>
            <d2p1:Key>6,8</d2p1:Key>
            <d2p1:Value>=PA</d2p1:Value>
          </d2p1:KeyValueOfstringstring>
          <d2p1:KeyValueOfstringstring>
            <d2p1:Key>6,11</d2p1:Key>
            <d2p1:Value>=T\03</d2p1:Value>
          </d2p1:KeyValueOfstringstring>
          <d2p1:KeyValueOfstringstring>
            <d2p1:Key>6,13</d2p1:Key>
            <d2p1:Value>=BU</d2p1:Value>
          </d2p1:KeyValueOfstringstring>
          <d2p1:KeyValueOfstringstring>
            <d2p1:Key>7,1</d2p1:Key>
            <d2p1:Value>&lt;@@&gt;&lt;messages&gt;[b];&lt;DataStartRow&gt;[10]</d2p1:Value>
          </d2p1:KeyValueOfstringstring>
          <d2p1:KeyValueOfstringstring>
            <d2p1:Key>7,3</d2p1:Key>
            <d2p1:Value>BDC CURSOR: </d2p1:Value>
          </d2p1:KeyValueOfstringstring>
          <d2p1:KeyValueOfstringstring>
            <d2p1:Key>7,5</d2p1:Key>
            <d2p1:Value>IFLO-TPLNR</d2p1:Value>
          </d2p1:KeyValueOfstringstring>
          <d2p1:KeyValueOfstringstring>
            <d2p1:Key>7,8</d2p1:Key>
            <d2p1:Value>IFLO-PLTXT</d2p1:Value>
          </d2p1:KeyValueOfstringstring>
          <d2p1:KeyValueOfstringstring>
            <d2p1:Key>7,13</d2p1:Key>
            <d2p1:Value>SCRN_GSOA_FLOC-ZZCSITE</d2p1:Value>
          </d2p1:KeyValueOfstringstring>
          <d2p1:KeyValueOfstringstring>
            <d2p1:Key>8,3</d2p1:Key>
            <d2p1:Value>BDC SUBSCREEN:</d2p1:Value>
          </d2p1:KeyValueOfstringstring>
          <d2p1:KeyValueOfstringstring>
            <d2p1:Key>8,9</d2p1:Key>
            <d2p1:Value>SAPLITO0                                1052SUB_0102A</d2p1:Value>
          </d2p1:KeyValueOfstringstring>
          <d2p1:KeyValueOfstringstring>
            <d2p1:Key>8,10</d2p1:Key>
            <d2p1:Value>SAPLITO0                                1062SUB_0102B</d2p1:Value>
          </d2p1:KeyValueOfstringstring>
          <d2p1:KeyValueOfstringstring>
            <d2p1:Key>8,11</d2p1:Key>
            <d2p1:Value>SAPLITO0                                1052SUB_0102A</d2p1:Value>
          </d2p1:KeyValueOfstringstring>
          <d2p1:KeyValueOfstringstring>
            <d2p1:Key>8,12</d2p1:Key>
            <d2p1:Value>SAPLITO0                                1062SUB_0102B</d2p1:Value>
          </d2p1:KeyValueOfstringstring>
          <d2p1:KeyValueOfstringstring>
            <d2p1:Key>8,13</d2p1:Key>
            <d2p1:Value>SAPLXTOB                                4000CNTRL_FLOC</d2p1:Value>
          </d2p1:KeyValueOfstringstring>
          <d2p1:KeyValueOfstringstring>
            <d2p1:Key>9,3</d2p1:Key>
            <d2p1:Value>Field Name: </d2p1:Value>
          </d2p1:KeyValueOfstringstring>
          <d2p1:KeyValueOfstringstring>
            <d2p1:Key>9,5</d2p1:Key>
            <d2p1:Value>IFLO-TPLNR</d2p1:Value>
          </d2p1:KeyValueOfstringstring>
          <d2p1:KeyValueOfstringstring>
            <d2p1:Key>9,6</d2p1:Key>
            <d2p1:Value>RILO0-ALKEY</d2p1:Value>
          </d2p1:KeyValueOfstringstring>
          <d2p1:KeyValueOfstringstring>
            <d2p1:Key>9,7</d2p1:Key>
            <d2p1:Value>RILO0-TPLKZ</d2p1:Value>
          </d2p1:KeyValueOfstringstring>
          <d2p1:KeyValueOfstringstring>
            <d2p1:Key>9,8</d2p1:Key>
            <d2p1:Value>IFLO-PLTXT</d2p1:Value>
          </d2p1:KeyValueOfstringstring>
          <d2p1:KeyValueOfstringstring>
            <d2p1:Key>9,9</d2p1:Key>
            <d2p1:Value>ITOB-BUKRS</d2p1:Value>
          </d2p1:KeyValueOfstringstring>
          <d2p1:KeyValueOfstringstring>
            <d2p1:Key>9,10</d2p1:Key>
            <d2p1:Value>ITOB-IWERK</d2p1:Value>
          </d2p1:KeyValueOfstringstring>
          <d2p1:KeyValueOfstringstring>
            <d2p1:Key>9,11</d2p1:Key>
            <d2p1:Value>ITOB-BUKRS</d2p1:Value>
          </d2p1:KeyValueOfstringstring>
          <d2p1:KeyValueOfstringstring>
            <d2p1:Key>9,12</d2p1:Key>
            <d2p1:Value>ITOB-IWERK</d2p1:Value>
          </d2p1:KeyValueOfstringstring>
          <d2p1:KeyValueOfstringstring>
            <d2p1:Key>9,13</d2p1:Key>
            <d2p1:Value>SCRN_GSOA_FLOC-ZZCSITE</d2p1:Value>
          </d2p1:KeyValueOfstringstring>
          <d2p1:KeyValueOfstringstring>
            <d2p1:Key>9,14</d2p1:Key>
            <d2p1:Value>SCRN_GSOA_FLOC-ZZSLDIS</d2p1:Value>
          </d2p1:KeyValueOfstringstring>
          <d2p1:KeyValueOfstringstring>
            <d2p1:Key>9,15</d2p1:Key>
            <d2p1:Value>SCRN_GSOA_FLOC-ZZDIST</d2p1:Value>
          </d2p1:KeyValueOfstringstring>
          <d2p1:KeyValueOfstringstring>
            <d2p1:Key>9,16</d2p1:Key>
            <d2p1:Value>SCRN_GSOA_FLOC-ZZTTIME_DAY</d2p1:Value>
          </d2p1:KeyValueOfstringstring>
          <d2p1:KeyValueOfstringstring>
            <d2p1:Key>9,17</d2p1:Key>
            <d2p1:Value>SCRN_GSOA_FLOC-ZZTTIME_TIME</d2p1:Value>
          </d2p1:KeyValueOfstringstring>
          <d2p1:KeyValueOfstringstring>
            <d2p1:Key>10,3</d2p1:Key>
            <d2p1:Value>Description: </d2p1:Value>
          </d2p1:KeyValueOfstringstring>
          <d2p1:KeyValueOfstringstring>
            <d2p1:Key>11,1</d2p1:Key>
            <d2p1:Value>Messages</d2p1:Value>
          </d2p1:KeyValueOfstringstring>
          <d2p1:KeyValueOfstringstring>
            <d2p1:Key>11,3</d2p1:Key>
            <d2p1:Value>Special Instructions</d2p1:Value>
          </d2p1:KeyValueOfstringstring>
          <d2p1:KeyValueOfstringstring>
            <d2p1:Key>12,3</d2p1:Key>
            <d2p1:Value>X</d2p1:Value>
          </d2p1:KeyValueOfstringstring>
          <d2p1:KeyValueOfstringstring>
            <d2p1:Key>12,5</d2p1:Key>
            <d2p1:Value>300000000082</d2p1:Value>
          </d2p1:KeyValueOfstringstring>
          <d2p1:KeyValueOfstringstring>
            <d2p1:Key>12,6</d2p1:Key>
            <d2p1:Value>1</d2p1:Value>
          </d2p1:KeyValueOfstringstring>
          <d2p1:KeyValueOfstringstring>
            <d2p1:Key>12,7</d2p1:Key>
            <d2p1:Value>DD000</d2p1:Value>
          </d2p1:KeyValueOfstringstring>
          <d2p1:KeyValueOfstringstring>
            <d2p1:Key>12,8</d2p1:Key>
            <d2p1:Value>test</d2p1:Value>
          </d2p1:KeyValueOfstringstring>
          <d2p1:KeyValueOfstringstring>
            <d2p1:Key>12,9</d2p1:Key>
            <d2p1:Value>ZA20</d2p1:Value>
          </d2p1:KeyValueOfstringstring>
          <d2p1:KeyValueOfstringstring>
            <d2p1:Key>12,10</d2p1:Key>
            <d2p1:Value>ZA10</d2p1:Value>
          </d2p1:KeyValueOfstringstring>
          <d2p1:KeyValueOfstringstring>
            <d2p1:Key>12,11</d2p1:Key>
            <d2p1:Value>ZA20</d2p1:Value>
          </d2p1:KeyValueOfstringstring>
          <d2p1:KeyValueOfstringstring>
            <d2p1:Key>12,12</d2p1:Key>
            <d2p1:Value>ZA10</d2p1:Value>
          </d2p1:KeyValueOfstringstring>
          <d2p1:KeyValueOfstringstring>
            <d2p1:Key>12,13</d2p1:Key>
            <d2p1:Value>TEST STORE 46</d2p1:Value>
          </d2p1:KeyValueOfstringstring>
          <d2p1:KeyValueOfstringstring>
            <d2p1:Key>12,14</d2p1:Key>
            <d2p1:Value>5</d2p1:Value>
          </d2p1:KeyValueOfstringstring>
          <d2p1:KeyValueOfstringstring>
            <d2p1:Key>12,15</d2p1:Key>
            <d2p1:Value>KM</d2p1:Value>
          </d2p1:KeyValueOfstringstring>
          <d2p1:KeyValueOfstringstring>
            <d2p1:Key>12,16</d2p1:Key>
            <d2p1:Value>22</d2p1:Value>
          </d2p1:KeyValueOfstringstring>
          <d2p1:KeyValueOfstringstring>
            <d2p1:Key>12,17</d2p1:Key>
            <d2p1:Value>0</d2p1:Value>
          </d2p1:KeyValueOfstringstring>
          <d2p1:KeyValueOfstringstring>
            <d2p1:Key>13,5</d2p1:Key>
            <d2p1:Value>300000000083</d2p1:Value>
          </d2p1:KeyValueOfstringstring>
          <d2p1:KeyValueOfstringstring>
            <d2p1:Key>13,6</d2p1:Key>
            <d2p1:Value>1</d2p1:Value>
          </d2p1:KeyValueOfstringstring>
          <d2p1:KeyValueOfstringstring>
            <d2p1:Key>13,7</d2p1:Key>
            <d2p1:Value>DD000</d2p1:Value>
          </d2p1:KeyValueOfstringstring>
          <d2p1:KeyValueOfstringstring>
            <d2p1:Key>13,8</d2p1:Key>
            <d2p1:Value>test</d2p1:Value>
          </d2p1:KeyValueOfstringstring>
          <d2p1:KeyValueOfstringstring>
            <d2p1:Key>13,9</d2p1:Key>
            <d2p1:Value>ZA20</d2p1:Value>
          </d2p1:KeyValueOfstringstring>
          <d2p1:KeyValueOfstringstring>
            <d2p1:Key>13,10</d2p1:Key>
            <d2p1:Value>ZA10</d2p1:Value>
          </d2p1:KeyValueOfstringstring>
          <d2p1:KeyValueOfstringstring>
            <d2p1:Key>13,11</d2p1:Key>
            <d2p1:Value>ZA20</d2p1:Value>
          </d2p1:KeyValueOfstringstring>
          <d2p1:KeyValueOfstringstring>
            <d2p1:Key>13,12</d2p1:Key>
            <d2p1:Value>ZA10</d2p1:Value>
          </d2p1:KeyValueOfstringstring>
          <d2p1:KeyValueOfstringstring>
            <d2p1:Key>13,13</d2p1:Key>
            <d2p1:Value>TEST STORE 47</d2p1:Value>
          </d2p1:KeyValueOfstringstring>
          <d2p1:KeyValueOfstringstring>
            <d2p1:Key>13,14</d2p1:Key>
            <d2p1:Value>5</d2p1:Value>
          </d2p1:KeyValueOfstringstring>
          <d2p1:KeyValueOfstringstring>
            <d2p1:Key>13,15</d2p1:Key>
            <d2p1:Value>KM</d2p1:Value>
          </d2p1:KeyValueOfstringstring>
          <d2p1:KeyValueOfstringstring>
            <d2p1:Key>13,16</d2p1:Key>
            <d2p1:Value>22</d2p1:Value>
          </d2p1:KeyValueOfstringstring>
          <d2p1:KeyValueOfstringstring>
            <d2p1:Key>13,17</d2p1:Key>
            <d2p1:Value>0</d2p1:Value>
          </d2p1:KeyValueOfstringstring>
          <d2p1:KeyValueOfstringstring>
            <d2p1:Key>14,5</d2p1:Key>
            <d2p1:Value>300000000083</d2p1:Value>
          </d2p1:KeyValueOfstringstring>
          <d2p1:KeyValueOfstringstring>
            <d2p1:Key>14,6</d2p1:Key>
            <d2p1:Value>1</d2p1:Value>
          </d2p1:KeyValueOfstringstring>
          <d2p1:KeyValueOfstringstring>
            <d2p1:Key>14,7</d2p1:Key>
            <d2p1:Value>DD000</d2p1:Value>
          </d2p1:KeyValueOfstringstring>
          <d2p1:KeyValueOfstringstring>
            <d2p1:Key>14,8</d2p1:Key>
            <d2p1:Value>test</d2p1:Value>
          </d2p1:KeyValueOfstringstring>
          <d2p1:KeyValueOfstringstring>
            <d2p1:Key>14,9</d2p1:Key>
            <d2p1:Value>ZA20</d2p1:Value>
          </d2p1:KeyValueOfstringstring>
          <d2p1:KeyValueOfstringstring>
            <d2p1:Key>14,10</d2p1:Key>
            <d2p1:Value>ZA10</d2p1:Value>
          </d2p1:KeyValueOfstringstring>
          <d2p1:KeyValueOfstringstring>
            <d2p1:Key>14,11</d2p1:Key>
            <d2p1:Value>ZA20</d2p1:Value>
          </d2p1:KeyValueOfstringstring>
          <d2p1:KeyValueOfstringstring>
            <d2p1:Key>14,12</d2p1:Key>
            <d2p1:Value>ZA10</d2p1:Value>
          </d2p1:KeyValueOfstringstring>
          <d2p1:KeyValueOfstringstring>
            <d2p1:Key>14,13</d2p1:Key>
            <d2p1:Value>TEST STORE 47</d2p1:Value>
          </d2p1:KeyValueOfstringstring>
          <d2p1:KeyValueOfstringstring>
            <d2p1:Key>14,14</d2p1:Key>
            <d2p1:Value>5</d2p1:Value>
          </d2p1:KeyValueOfstringstring>
          <d2p1:KeyValueOfstringstring>
            <d2p1:Key>14,15</d2p1:Key>
            <d2p1:Value>KM</d2p1:Value>
          </d2p1:KeyValueOfstringstring>
          <d2p1:KeyValueOfstringstring>
            <d2p1:Key>14,16</d2p1:Key>
            <d2p1:Value>22</d2p1:Value>
          </d2p1:KeyValueOfstringstring>
          <d2p1:KeyValueOfstringstring>
            <d2p1:Key>14,17</d2p1:Key>
            <d2p1:Value>0</d2p1:Value>
          </d2p1:KeyValueOfstringstring>
          <d2p1:KeyValueOfstringstring>
            <d2p1:Key>15,5</d2p1:Key>
            <d2p1:Value>300000000083</d2p1:Value>
          </d2p1:KeyValueOfstringstring>
          <d2p1:KeyValueOfstringstring>
            <d2p1:Key>15,6</d2p1:Key>
            <d2p1:Value>1</d2p1:Value>
          </d2p1:KeyValueOfstringstring>
          <d2p1:KeyValueOfstringstring>
            <d2p1:Key>15,7</d2p1:Key>
            <d2p1:Value>DD000</d2p1:Value>
          </d2p1:KeyValueOfstringstring>
          <d2p1:KeyValueOfstringstring>
            <d2p1:Key>15,8</d2p1:Key>
            <d2p1:Value>test</d2p1:Value>
          </d2p1:KeyValueOfstringstring>
          <d2p1:KeyValueOfstringstring>
            <d2p1:Key>15,9</d2p1:Key>
            <d2p1:Value>ZA20</d2p1:Value>
          </d2p1:KeyValueOfstringstring>
          <d2p1:KeyValueOfstringstring>
            <d2p1:Key>15,10</d2p1:Key>
            <d2p1:Value>ZA10</d2p1:Value>
          </d2p1:KeyValueOfstringstring>
          <d2p1:KeyValueOfstringstring>
            <d2p1:Key>15,11</d2p1:Key>
            <d2p1:Value>ZA20</d2p1:Value>
          </d2p1:KeyValueOfstringstring>
          <d2p1:KeyValueOfstringstring>
            <d2p1:Key>15,12</d2p1:Key>
            <d2p1:Value>ZA10</d2p1:Value>
          </d2p1:KeyValueOfstringstring>
          <d2p1:KeyValueOfstringstring>
            <d2p1:Key>15,13</d2p1:Key>
            <d2p1:Value>TEST STORE 47</d2p1:Value>
          </d2p1:KeyValueOfstringstring>
          <d2p1:KeyValueOfstringstring>
            <d2p1:Key>15,14</d2p1:Key>
            <d2p1:Value>5</d2p1:Value>
          </d2p1:KeyValueOfstringstring>
          <d2p1:KeyValueOfstringstring>
            <d2p1:Key>15,15</d2p1:Key>
            <d2p1:Value>KM</d2p1:Value>
          </d2p1:KeyValueOfstringstring>
          <d2p1:KeyValueOfstringstring>
            <d2p1:Key>15,16</d2p1:Key>
            <d2p1:Value>22</d2p1:Value>
          </d2p1:KeyValueOfstringstring>
          <d2p1:KeyValueOfstringstring>
            <d2p1:Key>15,17</d2p1:Key>
            <d2p1:Value>0</d2p1:Value>
          </d2p1:KeyValueOfstringstring>
          <d2p1:KeyValueOfstringstring>
            <d2p1:Key>16,3</d2p1:Key>
            <d2p1:Value>X</d2p1:Value>
          </d2p1:KeyValueOfstringstring>
          <d2p1:KeyValueOfstringstring>
            <d2p1:Key>16,5</d2p1:Key>
            <d2p1:Value>300000000083</d2p1:Value>
          </d2p1:KeyValueOfstringstring>
          <d2p1:KeyValueOfstringstring>
            <d2p1:Key>16,6</d2p1:Key>
            <d2p1:Value>1</d2p1:Value>
          </d2p1:KeyValueOfstringstring>
          <d2p1:KeyValueOfstringstring>
            <d2p1:Key>16,7</d2p1:Key>
            <d2p1:Value>DD000</d2p1:Value>
          </d2p1:KeyValueOfstringstring>
          <d2p1:KeyValueOfstringstring>
            <d2p1:Key>16,8</d2p1:Key>
            <d2p1:Value>test</d2p1:Value>
          </d2p1:KeyValueOfstringstring>
          <d2p1:KeyValueOfstringstring>
            <d2p1:Key>16,9</d2p1:Key>
            <d2p1:Value>ZA20</d2p1:Value>
          </d2p1:KeyValueOfstringstring>
          <d2p1:KeyValueOfstringstring>
            <d2p1:Key>16,10</d2p1:Key>
            <d2p1:Value>ZA10</d2p1:Value>
          </d2p1:KeyValueOfstringstring>
          <d2p1:KeyValueOfstringstring>
            <d2p1:Key>16,11</d2p1:Key>
            <d2p1:Value>ZA20</d2p1:Value>
          </d2p1:KeyValueOfstringstring>
          <d2p1:KeyValueOfstringstring>
            <d2p1:Key>16,12</d2p1:Key>
            <d2p1:Value>ZA10</d2p1:Value>
          </d2p1:KeyValueOfstringstring>
          <d2p1:KeyValueOfstringstring>
            <d2p1:Key>16,13</d2p1:Key>
            <d2p1:Value>TEST STORE 47</d2p1:Value>
          </d2p1:KeyValueOfstringstring>
          <d2p1:KeyValueOfstringstring>
            <d2p1:Key>16,14</d2p1:Key>
            <d2p1:Value>5</d2p1:Value>
          </d2p1:KeyValueOfstringstring>
          <d2p1:KeyValueOfstringstring>
            <d2p1:Key>16,15</d2p1:Key>
            <d2p1:Value>KM</d2p1:Value>
          </d2p1:KeyValueOfstringstring>
          <d2p1:KeyValueOfstringstring>
            <d2p1:Key>16,16</d2p1:Key>
            <d2p1:Value>22</d2p1:Value>
          </d2p1:KeyValueOfstringstring>
          <d2p1:KeyValueOfstringstring>
            <d2p1:Key>16,17</d2p1:Key>
            <d2p1:Value>0</d2p1:Value>
          </d2p1:KeyValueOfstringstring>
          <d2p1:KeyValueOfstringstring>
            <d2p1:Key>17,5</d2p1:Key>
            <d2p1:Value>300000000083</d2p1:Value>
          </d2p1:KeyValueOfstringstring>
          <d2p1:KeyValueOfstringstring>
            <d2p1:Key>17,6</d2p1:Key>
            <d2p1:Value>1</d2p1:Value>
          </d2p1:KeyValueOfstringstring>
          <d2p1:KeyValueOfstringstring>
            <d2p1:Key>17,7</d2p1:Key>
            <d2p1:Value>DD000</d2p1:Value>
          </d2p1:KeyValueOfstringstring>
          <d2p1:KeyValueOfstringstring>
            <d2p1:Key>17,8</d2p1:Key>
            <d2p1:Value>test</d2p1:Value>
          </d2p1:KeyValueOfstringstring>
          <d2p1:KeyValueOfstringstring>
            <d2p1:Key>17,9</d2p1:Key>
            <d2p1:Value>ZA20</d2p1:Value>
          </d2p1:KeyValueOfstringstring>
          <d2p1:KeyValueOfstringstring>
            <d2p1:Key>17,10</d2p1:Key>
            <d2p1:Value>ZA10</d2p1:Value>
          </d2p1:KeyValueOfstringstring>
          <d2p1:KeyValueOfstringstring>
            <d2p1:Key>17,11</d2p1:Key>
            <d2p1:Value>ZA20</d2p1:Value>
          </d2p1:KeyValueOfstringstring>
          <d2p1:KeyValueOfstringstring>
            <d2p1:Key>17,12</d2p1:Key>
            <d2p1:Value>ZA10</d2p1:Value>
          </d2p1:KeyValueOfstringstring>
          <d2p1:KeyValueOfstringstring>
            <d2p1:Key>17,13</d2p1:Key>
            <d2p1:Value>TEST STORE 47</d2p1:Value>
          </d2p1:KeyValueOfstringstring>
          <d2p1:KeyValueOfstringstring>
            <d2p1:Key>17,14</d2p1:Key>
            <d2p1:Value>5</d2p1:Value>
          </d2p1:KeyValueOfstringstring>
          <d2p1:KeyValueOfstringstring>
            <d2p1:Key>17,15</d2p1:Key>
            <d2p1:Value>KM</d2p1:Value>
          </d2p1:KeyValueOfstringstring>
          <d2p1:KeyValueOfstringstring>
            <d2p1:Key>17,16</d2p1:Key>
            <d2p1:Value>22</d2p1:Value>
          </d2p1:KeyValueOfstringstring>
          <d2p1:KeyValueOfstringstring>
            <d2p1:Key>17,17</d2p1:Key>
            <d2p1:Value>0</d2p1:Value>
          </d2p1:KeyValueOfstringstring>
          <d2p1:KeyValueOfstringstring>
            <d2p1:Key>18,5</d2p1:Key>
            <d2p1:Value>300000000083</d2p1:Value>
          </d2p1:KeyValueOfstringstring>
          <d2p1:KeyValueOfstringstring>
            <d2p1:Key>18,6</d2p1:Key>
            <d2p1:Value>1</d2p1:Value>
          </d2p1:KeyValueOfstringstring>
          <d2p1:KeyValueOfstringstring>
            <d2p1:Key>18,7</d2p1:Key>
            <d2p1:Value>DD000</d2p1:Value>
          </d2p1:KeyValueOfstringstring>
          <d2p1:KeyValueOfstringstring>
            <d2p1:Key>18,8</d2p1:Key>
            <d2p1:Value>test</d2p1:Value>
          </d2p1:KeyValueOfstringstring>
          <d2p1:KeyValueOfstringstring>
            <d2p1:Key>18,9</d2p1:Key>
            <d2p1:Value>ZA20</d2p1:Value>
          </d2p1:KeyValueOfstringstring>
          <d2p1:KeyValueOfstringstring>
            <d2p1:Key>18,10</d2p1:Key>
            <d2p1:Value>ZA10</d2p1:Value>
          </d2p1:KeyValueOfstringstring>
          <d2p1:KeyValueOfstringstring>
            <d2p1:Key>18,11</d2p1:Key>
            <d2p1:Value>ZA20</d2p1:Value>
          </d2p1:KeyValueOfstringstring>
          <d2p1:KeyValueOfstringstring>
            <d2p1:Key>18,12</d2p1:Key>
            <d2p1:Value>ZA10</d2p1:Value>
          </d2p1:KeyValueOfstringstring>
          <d2p1:KeyValueOfstringstring>
            <d2p1:Key>18,13</d2p1:Key>
            <d2p1:Value>TEST STORE 47</d2p1:Value>
          </d2p1:KeyValueOfstringstring>
          <d2p1:KeyValueOfstringstring>
            <d2p1:Key>18,14</d2p1:Key>
            <d2p1:Value>5</d2p1:Value>
          </d2p1:KeyValueOfstringstring>
          <d2p1:KeyValueOfstringstring>
            <d2p1:Key>18,15</d2p1:Key>
            <d2p1:Value>KM</d2p1:Value>
          </d2p1:KeyValueOfstringstring>
          <d2p1:KeyValueOfstringstring>
            <d2p1:Key>18,16</d2p1:Key>
            <d2p1:Value>22</d2p1:Value>
          </d2p1:KeyValueOfstringstring>
          <d2p1:KeyValueOfstringstring>
            <d2p1:Key>18,17</d2p1:Key>
            <d2p1:Value>0</d2p1:Value>
          </d2p1:KeyValueOfstringstring>
          <d2p1:KeyValueOfstringstring>
            <d2p1:Key>19,5</d2p1:Key>
            <d2p1:Value>300000000083</d2p1:Value>
          </d2p1:KeyValueOfstringstring>
          <d2p1:KeyValueOfstringstring>
            <d2p1:Key>19,6</d2p1:Key>
            <d2p1:Value>1</d2p1:Value>
          </d2p1:KeyValueOfstringstring>
          <d2p1:KeyValueOfstringstring>
            <d2p1:Key>19,7</d2p1:Key>
            <d2p1:Value>DD000</d2p1:Value>
          </d2p1:KeyValueOfstringstring>
          <d2p1:KeyValueOfstringstring>
            <d2p1:Key>19,8</d2p1:Key>
            <d2p1:Value>test</d2p1:Value>
          </d2p1:KeyValueOfstringstring>
          <d2p1:KeyValueOfstringstring>
            <d2p1:Key>19,9</d2p1:Key>
            <d2p1:Value>ZA20</d2p1:Value>
          </d2p1:KeyValueOfstringstring>
          <d2p1:KeyValueOfstringstring>
            <d2p1:Key>19,10</d2p1:Key>
            <d2p1:Value>ZA10</d2p1:Value>
          </d2p1:KeyValueOfstringstring>
          <d2p1:KeyValueOfstringstring>
            <d2p1:Key>19,11</d2p1:Key>
            <d2p1:Value>ZA20</d2p1:Value>
          </d2p1:KeyValueOfstringstring>
          <d2p1:KeyValueOfstringstring>
            <d2p1:Key>19,12</d2p1:Key>
            <d2p1:Value>ZA10</d2p1:Value>
          </d2p1:KeyValueOfstringstring>
          <d2p1:KeyValueOfstringstring>
            <d2p1:Key>19,13</d2p1:Key>
            <d2p1:Value>TEST STORE 47</d2p1:Value>
          </d2p1:KeyValueOfstringstring>
          <d2p1:KeyValueOfstringstring>
            <d2p1:Key>19,14</d2p1:Key>
            <d2p1:Value>5</d2p1:Value>
          </d2p1:KeyValueOfstringstring>
          <d2p1:KeyValueOfstringstring>
            <d2p1:Key>19,15</d2p1:Key>
            <d2p1:Value>KM</d2p1:Value>
          </d2p1:KeyValueOfstringstring>
          <d2p1:KeyValueOfstringstring>
            <d2p1:Key>19,16</d2p1:Key>
            <d2p1:Value>22</d2p1:Value>
          </d2p1:KeyValueOfstringstring>
          <d2p1:KeyValueOfstringstring>
            <d2p1:Key>19,17</d2p1:Key>
            <d2p1:Value>0</d2p1:Value>
          </d2p1:KeyValueOfstringstring>
          <d2p1:KeyValueOfstringstring>
            <d2p1:Key>20,5</d2p1:Key>
            <d2p1:Value>300000000083</d2p1:Value>
          </d2p1:KeyValueOfstringstring>
          <d2p1:KeyValueOfstringstring>
            <d2p1:Key>20,6</d2p1:Key>
            <d2p1:Value>1</d2p1:Value>
          </d2p1:KeyValueOfstringstring>
          <d2p1:KeyValueOfstringstring>
            <d2p1:Key>20,7</d2p1:Key>
            <d2p1:Value>DD000</d2p1:Value>
          </d2p1:KeyValueOfstringstring>
          <d2p1:KeyValueOfstringstring>
            <d2p1:Key>20,8</d2p1:Key>
            <d2p1:Value>test</d2p1:Value>
          </d2p1:KeyValueOfstringstring>
          <d2p1:KeyValueOfstringstring>
            <d2p1:Key>20,9</d2p1:Key>
            <d2p1:Value>ZA20</d2p1:Value>
          </d2p1:KeyValueOfstringstring>
          <d2p1:KeyValueOfstringstring>
            <d2p1:Key>20,10</d2p1:Key>
            <d2p1:Value>ZA10</d2p1:Value>
          </d2p1:KeyValueOfstringstring>
          <d2p1:KeyValueOfstringstring>
            <d2p1:Key>20,11</d2p1:Key>
            <d2p1:Value>ZA20</d2p1:Value>
          </d2p1:KeyValueOfstringstring>
          <d2p1:KeyValueOfstringstring>
            <d2p1:Key>20,12</d2p1:Key>
            <d2p1:Value>ZA10</d2p1:Value>
          </d2p1:KeyValueOfstringstring>
          <d2p1:KeyValueOfstringstring>
            <d2p1:Key>20,13</d2p1:Key>
            <d2p1:Value>TEST STORE 47</d2p1:Value>
          </d2p1:KeyValueOfstringstring>
          <d2p1:KeyValueOfstringstring>
            <d2p1:Key>20,14</d2p1:Key>
            <d2p1:Value>5</d2p1:Value>
          </d2p1:KeyValueOfstringstring>
          <d2p1:KeyValueOfstringstring>
            <d2p1:Key>20,15</d2p1:Key>
            <d2p1:Value>KM</d2p1:Value>
          </d2p1:KeyValueOfstringstring>
          <d2p1:KeyValueOfstringstring>
            <d2p1:Key>20,16</d2p1:Key>
            <d2p1:Value>22</d2p1:Value>
          </d2p1:KeyValueOfstringstring>
          <d2p1:KeyValueOfstringstring>
            <d2p1:Key>20,17</d2p1:Key>
            <d2p1:Value>0</d2p1:Value>
          </d2p1:KeyValueOfstringstring>
          <d2p1:KeyValueOfstringstring>
            <d2p1:Key>21,3</d2p1:Key>
            <d2p1:Value>X</d2p1:Value>
          </d2p1:KeyValueOfstringstring>
          <d2p1:KeyValueOfstringstring>
            <d2p1:Key>21,5</d2p1:Key>
            <d2p1:Value>300000000083</d2p1:Value>
          </d2p1:KeyValueOfstringstring>
          <d2p1:KeyValueOfstringstring>
            <d2p1:Key>21,6</d2p1:Key>
            <d2p1:Value>1</d2p1:Value>
          </d2p1:KeyValueOfstringstring>
          <d2p1:KeyValueOfstringstring>
            <d2p1:Key>21,7</d2p1:Key>
            <d2p1:Value>DD000</d2p1:Value>
          </d2p1:KeyValueOfstringstring>
          <d2p1:KeyValueOfstringstring>
            <d2p1:Key>21,8</d2p1:Key>
            <d2p1:Value>test</d2p1:Value>
          </d2p1:KeyValueOfstringstring>
          <d2p1:KeyValueOfstringstring>
            <d2p1:Key>21,9</d2p1:Key>
            <d2p1:Value>ZA20</d2p1:Value>
          </d2p1:KeyValueOfstringstring>
          <d2p1:KeyValueOfstringstring>
            <d2p1:Key>21,10</d2p1:Key>
            <d2p1:Value>ZA10</d2p1:Value>
          </d2p1:KeyValueOfstringstring>
          <d2p1:KeyValueOfstringstring>
            <d2p1:Key>21,11</d2p1:Key>
            <d2p1:Value>ZA20</d2p1:Value>
          </d2p1:KeyValueOfstringstring>
          <d2p1:KeyValueOfstringstring>
            <d2p1:Key>21,12</d2p1:Key>
            <d2p1:Value>ZA10</d2p1:Value>
          </d2p1:KeyValueOfstringstring>
          <d2p1:KeyValueOfstringstring>
            <d2p1:Key>21,13</d2p1:Key>
            <d2p1:Value>TEST STORE 47</d2p1:Value>
          </d2p1:KeyValueOfstringstring>
          <d2p1:KeyValueOfstringstring>
            <d2p1:Key>21,14</d2p1:Key>
            <d2p1:Value>5</d2p1:Value>
          </d2p1:KeyValueOfstringstring>
          <d2p1:KeyValueOfstringstring>
            <d2p1:Key>21,15</d2p1:Key>
            <d2p1:Value>KM</d2p1:Value>
          </d2p1:KeyValueOfstringstring>
          <d2p1:KeyValueOfstringstring>
            <d2p1:Key>21,16</d2p1:Key>
            <d2p1:Value>22</d2p1:Value>
          </d2p1:KeyValueOfstringstring>
          <d2p1:KeyValueOfstringstring>
            <d2p1:Key>21,17</d2p1:Key>
            <d2p1:Value>0</d2p1:Value>
          </d2p1:KeyValueOfstringstring>
          <d2p1:KeyValueOfstringstring>
            <d2p1:Key>22,5</d2p1:Key>
            <d2p1:Value>300000000083</d2p1:Value>
          </d2p1:KeyValueOfstringstring>
          <d2p1:KeyValueOfstringstring>
            <d2p1:Key>22,6</d2p1:Key>
            <d2p1:Value>1</d2p1:Value>
          </d2p1:KeyValueOfstringstring>
          <d2p1:KeyValueOfstringstring>
            <d2p1:Key>22,7</d2p1:Key>
            <d2p1:Value>DD000</d2p1:Value>
          </d2p1:KeyValueOfstringstring>
          <d2p1:KeyValueOfstringstring>
            <d2p1:Key>22,8</d2p1:Key>
            <d2p1:Value>test</d2p1:Value>
          </d2p1:KeyValueOfstringstring>
          <d2p1:KeyValueOfstringstring>
            <d2p1:Key>22,9</d2p1:Key>
            <d2p1:Value>ZA20</d2p1:Value>
          </d2p1:KeyValueOfstringstring>
          <d2p1:KeyValueOfstringstring>
            <d2p1:Key>22,10</d2p1:Key>
            <d2p1:Value>ZA10</d2p1:Value>
          </d2p1:KeyValueOfstringstring>
          <d2p1:KeyValueOfstringstring>
            <d2p1:Key>22,11</d2p1:Key>
            <d2p1:Value>ZA20</d2p1:Value>
          </d2p1:KeyValueOfstringstring>
          <d2p1:KeyValueOfstringstring>
            <d2p1:Key>22,12</d2p1:Key>
            <d2p1:Value>ZA10</d2p1:Value>
          </d2p1:KeyValueOfstringstring>
          <d2p1:KeyValueOfstringstring>
            <d2p1:Key>22,13</d2p1:Key>
            <d2p1:Value>TEST STORE 47</d2p1:Value>
          </d2p1:KeyValueOfstringstring>
          <d2p1:KeyValueOfstringstring>
            <d2p1:Key>22,14</d2p1:Key>
            <d2p1:Value>5</d2p1:Value>
          </d2p1:KeyValueOfstringstring>
          <d2p1:KeyValueOfstringstring>
            <d2p1:Key>22,15</d2p1:Key>
            <d2p1:Value>KM</d2p1:Value>
          </d2p1:KeyValueOfstringstring>
          <d2p1:KeyValueOfstringstring>
            <d2p1:Key>22,16</d2p1:Key>
            <d2p1:Value>22</d2p1:Value>
          </d2p1:KeyValueOfstringstring>
          <d2p1:KeyValueOfstringstring>
            <d2p1:Key>22,17</d2p1:Key>
            <d2p1:Value>0</d2p1:Value>
          </d2p1:KeyValueOfstringstring>
          <d2p1:KeyValueOfstringstring>
            <d2p1:Key>23,5</d2p1:Key>
            <d2p1:Value>300000000083</d2p1:Value>
          </d2p1:KeyValueOfstringstring>
          <d2p1:KeyValueOfstringstring>
            <d2p1:Key>23,6</d2p1:Key>
            <d2p1:Value>1</d2p1:Value>
          </d2p1:KeyValueOfstringstring>
          <d2p1:KeyValueOfstringstring>
            <d2p1:Key>23,7</d2p1:Key>
            <d2p1:Value>DD000</d2p1:Value>
          </d2p1:KeyValueOfstringstring>
          <d2p1:KeyValueOfstringstring>
            <d2p1:Key>23,8</d2p1:Key>
            <d2p1:Value>test</d2p1:Value>
          </d2p1:KeyValueOfstringstring>
          <d2p1:KeyValueOfstringstring>
            <d2p1:Key>23,9</d2p1:Key>
            <d2p1:Value>ZA20</d2p1:Value>
          </d2p1:KeyValueOfstringstring>
          <d2p1:KeyValueOfstringstring>
            <d2p1:Key>23,10</d2p1:Key>
            <d2p1:Value>ZA10</d2p1:Value>
          </d2p1:KeyValueOfstringstring>
          <d2p1:KeyValueOfstringstring>
            <d2p1:Key>23,11</d2p1:Key>
            <d2p1:Value>ZA20</d2p1:Value>
          </d2p1:KeyValueOfstringstring>
          <d2p1:KeyValueOfstringstring>
            <d2p1:Key>23,12</d2p1:Key>
            <d2p1:Value>ZA10</d2p1:Value>
          </d2p1:KeyValueOfstringstring>
          <d2p1:KeyValueOfstringstring>
            <d2p1:Key>23,13</d2p1:Key>
            <d2p1:Value>TEST STORE 47</d2p1:Value>
          </d2p1:KeyValueOfstringstring>
          <d2p1:KeyValueOfstringstring>
            <d2p1:Key>23,14</d2p1:Key>
            <d2p1:Value>5</d2p1:Value>
          </d2p1:KeyValueOfstringstring>
          <d2p1:KeyValueOfstringstring>
            <d2p1:Key>23,15</d2p1:Key>
            <d2p1:Value>KM</d2p1:Value>
          </d2p1:KeyValueOfstringstring>
          <d2p1:KeyValueOfstringstring>
            <d2p1:Key>23,16</d2p1:Key>
            <d2p1:Value>22</d2p1:Value>
          </d2p1:KeyValueOfstringstring>
          <d2p1:KeyValueOfstringstring>
            <d2p1:Key>23,17</d2p1:Key>
            <d2p1:Value>0</d2p1:Value>
          </d2p1:KeyValueOfstringstring>
          <d2p1:KeyValueOfstringstring>
            <d2p1:Key>24,5</d2p1:Key>
            <d2p1:Value>300000000083</d2p1:Value>
          </d2p1:KeyValueOfstringstring>
          <d2p1:KeyValueOfstringstring>
            <d2p1:Key>24,6</d2p1:Key>
            <d2p1:Value>1</d2p1:Value>
          </d2p1:KeyValueOfstringstring>
          <d2p1:KeyValueOfstringstring>
            <d2p1:Key>24,7</d2p1:Key>
            <d2p1:Value>DD000</d2p1:Value>
          </d2p1:KeyValueOfstringstring>
          <d2p1:KeyValueOfstringstring>
            <d2p1:Key>24,8</d2p1:Key>
            <d2p1:Value>test</d2p1:Value>
          </d2p1:KeyValueOfstringstring>
          <d2p1:KeyValueOfstringstring>
            <d2p1:Key>24,9</d2p1:Key>
            <d2p1:Value>ZA20</d2p1:Value>
          </d2p1:KeyValueOfstringstring>
          <d2p1:KeyValueOfstringstring>
            <d2p1:Key>24,10</d2p1:Key>
            <d2p1:Value>ZA10</d2p1:Value>
          </d2p1:KeyValueOfstringstring>
          <d2p1:KeyValueOfstringstring>
            <d2p1:Key>24,11</d2p1:Key>
            <d2p1:Value>ZA20</d2p1:Value>
          </d2p1:KeyValueOfstringstring>
          <d2p1:KeyValueOfstringstring>
            <d2p1:Key>24,12</d2p1:Key>
            <d2p1:Value>ZA10</d2p1:Value>
          </d2p1:KeyValueOfstringstring>
          <d2p1:KeyValueOfstringstring>
            <d2p1:Key>24,13</d2p1:Key>
            <d2p1:Value>TEST STORE 47</d2p1:Value>
          </d2p1:KeyValueOfstringstring>
          <d2p1:KeyValueOfstringstring>
            <d2p1:Key>24,14</d2p1:Key>
            <d2p1:Value>5</d2p1:Value>
          </d2p1:KeyValueOfstringstring>
          <d2p1:KeyValueOfstringstring>
            <d2p1:Key>24,15</d2p1:Key>
            <d2p1:Value>KM</d2p1:Value>
          </d2p1:KeyValueOfstringstring>
          <d2p1:KeyValueOfstringstring>
            <d2p1:Key>24,16</d2p1:Key>
            <d2p1:Value>22</d2p1:Value>
          </d2p1:KeyValueOfstringstring>
          <d2p1:KeyValueOfstringstring>
            <d2p1:Key>24,17</d2p1:Key>
            <d2p1:Value>0</d2p1:Value>
          </d2p1:KeyValueOfstringstring>
          <d2p1:KeyValueOfstringstring>
            <d2p1:Key>25,5</d2p1:Key>
            <d2p1:Value>300000000083</d2p1:Value>
          </d2p1:KeyValueOfstringstring>
          <d2p1:KeyValueOfstringstring>
            <d2p1:Key>25,6</d2p1:Key>
            <d2p1:Value>1</d2p1:Value>
          </d2p1:KeyValueOfstringstring>
          <d2p1:KeyValueOfstringstring>
            <d2p1:Key>25,7</d2p1:Key>
            <d2p1:Value>DD000</d2p1:Value>
          </d2p1:KeyValueOfstringstring>
          <d2p1:KeyValueOfstringstring>
            <d2p1:Key>25,8</d2p1:Key>
            <d2p1:Value>test</d2p1:Value>
          </d2p1:KeyValueOfstringstring>
          <d2p1:KeyValueOfstringstring>
            <d2p1:Key>25,9</d2p1:Key>
            <d2p1:Value>ZA20</d2p1:Value>
          </d2p1:KeyValueOfstringstring>
          <d2p1:KeyValueOfstringstring>
            <d2p1:Key>25,10</d2p1:Key>
            <d2p1:Value>ZA10</d2p1:Value>
          </d2p1:KeyValueOfstringstring>
          <d2p1:KeyValueOfstringstring>
            <d2p1:Key>25,11</d2p1:Key>
            <d2p1:Value>ZA20</d2p1:Value>
          </d2p1:KeyValueOfstringstring>
          <d2p1:KeyValueOfstringstring>
            <d2p1:Key>25,12</d2p1:Key>
            <d2p1:Value>ZA10</d2p1:Value>
          </d2p1:KeyValueOfstringstring>
          <d2p1:KeyValueOfstringstring>
            <d2p1:Key>25,13</d2p1:Key>
            <d2p1:Value>TEST STORE 47</d2p1:Value>
          </d2p1:KeyValueOfstringstring>
          <d2p1:KeyValueOfstringstring>
            <d2p1:Key>25,14</d2p1:Key>
            <d2p1:Value>5</d2p1:Value>
          </d2p1:KeyValueOfstringstring>
          <d2p1:KeyValueOfstringstring>
            <d2p1:Key>25,15</d2p1:Key>
            <d2p1:Value>KM</d2p1:Value>
          </d2p1:KeyValueOfstringstring>
          <d2p1:KeyValueOfstringstring>
            <d2p1:Key>25,16</d2p1:Key>
            <d2p1:Value>22</d2p1:Value>
          </d2p1:KeyValueOfstringstring>
          <d2p1:KeyValueOfstringstring>
            <d2p1:Key>25,17</d2p1:Key>
            <d2p1:Value>0</d2p1:Value>
          </d2p1:KeyValueOfstringstring>
          <d2p1:KeyValueOfstringstring>
            <d2p1:Key>26,3</d2p1:Key>
            <d2p1:Value>X</d2p1:Value>
          </d2p1:KeyValueOfstringstring>
          <d2p1:KeyValueOfstringstring>
            <d2p1:Key>26,5</d2p1:Key>
            <d2p1:Value>300000000083</d2p1:Value>
          </d2p1:KeyValueOfstringstring>
          <d2p1:KeyValueOfstringstring>
            <d2p1:Key>26,6</d2p1:Key>
            <d2p1:Value>1</d2p1:Value>
          </d2p1:KeyValueOfstringstring>
          <d2p1:KeyValueOfstringstring>
            <d2p1:Key>26,7</d2p1:Key>
            <d2p1:Value>DD000</d2p1:Value>
          </d2p1:KeyValueOfstringstring>
          <d2p1:KeyValueOfstringstring>
            <d2p1:Key>26,8</d2p1:Key>
            <d2p1:Value>test</d2p1:Value>
          </d2p1:KeyValueOfstringstring>
          <d2p1:KeyValueOfstringstring>
            <d2p1:Key>26,9</d2p1:Key>
            <d2p1:Value>ZA20</d2p1:Value>
          </d2p1:KeyValueOfstringstring>
          <d2p1:KeyValueOfstringstring>
            <d2p1:Key>26,10</d2p1:Key>
            <d2p1:Value>ZA10</d2p1:Value>
          </d2p1:KeyValueOfstringstring>
          <d2p1:KeyValueOfstringstring>
            <d2p1:Key>26,11</d2p1:Key>
            <d2p1:Value>ZA20</d2p1:Value>
          </d2p1:KeyValueOfstringstring>
          <d2p1:KeyValueOfstringstring>
            <d2p1:Key>26,12</d2p1:Key>
            <d2p1:Value>ZA10</d2p1:Value>
          </d2p1:KeyValueOfstringstring>
          <d2p1:KeyValueOfstringstring>
            <d2p1:Key>26,13</d2p1:Key>
            <d2p1:Value>TEST STORE 47</d2p1:Value>
          </d2p1:KeyValueOfstringstring>
          <d2p1:KeyValueOfstringstring>
            <d2p1:Key>26,14</d2p1:Key>
            <d2p1:Value>5</d2p1:Value>
          </d2p1:KeyValueOfstringstring>
          <d2p1:KeyValueOfstringstring>
            <d2p1:Key>26,15</d2p1:Key>
            <d2p1:Value>KM</d2p1:Value>
          </d2p1:KeyValueOfstringstring>
          <d2p1:KeyValueOfstringstring>
            <d2p1:Key>26,16</d2p1:Key>
            <d2p1:Value>22</d2p1:Value>
          </d2p1:KeyValueOfstringstring>
          <d2p1:KeyValueOfstringstring>
            <d2p1:Key>26,17</d2p1:Key>
            <d2p1:Value>0</d2p1:Value>
          </d2p1:KeyValueOfstringstring>
          <d2p1:KeyValueOfstringstring>
            <d2p1:Key>27,5</d2p1:Key>
            <d2p1:Value>300000000083</d2p1:Value>
          </d2p1:KeyValueOfstringstring>
          <d2p1:KeyValueOfstringstring>
            <d2p1:Key>27,6</d2p1:Key>
            <d2p1:Value>1</d2p1:Value>
          </d2p1:KeyValueOfstringstring>
          <d2p1:KeyValueOfstringstring>
            <d2p1:Key>27,7</d2p1:Key>
            <d2p1:Value>DD000</d2p1:Value>
          </d2p1:KeyValueOfstringstring>
          <d2p1:KeyValueOfstringstring>
            <d2p1:Key>27,8</d2p1:Key>
            <d2p1:Value>test</d2p1:Value>
          </d2p1:KeyValueOfstringstring>
          <d2p1:KeyValueOfstringstring>
            <d2p1:Key>27,9</d2p1:Key>
            <d2p1:Value>ZA20</d2p1:Value>
          </d2p1:KeyValueOfstringstring>
          <d2p1:KeyValueOfstringstring>
            <d2p1:Key>27,10</d2p1:Key>
            <d2p1:Value>ZA10</d2p1:Value>
          </d2p1:KeyValueOfstringstring>
          <d2p1:KeyValueOfstringstring>
            <d2p1:Key>27,11</d2p1:Key>
            <d2p1:Value>ZA20</d2p1:Value>
          </d2p1:KeyValueOfstringstring>
          <d2p1:KeyValueOfstringstring>
            <d2p1:Key>27,12</d2p1:Key>
            <d2p1:Value>ZA10</d2p1:Value>
          </d2p1:KeyValueOfstringstring>
          <d2p1:KeyValueOfstringstring>
            <d2p1:Key>27,13</d2p1:Key>
            <d2p1:Value>TEST STORE 47</d2p1:Value>
          </d2p1:KeyValueOfstringstring>
          <d2p1:KeyValueOfstringstring>
            <d2p1:Key>27,14</d2p1:Key>
            <d2p1:Value>5</d2p1:Value>
          </d2p1:KeyValueOfstringstring>
          <d2p1:KeyValueOfstringstring>
            <d2p1:Key>27,15</d2p1:Key>
            <d2p1:Value>KM</d2p1:Value>
          </d2p1:KeyValueOfstringstring>
          <d2p1:KeyValueOfstringstring>
            <d2p1:Key>27,16</d2p1:Key>
            <d2p1:Value>22</d2p1:Value>
          </d2p1:KeyValueOfstringstring>
          <d2p1:KeyValueOfstringstring>
            <d2p1:Key>27,17</d2p1:Key>
            <d2p1:Value>0</d2p1:Value>
          </d2p1:KeyValueOfstringstring>
          <d2p1:KeyValueOfstringstring>
            <d2p1:Key>28,5</d2p1:Key>
            <d2p1:Value>300000000083</d2p1:Value>
          </d2p1:KeyValueOfstringstring>
          <d2p1:KeyValueOfstringstring>
            <d2p1:Key>28,6</d2p1:Key>
            <d2p1:Value>1</d2p1:Value>
          </d2p1:KeyValueOfstringstring>
          <d2p1:KeyValueOfstringstring>
            <d2p1:Key>28,7</d2p1:Key>
            <d2p1:Value>DD000</d2p1:Value>
          </d2p1:KeyValueOfstringstring>
          <d2p1:KeyValueOfstringstring>
            <d2p1:Key>28,8</d2p1:Key>
            <d2p1:Value>test</d2p1:Value>
          </d2p1:KeyValueOfstringstring>
          <d2p1:KeyValueOfstringstring>
            <d2p1:Key>28,9</d2p1:Key>
            <d2p1:Value>ZA20</d2p1:Value>
          </d2p1:KeyValueOfstringstring>
          <d2p1:KeyValueOfstringstring>
            <d2p1:Key>28,10</d2p1:Key>
            <d2p1:Value>ZA10</d2p1:Value>
          </d2p1:KeyValueOfstringstring>
          <d2p1:KeyValueOfstringstring>
            <d2p1:Key>28,11</d2p1:Key>
            <d2p1:Value>ZA20</d2p1:Value>
          </d2p1:KeyValueOfstringstring>
          <d2p1:KeyValueOfstringstring>
            <d2p1:Key>28,12</d2p1:Key>
            <d2p1:Value>ZA10</d2p1:Value>
          </d2p1:KeyValueOfstringstring>
          <d2p1:KeyValueOfstringstring>
            <d2p1:Key>28,13</d2p1:Key>
            <d2p1:Value>TEST STORE 47</d2p1:Value>
          </d2p1:KeyValueOfstringstring>
          <d2p1:KeyValueOfstringstring>
            <d2p1:Key>28,14</d2p1:Key>
            <d2p1:Value>5</d2p1:Value>
          </d2p1:KeyValueOfstringstring>
          <d2p1:KeyValueOfstringstring>
            <d2p1:Key>28,15</d2p1:Key>
            <d2p1:Value>KM</d2p1:Value>
          </d2p1:KeyValueOfstringstring>
          <d2p1:KeyValueOfstringstring>
            <d2p1:Key>28,16</d2p1:Key>
            <d2p1:Value>22</d2p1:Value>
          </d2p1:KeyValueOfstringstring>
          <d2p1:KeyValueOfstringstring>
            <d2p1:Key>28,17</d2p1:Key>
            <d2p1:Value>0</d2p1:Value>
          </d2p1:KeyValueOfstringstring>
          <d2p1:KeyValueOfstringstring>
            <d2p1:Key>29,5</d2p1:Key>
            <d2p1:Value>300000000083</d2p1:Value>
          </d2p1:KeyValueOfstringstring>
          <d2p1:KeyValueOfstringstring>
            <d2p1:Key>29,6</d2p1:Key>
            <d2p1:Value>1</d2p1:Value>
          </d2p1:KeyValueOfstringstring>
          <d2p1:KeyValueOfstringstring>
            <d2p1:Key>29,7</d2p1:Key>
            <d2p1:Value>DD000</d2p1:Value>
          </d2p1:KeyValueOfstringstring>
          <d2p1:KeyValueOfstringstring>
            <d2p1:Key>29,8</d2p1:Key>
            <d2p1:Value>test</d2p1:Value>
          </d2p1:KeyValueOfstringstring>
          <d2p1:KeyValueOfstringstring>
            <d2p1:Key>29,9</d2p1:Key>
            <d2p1:Value>ZA20</d2p1:Value>
          </d2p1:KeyValueOfstringstring>
          <d2p1:KeyValueOfstringstring>
            <d2p1:Key>29,10</d2p1:Key>
            <d2p1:Value>ZA10</d2p1:Value>
          </d2p1:KeyValueOfstringstring>
          <d2p1:KeyValueOfstringstring>
            <d2p1:Key>29,11</d2p1:Key>
            <d2p1:Value>ZA20</d2p1:Value>
          </d2p1:KeyValueOfstringstring>
          <d2p1:KeyValueOfstringstring>
            <d2p1:Key>29,12</d2p1:Key>
            <d2p1:Value>ZA10</d2p1:Value>
          </d2p1:KeyValueOfstringstring>
          <d2p1:KeyValueOfstringstring>
            <d2p1:Key>29,13</d2p1:Key>
            <d2p1:Value>TEST STORE 47</d2p1:Value>
          </d2p1:KeyValueOfstringstring>
          <d2p1:KeyValueOfstringstring>
            <d2p1:Key>29,14</d2p1:Key>
            <d2p1:Value>5</d2p1:Value>
          </d2p1:KeyValueOfstringstring>
          <d2p1:KeyValueOfstringstring>
            <d2p1:Key>29,15</d2p1:Key>
            <d2p1:Value>KM</d2p1:Value>
          </d2p1:KeyValueOfstringstring>
          <d2p1:KeyValueOfstringstring>
            <d2p1:Key>29,16</d2p1:Key>
            <d2p1:Value>22</d2p1:Value>
          </d2p1:KeyValueOfstringstring>
          <d2p1:KeyValueOfstringstring>
            <d2p1:Key>29,17</d2p1:Key>
            <d2p1:Value>0</d2p1:Value>
          </d2p1:KeyValueOfstringstring>
          <d2p1:KeyValueOfstringstring>
            <d2p1:Key>30,5</d2p1:Key>
            <d2p1:Value>300000000083</d2p1:Value>
          </d2p1:KeyValueOfstringstring>
          <d2p1:KeyValueOfstringstring>
            <d2p1:Key>30,6</d2p1:Key>
            <d2p1:Value>1</d2p1:Value>
          </d2p1:KeyValueOfstringstring>
          <d2p1:KeyValueOfstringstring>
            <d2p1:Key>30,7</d2p1:Key>
            <d2p1:Value>DD000</d2p1:Value>
          </d2p1:KeyValueOfstringstring>
          <d2p1:KeyValueOfstringstring>
            <d2p1:Key>30,8</d2p1:Key>
            <d2p1:Value>test</d2p1:Value>
          </d2p1:KeyValueOfstringstring>
          <d2p1:KeyValueOfstringstring>
            <d2p1:Key>30,9</d2p1:Key>
            <d2p1:Value>ZA20</d2p1:Value>
          </d2p1:KeyValueOfstringstring>
          <d2p1:KeyValueOfstringstring>
            <d2p1:Key>30,10</d2p1:Key>
            <d2p1:Value>ZA10</d2p1:Value>
          </d2p1:KeyValueOfstringstring>
          <d2p1:KeyValueOfstringstring>
            <d2p1:Key>30,11</d2p1:Key>
            <d2p1:Value>ZA20</d2p1:Value>
          </d2p1:KeyValueOfstringstring>
          <d2p1:KeyValueOfstringstring>
            <d2p1:Key>30,12</d2p1:Key>
            <d2p1:Value>ZA10</d2p1:Value>
          </d2p1:KeyValueOfstringstring>
          <d2p1:KeyValueOfstringstring>
            <d2p1:Key>30,13</d2p1:Key>
            <d2p1:Value>TEST STORE 47</d2p1:Value>
          </d2p1:KeyValueOfstringstring>
          <d2p1:KeyValueOfstringstring>
            <d2p1:Key>30,14</d2p1:Key>
            <d2p1:Value>5</d2p1:Value>
          </d2p1:KeyValueOfstringstring>
          <d2p1:KeyValueOfstringstring>
            <d2p1:Key>30,15</d2p1:Key>
            <d2p1:Value>KM</d2p1:Value>
          </d2p1:KeyValueOfstringstring>
          <d2p1:KeyValueOfstringstring>
            <d2p1:Key>30,16</d2p1:Key>
            <d2p1:Value>22</d2p1:Value>
          </d2p1:KeyValueOfstringstring>
          <d2p1:KeyValueOfstringstring>
            <d2p1:Key>30,17</d2p1:Key>
            <d2p1:Value>0</d2p1:Value>
          </d2p1:KeyValueOfstringstring>
          <d2p1:KeyValueOfstringstring>
            <d2p1:Key>31,5</d2p1:Key>
            <d2p1:Value>300000000083</d2p1:Value>
          </d2p1:KeyValueOfstringstring>
          <d2p1:KeyValueOfstringstring>
            <d2p1:Key>31,6</d2p1:Key>
            <d2p1:Value>1</d2p1:Value>
          </d2p1:KeyValueOfstringstring>
          <d2p1:KeyValueOfstringstring>
            <d2p1:Key>31,7</d2p1:Key>
            <d2p1:Value>DD000</d2p1:Value>
          </d2p1:KeyValueOfstringstring>
          <d2p1:KeyValueOfstringstring>
            <d2p1:Key>31,8</d2p1:Key>
            <d2p1:Value>test</d2p1:Value>
          </d2p1:KeyValueOfstringstring>
          <d2p1:KeyValueOfstringstring>
            <d2p1:Key>31,9</d2p1:Key>
            <d2p1:Value>ZA20</d2p1:Value>
          </d2p1:KeyValueOfstringstring>
          <d2p1:KeyValueOfstringstring>
            <d2p1:Key>31,10</d2p1:Key>
            <d2p1:Value>ZA10</d2p1:Value>
          </d2p1:KeyValueOfstringstring>
          <d2p1:KeyValueOfstringstring>
            <d2p1:Key>31,11</d2p1:Key>
            <d2p1:Value>ZA20</d2p1:Value>
          </d2p1:KeyValueOfstringstring>
          <d2p1:KeyValueOfstringstring>
            <d2p1:Key>31,12</d2p1:Key>
            <d2p1:Value>ZA10</d2p1:Value>
          </d2p1:KeyValueOfstringstring>
          <d2p1:KeyValueOfstringstring>
            <d2p1:Key>31,13</d2p1:Key>
            <d2p1:Value>TEST STORE 47</d2p1:Value>
          </d2p1:KeyValueOfstringstring>
          <d2p1:KeyValueOfstringstring>
            <d2p1:Key>31,14</d2p1:Key>
            <d2p1:Value>5</d2p1:Value>
          </d2p1:KeyValueOfstringstring>
          <d2p1:KeyValueOfstringstring>
            <d2p1:Key>31,15</d2p1:Key>
            <d2p1:Value>KM</d2p1:Value>
          </d2p1:KeyValueOfstringstring>
          <d2p1:KeyValueOfstringstring>
            <d2p1:Key>31,16</d2p1:Key>
            <d2p1:Value>22</d2p1:Value>
          </d2p1:KeyValueOfstringstring>
          <d2p1:KeyValueOfstringstring>
            <d2p1:Key>31,17</d2p1:Key>
            <d2p1:Value>0</d2p1:Value>
          </d2p1:KeyValueOfstringstring>
          <d2p1:KeyValueOfstringstring>
            <d2p1:Key>32,5</d2p1:Key>
            <d2p1:Value>300000000083</d2p1:Value>
          </d2p1:KeyValueOfstringstring>
          <d2p1:KeyValueOfstringstring>
            <d2p1:Key>32,6</d2p1:Key>
            <d2p1:Value>1</d2p1:Value>
          </d2p1:KeyValueOfstringstring>
          <d2p1:KeyValueOfstringstring>
            <d2p1:Key>32,7</d2p1:Key>
            <d2p1:Value>DD000</d2p1:Value>
          </d2p1:KeyValueOfstringstring>
          <d2p1:KeyValueOfstringstring>
            <d2p1:Key>32,8</d2p1:Key>
            <d2p1:Value>test</d2p1:Value>
          </d2p1:KeyValueOfstringstring>
          <d2p1:KeyValueOfstringstring>
            <d2p1:Key>32,9</d2p1:Key>
            <d2p1:Value>ZA20</d2p1:Value>
          </d2p1:KeyValueOfstringstring>
          <d2p1:KeyValueOfstringstring>
            <d2p1:Key>32,10</d2p1:Key>
            <d2p1:Value>ZA10</d2p1:Value>
          </d2p1:KeyValueOfstringstring>
          <d2p1:KeyValueOfstringstring>
            <d2p1:Key>32,11</d2p1:Key>
            <d2p1:Value>ZA20</d2p1:Value>
          </d2p1:KeyValueOfstringstring>
          <d2p1:KeyValueOfstringstring>
            <d2p1:Key>32,12</d2p1:Key>
            <d2p1:Value>ZA10</d2p1:Value>
          </d2p1:KeyValueOfstringstring>
          <d2p1:KeyValueOfstringstring>
            <d2p1:Key>32,13</d2p1:Key>
            <d2p1:Value>TEST STORE 47</d2p1:Value>
          </d2p1:KeyValueOfstringstring>
          <d2p1:KeyValueOfstringstring>
            <d2p1:Key>32,14</d2p1:Key>
            <d2p1:Value>5</d2p1:Value>
          </d2p1:KeyValueOfstringstring>
          <d2p1:KeyValueOfstringstring>
            <d2p1:Key>32,15</d2p1:Key>
            <d2p1:Value>KM</d2p1:Value>
          </d2p1:KeyValueOfstringstring>
          <d2p1:KeyValueOfstringstring>
            <d2p1:Key>32,16</d2p1:Key>
            <d2p1:Value>22</d2p1:Value>
          </d2p1:KeyValueOfstringstring>
          <d2p1:KeyValueOfstringstring>
            <d2p1:Key>32,17</d2p1:Key>
            <d2p1:Value>0</d2p1:Value>
          </d2p1:KeyValueOfstringstring>
          <d2p1:KeyValueOfstringstring>
            <d2p1:Key>33,3</d2p1:Key>
            <d2p1:Value>X</d2p1:Value>
          </d2p1:KeyValueOfstringstring>
          <d2p1:KeyValueOfstringstring>
            <d2p1:Key>33,5</d2p1:Key>
            <d2p1:Value>300000000083</d2p1:Value>
          </d2p1:KeyValueOfstringstring>
          <d2p1:KeyValueOfstringstring>
            <d2p1:Key>33,6</d2p1:Key>
            <d2p1:Value>1</d2p1:Value>
          </d2p1:KeyValueOfstringstring>
          <d2p1:KeyValueOfstringstring>
            <d2p1:Key>33,7</d2p1:Key>
            <d2p1:Value>DD000</d2p1:Value>
          </d2p1:KeyValueOfstringstring>
          <d2p1:KeyValueOfstringstring>
            <d2p1:Key>33,8</d2p1:Key>
            <d2p1:Value>test</d2p1:Value>
          </d2p1:KeyValueOfstringstring>
          <d2p1:KeyValueOfstringstring>
            <d2p1:Key>33,9</d2p1:Key>
            <d2p1:Value>ZA20</d2p1:Value>
          </d2p1:KeyValueOfstringstring>
          <d2p1:KeyValueOfstringstring>
            <d2p1:Key>33,10</d2p1:Key>
            <d2p1:Value>ZA10</d2p1:Value>
          </d2p1:KeyValueOfstringstring>
          <d2p1:KeyValueOfstringstring>
            <d2p1:Key>33,11</d2p1:Key>
            <d2p1:Value>ZA20</d2p1:Value>
          </d2p1:KeyValueOfstringstring>
          <d2p1:KeyValueOfstringstring>
            <d2p1:Key>33,12</d2p1:Key>
            <d2p1:Value>ZA10</d2p1:Value>
          </d2p1:KeyValueOfstringstring>
          <d2p1:KeyValueOfstringstring>
            <d2p1:Key>33,13</d2p1:Key>
            <d2p1:Value>TEST STORE 47</d2p1:Value>
          </d2p1:KeyValueOfstringstring>
          <d2p1:KeyValueOfstringstring>
            <d2p1:Key>33,14</d2p1:Key>
            <d2p1:Value>5</d2p1:Value>
          </d2p1:KeyValueOfstringstring>
          <d2p1:KeyValueOfstringstring>
            <d2p1:Key>33,15</d2p1:Key>
            <d2p1:Value>KM</d2p1:Value>
          </d2p1:KeyValueOfstringstring>
          <d2p1:KeyValueOfstringstring>
            <d2p1:Key>33,16</d2p1:Key>
            <d2p1:Value>22</d2p1:Value>
          </d2p1:KeyValueOfstringstring>
          <d2p1:KeyValueOfstringstring>
            <d2p1:Key>33,17</d2p1:Key>
            <d2p1:Value>0</d2p1:Value>
          </d2p1:KeyValueOfstringstring>
          <d2p1:KeyValueOfstringstring>
            <d2p1:Key>34,5</d2p1:Key>
            <d2p1:Value>300000000083</d2p1:Value>
          </d2p1:KeyValueOfstringstring>
          <d2p1:KeyValueOfstringstring>
            <d2p1:Key>34,6</d2p1:Key>
            <d2p1:Value>1</d2p1:Value>
          </d2p1:KeyValueOfstringstring>
          <d2p1:KeyValueOfstringstring>
            <d2p1:Key>34,7</d2p1:Key>
            <d2p1:Value>DD000</d2p1:Value>
          </d2p1:KeyValueOfstringstring>
          <d2p1:KeyValueOfstringstring>
            <d2p1:Key>34,8</d2p1:Key>
            <d2p1:Value>test</d2p1:Value>
          </d2p1:KeyValueOfstringstring>
          <d2p1:KeyValueOfstringstring>
            <d2p1:Key>34,9</d2p1:Key>
            <d2p1:Value>ZA20</d2p1:Value>
          </d2p1:KeyValueOfstringstring>
          <d2p1:KeyValueOfstringstring>
            <d2p1:Key>34,10</d2p1:Key>
            <d2p1:Value>ZA10</d2p1:Value>
          </d2p1:KeyValueOfstringstring>
          <d2p1:KeyValueOfstringstring>
            <d2p1:Key>34,11</d2p1:Key>
            <d2p1:Value>ZA20</d2p1:Value>
          </d2p1:KeyValueOfstringstring>
          <d2p1:KeyValueOfstringstring>
            <d2p1:Key>34,12</d2p1:Key>
            <d2p1:Value>ZA10</d2p1:Value>
          </d2p1:KeyValueOfstringstring>
          <d2p1:KeyValueOfstringstring>
            <d2p1:Key>34,13</d2p1:Key>
            <d2p1:Value>TEST STORE 47</d2p1:Value>
          </d2p1:KeyValueOfstringstring>
          <d2p1:KeyValueOfstringstring>
            <d2p1:Key>34,14</d2p1:Key>
            <d2p1:Value>5</d2p1:Value>
          </d2p1:KeyValueOfstringstring>
          <d2p1:KeyValueOfstringstring>
            <d2p1:Key>34,15</d2p1:Key>
            <d2p1:Value>KM</d2p1:Value>
          </d2p1:KeyValueOfstringstring>
          <d2p1:KeyValueOfstringstring>
            <d2p1:Key>34,16</d2p1:Key>
            <d2p1:Value>22</d2p1:Value>
          </d2p1:KeyValueOfstringstring>
          <d2p1:KeyValueOfstringstring>
            <d2p1:Key>34,17</d2p1:Key>
            <d2p1:Value>0</d2p1:Value>
          </d2p1:KeyValueOfstringstring>
          <d2p1:KeyValueOfstringstring>
            <d2p1:Key>35,5</d2p1:Key>
            <d2p1:Value>300000000083</d2p1:Value>
          </d2p1:KeyValueOfstringstring>
          <d2p1:KeyValueOfstringstring>
            <d2p1:Key>35,6</d2p1:Key>
            <d2p1:Value>1</d2p1:Value>
          </d2p1:KeyValueOfstringstring>
          <d2p1:KeyValueOfstringstring>
            <d2p1:Key>35,7</d2p1:Key>
            <d2p1:Value>DD000</d2p1:Value>
          </d2p1:KeyValueOfstringstring>
          <d2p1:KeyValueOfstringstring>
            <d2p1:Key>35,8</d2p1:Key>
            <d2p1:Value>test</d2p1:Value>
          </d2p1:KeyValueOfstringstring>
          <d2p1:KeyValueOfstringstring>
            <d2p1:Key>35,9</d2p1:Key>
            <d2p1:Value>ZA20</d2p1:Value>
          </d2p1:KeyValueOfstringstring>
          <d2p1:KeyValueOfstringstring>
            <d2p1:Key>35,10</d2p1:Key>
            <d2p1:Value>ZA10</d2p1:Value>
          </d2p1:KeyValueOfstringstring>
          <d2p1:KeyValueOfstringstring>
            <d2p1:Key>35,11</d2p1:Key>
            <d2p1:Value>ZA20</d2p1:Value>
          </d2p1:KeyValueOfstringstring>
          <d2p1:KeyValueOfstringstring>
            <d2p1:Key>35,12</d2p1:Key>
            <d2p1:Value>ZA10</d2p1:Value>
          </d2p1:KeyValueOfstringstring>
          <d2p1:KeyValueOfstringstring>
            <d2p1:Key>35,13</d2p1:Key>
            <d2p1:Value>TEST STORE 47</d2p1:Value>
          </d2p1:KeyValueOfstringstring>
          <d2p1:KeyValueOfstringstring>
            <d2p1:Key>35,14</d2p1:Key>
            <d2p1:Value>5</d2p1:Value>
          </d2p1:KeyValueOfstringstring>
          <d2p1:KeyValueOfstringstring>
            <d2p1:Key>35,15</d2p1:Key>
            <d2p1:Value>KM</d2p1:Value>
          </d2p1:KeyValueOfstringstring>
          <d2p1:KeyValueOfstringstring>
            <d2p1:Key>35,16</d2p1:Key>
            <d2p1:Value>22</d2p1:Value>
          </d2p1:KeyValueOfstringstring>
          <d2p1:KeyValueOfstringstring>
            <d2p1:Key>35,17</d2p1:Key>
            <d2p1:Value>0</d2p1:Value>
          </d2p1:KeyValueOfstringstring>
          <d2p1:KeyValueOfstringstring>
            <d2p1:Key>36,5</d2p1:Key>
            <d2p1:Value>300000000083</d2p1:Value>
          </d2p1:KeyValueOfstringstring>
          <d2p1:KeyValueOfstringstring>
            <d2p1:Key>36,6</d2p1:Key>
            <d2p1:Value>1</d2p1:Value>
          </d2p1:KeyValueOfstringstring>
          <d2p1:KeyValueOfstringstring>
            <d2p1:Key>36,7</d2p1:Key>
            <d2p1:Value>DD000</d2p1:Value>
          </d2p1:KeyValueOfstringstring>
          <d2p1:KeyValueOfstringstring>
            <d2p1:Key>36,8</d2p1:Key>
            <d2p1:Value>test</d2p1:Value>
          </d2p1:KeyValueOfstringstring>
          <d2p1:KeyValueOfstringstring>
            <d2p1:Key>36,9</d2p1:Key>
            <d2p1:Value>ZA20</d2p1:Value>
          </d2p1:KeyValueOfstringstring>
          <d2p1:KeyValueOfstringstring>
            <d2p1:Key>36,10</d2p1:Key>
            <d2p1:Value>ZA10</d2p1:Value>
          </d2p1:KeyValueOfstringstring>
          <d2p1:KeyValueOfstringstring>
            <d2p1:Key>36,11</d2p1:Key>
            <d2p1:Value>ZA20</d2p1:Value>
          </d2p1:KeyValueOfstringstring>
          <d2p1:KeyValueOfstringstring>
            <d2p1:Key>36,12</d2p1:Key>
            <d2p1:Value>ZA10</d2p1:Value>
          </d2p1:KeyValueOfstringstring>
          <d2p1:KeyValueOfstringstring>
            <d2p1:Key>36,13</d2p1:Key>
            <d2p1:Value>TEST STORE 47</d2p1:Value>
          </d2p1:KeyValueOfstringstring>
          <d2p1:KeyValueOfstringstring>
            <d2p1:Key>36,14</d2p1:Key>
            <d2p1:Value>5</d2p1:Value>
          </d2p1:KeyValueOfstringstring>
          <d2p1:KeyValueOfstringstring>
            <d2p1:Key>36,15</d2p1:Key>
            <d2p1:Value>KM</d2p1:Value>
          </d2p1:KeyValueOfstringstring>
          <d2p1:KeyValueOfstringstring>
            <d2p1:Key>36,16</d2p1:Key>
            <d2p1:Value>22</d2p1:Value>
          </d2p1:KeyValueOfstringstring>
          <d2p1:KeyValueOfstringstring>
            <d2p1:Key>36,17</d2p1:Key>
            <d2p1:Value>0</d2p1:Value>
          </d2p1:KeyValueOfstringstring>
          <d2p1:KeyValueOfstringstring>
            <d2p1:Key>37,5</d2p1:Key>
            <d2p1:Value>300000000083</d2p1:Value>
          </d2p1:KeyValueOfstringstring>
          <d2p1:KeyValueOfstringstring>
            <d2p1:Key>37,6</d2p1:Key>
            <d2p1:Value>1</d2p1:Value>
          </d2p1:KeyValueOfstringstring>
          <d2p1:KeyValueOfstringstring>
            <d2p1:Key>37,7</d2p1:Key>
            <d2p1:Value>DD000</d2p1:Value>
          </d2p1:KeyValueOfstringstring>
          <d2p1:KeyValueOfstringstring>
            <d2p1:Key>37,8</d2p1:Key>
            <d2p1:Value>test</d2p1:Value>
          </d2p1:KeyValueOfstringstring>
          <d2p1:KeyValueOfstringstring>
            <d2p1:Key>37,9</d2p1:Key>
            <d2p1:Value>ZA20</d2p1:Value>
          </d2p1:KeyValueOfstringstring>
          <d2p1:KeyValueOfstringstring>
            <d2p1:Key>37,10</d2p1:Key>
            <d2p1:Value>ZA10</d2p1:Value>
          </d2p1:KeyValueOfstringstring>
          <d2p1:KeyValueOfstringstring>
            <d2p1:Key>37,11</d2p1:Key>
            <d2p1:Value>ZA20</d2p1:Value>
          </d2p1:KeyValueOfstringstring>
          <d2p1:KeyValueOfstringstring>
            <d2p1:Key>37,12</d2p1:Key>
            <d2p1:Value>ZA10</d2p1:Value>
          </d2p1:KeyValueOfstringstring>
          <d2p1:KeyValueOfstringstring>
            <d2p1:Key>37,13</d2p1:Key>
            <d2p1:Value>TEST STORE 47</d2p1:Value>
          </d2p1:KeyValueOfstringstring>
          <d2p1:KeyValueOfstringstring>
            <d2p1:Key>37,14</d2p1:Key>
            <d2p1:Value>5</d2p1:Value>
          </d2p1:KeyValueOfstringstring>
          <d2p1:KeyValueOfstringstring>
            <d2p1:Key>37,15</d2p1:Key>
            <d2p1:Value>KM</d2p1:Value>
          </d2p1:KeyValueOfstringstring>
          <d2p1:KeyValueOfstringstring>
            <d2p1:Key>37,16</d2p1:Key>
            <d2p1:Value>22</d2p1:Value>
          </d2p1:KeyValueOfstringstring>
          <d2p1:KeyValueOfstringstring>
            <d2p1:Key>37,17</d2p1:Key>
            <d2p1:Value>0</d2p1:Value>
          </d2p1:KeyValueOfstringstring>
          <d2p1:KeyValueOfstringstring>
            <d2p1:Key>38,5</d2p1:Key>
            <d2p1:Value>300000000083</d2p1:Value>
          </d2p1:KeyValueOfstringstring>
          <d2p1:KeyValueOfstringstring>
            <d2p1:Key>38,6</d2p1:Key>
            <d2p1:Value>1</d2p1:Value>
          </d2p1:KeyValueOfstringstring>
          <d2p1:KeyValueOfstringstring>
            <d2p1:Key>38,7</d2p1:Key>
            <d2p1:Value>DD000</d2p1:Value>
          </d2p1:KeyValueOfstringstring>
          <d2p1:KeyValueOfstringstring>
            <d2p1:Key>38,8</d2p1:Key>
            <d2p1:Value>test</d2p1:Value>
          </d2p1:KeyValueOfstringstring>
          <d2p1:KeyValueOfstringstring>
            <d2p1:Key>38,9</d2p1:Key>
            <d2p1:Value>ZA20</d2p1:Value>
          </d2p1:KeyValueOfstringstring>
          <d2p1:KeyValueOfstringstring>
            <d2p1:Key>38,10</d2p1:Key>
            <d2p1:Value>ZA10</d2p1:Value>
          </d2p1:KeyValueOfstringstring>
          <d2p1:KeyValueOfstringstring>
            <d2p1:Key>38,11</d2p1:Key>
            <d2p1:Value>ZA20</d2p1:Value>
          </d2p1:KeyValueOfstringstring>
          <d2p1:KeyValueOfstringstring>
            <d2p1:Key>38,12</d2p1:Key>
            <d2p1:Value>ZA10</d2p1:Value>
          </d2p1:KeyValueOfstringstring>
          <d2p1:KeyValueOfstringstring>
            <d2p1:Key>38,13</d2p1:Key>
            <d2p1:Value>TEST STORE 47</d2p1:Value>
          </d2p1:KeyValueOfstringstring>
          <d2p1:KeyValueOfstringstring>
            <d2p1:Key>38,14</d2p1:Key>
            <d2p1:Value>5</d2p1:Value>
          </d2p1:KeyValueOfstringstring>
          <d2p1:KeyValueOfstringstring>
            <d2p1:Key>38,15</d2p1:Key>
            <d2p1:Value>KM</d2p1:Value>
          </d2p1:KeyValueOfstringstring>
          <d2p1:KeyValueOfstringstring>
            <d2p1:Key>38,16</d2p1:Key>
            <d2p1:Value>22</d2p1:Value>
          </d2p1:KeyValueOfstringstring>
          <d2p1:KeyValueOfstringstring>
            <d2p1:Key>38,17</d2p1:Key>
            <d2p1:Value>0</d2p1:Value>
          </d2p1:KeyValueOfstringstring>
          <d2p1:KeyValueOfstringstring>
            <d2p1:Key>39,5</d2p1:Key>
            <d2p1:Value>300000000083</d2p1:Value>
          </d2p1:KeyValueOfstringstring>
          <d2p1:KeyValueOfstringstring>
            <d2p1:Key>39,6</d2p1:Key>
            <d2p1:Value>1</d2p1:Value>
          </d2p1:KeyValueOfstringstring>
          <d2p1:KeyValueOfstringstring>
            <d2p1:Key>39,7</d2p1:Key>
            <d2p1:Value>DD000</d2p1:Value>
          </d2p1:KeyValueOfstringstring>
          <d2p1:KeyValueOfstringstring>
            <d2p1:Key>39,8</d2p1:Key>
            <d2p1:Value>test</d2p1:Value>
          </d2p1:KeyValueOfstringstring>
          <d2p1:KeyValueOfstringstring>
            <d2p1:Key>39,9</d2p1:Key>
            <d2p1:Value>ZA20</d2p1:Value>
          </d2p1:KeyValueOfstringstring>
          <d2p1:KeyValueOfstringstring>
            <d2p1:Key>39,10</d2p1:Key>
            <d2p1:Value>ZA10</d2p1:Value>
          </d2p1:KeyValueOfstringstring>
          <d2p1:KeyValueOfstringstring>
            <d2p1:Key>39,11</d2p1:Key>
            <d2p1:Value>ZA20</d2p1:Value>
          </d2p1:KeyValueOfstringstring>
          <d2p1:KeyValueOfstringstring>
            <d2p1:Key>39,12</d2p1:Key>
            <d2p1:Value>ZA10</d2p1:Value>
          </d2p1:KeyValueOfstringstring>
          <d2p1:KeyValueOfstringstring>
            <d2p1:Key>39,13</d2p1:Key>
            <d2p1:Value>TEST STORE 47</d2p1:Value>
          </d2p1:KeyValueOfstringstring>
          <d2p1:KeyValueOfstringstring>
            <d2p1:Key>39,14</d2p1:Key>
            <d2p1:Value>5</d2p1:Value>
          </d2p1:KeyValueOfstringstring>
          <d2p1:KeyValueOfstringstring>
            <d2p1:Key>39,15</d2p1:Key>
            <d2p1:Value>KM</d2p1:Value>
          </d2p1:KeyValueOfstringstring>
          <d2p1:KeyValueOfstringstring>
            <d2p1:Key>39,16</d2p1:Key>
            <d2p1:Value>22</d2p1:Value>
          </d2p1:KeyValueOfstringstring>
          <d2p1:KeyValueOfstringstring>
            <d2p1:Key>39,17</d2p1:Key>
            <d2p1:Value>0</d2p1:Value>
          </d2p1:KeyValueOfstringstring>
          <d2p1:KeyValueOfstringstring>
            <d2p1:Key>40,5</d2p1:Key>
            <d2p1:Value>300000000083</d2p1:Value>
          </d2p1:KeyValueOfstringstring>
          <d2p1:KeyValueOfstringstring>
            <d2p1:Key>40,6</d2p1:Key>
            <d2p1:Value>1</d2p1:Value>
          </d2p1:KeyValueOfstringstring>
          <d2p1:KeyValueOfstringstring>
            <d2p1:Key>40,7</d2p1:Key>
            <d2p1:Value>DD000</d2p1:Value>
          </d2p1:KeyValueOfstringstring>
          <d2p1:KeyValueOfstringstring>
            <d2p1:Key>40,8</d2p1:Key>
            <d2p1:Value>test</d2p1:Value>
          </d2p1:KeyValueOfstringstring>
          <d2p1:KeyValueOfstringstring>
            <d2p1:Key>40,9</d2p1:Key>
            <d2p1:Value>ZA20</d2p1:Value>
          </d2p1:KeyValueOfstringstring>
          <d2p1:KeyValueOfstringstring>
            <d2p1:Key>40,10</d2p1:Key>
            <d2p1:Value>ZA10</d2p1:Value>
          </d2p1:KeyValueOfstringstring>
          <d2p1:KeyValueOfstringstring>
            <d2p1:Key>40,11</d2p1:Key>
            <d2p1:Value>ZA20</d2p1:Value>
          </d2p1:KeyValueOfstringstring>
          <d2p1:KeyValueOfstringstring>
            <d2p1:Key>40,12</d2p1:Key>
            <d2p1:Value>ZA10</d2p1:Value>
          </d2p1:KeyValueOfstringstring>
          <d2p1:KeyValueOfstringstring>
            <d2p1:Key>40,13</d2p1:Key>
            <d2p1:Value>TEST STORE 47</d2p1:Value>
          </d2p1:KeyValueOfstringstring>
          <d2p1:KeyValueOfstringstring>
            <d2p1:Key>40,14</d2p1:Key>
            <d2p1:Value>5</d2p1:Value>
          </d2p1:KeyValueOfstringstring>
          <d2p1:KeyValueOfstringstring>
            <d2p1:Key>40,15</d2p1:Key>
            <d2p1:Value>KM</d2p1:Value>
          </d2p1:KeyValueOfstringstring>
          <d2p1:KeyValueOfstringstring>
            <d2p1:Key>40,16</d2p1:Key>
            <d2p1:Value>22</d2p1:Value>
          </d2p1:KeyValueOfstringstring>
          <d2p1:KeyValueOfstringstring>
            <d2p1:Key>40,17</d2p1:Key>
            <d2p1:Value>0</d2p1:Value>
          </d2p1:KeyValueOfstringstring>
          <d2p1:KeyValueOfstringstring>
            <d2p1:Key>41,5</d2p1:Key>
            <d2p1:Value>300000000083</d2p1:Value>
          </d2p1:KeyValueOfstringstring>
          <d2p1:KeyValueOfstringstring>
            <d2p1:Key>41,6</d2p1:Key>
            <d2p1:Value>1</d2p1:Value>
          </d2p1:KeyValueOfstringstring>
          <d2p1:KeyValueOfstringstring>
            <d2p1:Key>41,7</d2p1:Key>
            <d2p1:Value>DD000</d2p1:Value>
          </d2p1:KeyValueOfstringstring>
          <d2p1:KeyValueOfstringstring>
            <d2p1:Key>41,8</d2p1:Key>
            <d2p1:Value>test</d2p1:Value>
          </d2p1:KeyValueOfstringstring>
          <d2p1:KeyValueOfstringstring>
            <d2p1:Key>41,9</d2p1:Key>
            <d2p1:Value>ZA20</d2p1:Value>
          </d2p1:KeyValueOfstringstring>
          <d2p1:KeyValueOfstringstring>
            <d2p1:Key>41,10</d2p1:Key>
            <d2p1:Value>ZA10</d2p1:Value>
          </d2p1:KeyValueOfstringstring>
          <d2p1:KeyValueOfstringstring>
            <d2p1:Key>41,11</d2p1:Key>
            <d2p1:Value>ZA20</d2p1:Value>
          </d2p1:KeyValueOfstringstring>
          <d2p1:KeyValueOfstringstring>
            <d2p1:Key>41,12</d2p1:Key>
            <d2p1:Value>ZA10</d2p1:Value>
          </d2p1:KeyValueOfstringstring>
          <d2p1:KeyValueOfstringstring>
            <d2p1:Key>41,13</d2p1:Key>
            <d2p1:Value>TEST STORE 47</d2p1:Value>
          </d2p1:KeyValueOfstringstring>
          <d2p1:KeyValueOfstringstring>
            <d2p1:Key>41,14</d2p1:Key>
            <d2p1:Value>5</d2p1:Value>
          </d2p1:KeyValueOfstringstring>
          <d2p1:KeyValueOfstringstring>
            <d2p1:Key>41,15</d2p1:Key>
            <d2p1:Value>KM</d2p1:Value>
          </d2p1:KeyValueOfstringstring>
          <d2p1:KeyValueOfstringstring>
            <d2p1:Key>41,16</d2p1:Key>
            <d2p1:Value>22</d2p1:Value>
          </d2p1:KeyValueOfstringstring>
          <d2p1:KeyValueOfstringstring>
            <d2p1:Key>41,17</d2p1:Key>
            <d2p1:Value>0</d2p1:Value>
          </d2p1:KeyValueOfstringstring>
          <d2p1:KeyValueOfstringstring>
            <d2p1:Key>42,5</d2p1:Key>
            <d2p1:Value>300000000083</d2p1:Value>
          </d2p1:KeyValueOfstringstring>
          <d2p1:KeyValueOfstringstring>
            <d2p1:Key>42,6</d2p1:Key>
            <d2p1:Value>1</d2p1:Value>
          </d2p1:KeyValueOfstringstring>
          <d2p1:KeyValueOfstringstring>
            <d2p1:Key>42,7</d2p1:Key>
            <d2p1:Value>DD000</d2p1:Value>
          </d2p1:KeyValueOfstringstring>
          <d2p1:KeyValueOfstringstring>
            <d2p1:Key>42,8</d2p1:Key>
            <d2p1:Value>test</d2p1:Value>
          </d2p1:KeyValueOfstringstring>
          <d2p1:KeyValueOfstringstring>
            <d2p1:Key>42,9</d2p1:Key>
            <d2p1:Value>ZA20</d2p1:Value>
          </d2p1:KeyValueOfstringstring>
          <d2p1:KeyValueOfstringstring>
            <d2p1:Key>42,10</d2p1:Key>
            <d2p1:Value>ZA10</d2p1:Value>
          </d2p1:KeyValueOfstringstring>
          <d2p1:KeyValueOfstringstring>
            <d2p1:Key>42,11</d2p1:Key>
            <d2p1:Value>ZA20</d2p1:Value>
          </d2p1:KeyValueOfstringstring>
          <d2p1:KeyValueOfstringstring>
            <d2p1:Key>42,12</d2p1:Key>
            <d2p1:Value>ZA10</d2p1:Value>
          </d2p1:KeyValueOfstringstring>
          <d2p1:KeyValueOfstringstring>
            <d2p1:Key>42,13</d2p1:Key>
            <d2p1:Value>TEST STORE 47</d2p1:Value>
          </d2p1:KeyValueOfstringstring>
          <d2p1:KeyValueOfstringstring>
            <d2p1:Key>42,14</d2p1:Key>
            <d2p1:Value>5</d2p1:Value>
          </d2p1:KeyValueOfstringstring>
          <d2p1:KeyValueOfstringstring>
            <d2p1:Key>42,15</d2p1:Key>
            <d2p1:Value>KM</d2p1:Value>
          </d2p1:KeyValueOfstringstring>
          <d2p1:KeyValueOfstringstring>
            <d2p1:Key>42,16</d2p1:Key>
            <d2p1:Value>22</d2p1:Value>
          </d2p1:KeyValueOfstringstring>
          <d2p1:KeyValueOfstringstring>
            <d2p1:Key>42,17</d2p1:Key>
            <d2p1:Value>0</d2p1:Value>
          </d2p1:KeyValueOfstringstring>
          <d2p1:KeyValueOfstringstring>
            <d2p1:Key>43,5</d2p1:Key>
            <d2p1:Value>300000000083</d2p1:Value>
          </d2p1:KeyValueOfstringstring>
          <d2p1:KeyValueOfstringstring>
            <d2p1:Key>43,6</d2p1:Key>
            <d2p1:Value>1</d2p1:Value>
          </d2p1:KeyValueOfstringstring>
          <d2p1:KeyValueOfstringstring>
            <d2p1:Key>43,7</d2p1:Key>
            <d2p1:Value>DD000</d2p1:Value>
          </d2p1:KeyValueOfstringstring>
          <d2p1:KeyValueOfstringstring>
            <d2p1:Key>43,8</d2p1:Key>
            <d2p1:Value>test</d2p1:Value>
          </d2p1:KeyValueOfstringstring>
          <d2p1:KeyValueOfstringstring>
            <d2p1:Key>43,9</d2p1:Key>
            <d2p1:Value>ZA20</d2p1:Value>
          </d2p1:KeyValueOfstringstring>
          <d2p1:KeyValueOfstringstring>
            <d2p1:Key>43,10</d2p1:Key>
            <d2p1:Value>ZA10</d2p1:Value>
          </d2p1:KeyValueOfstringstring>
          <d2p1:KeyValueOfstringstring>
            <d2p1:Key>43,11</d2p1:Key>
            <d2p1:Value>ZA20</d2p1:Value>
          </d2p1:KeyValueOfstringstring>
          <d2p1:KeyValueOfstringstring>
            <d2p1:Key>43,12</d2p1:Key>
            <d2p1:Value>ZA10</d2p1:Value>
          </d2p1:KeyValueOfstringstring>
          <d2p1:KeyValueOfstringstring>
            <d2p1:Key>43,13</d2p1:Key>
            <d2p1:Value>TEST STORE 47</d2p1:Value>
          </d2p1:KeyValueOfstringstring>
          <d2p1:KeyValueOfstringstring>
            <d2p1:Key>43,14</d2p1:Key>
            <d2p1:Value>5</d2p1:Value>
          </d2p1:KeyValueOfstringstring>
          <d2p1:KeyValueOfstringstring>
            <d2p1:Key>43,15</d2p1:Key>
            <d2p1:Value>KM</d2p1:Value>
          </d2p1:KeyValueOfstringstring>
          <d2p1:KeyValueOfstringstring>
            <d2p1:Key>43,16</d2p1:Key>
            <d2p1:Value>22</d2p1:Value>
          </d2p1:KeyValueOfstringstring>
          <d2p1:KeyValueOfstringstring>
            <d2p1:Key>43,17</d2p1:Key>
            <d2p1:Value>0</d2p1:Value>
          </d2p1:KeyValueOfstringstring>
          <d2p1:KeyValueOfstringstring>
            <d2p1:Key>44,5</d2p1:Key>
            <d2p1:Value>300000000083</d2p1:Value>
          </d2p1:KeyValueOfstringstring>
          <d2p1:KeyValueOfstringstring>
            <d2p1:Key>44,6</d2p1:Key>
            <d2p1:Value>1</d2p1:Value>
          </d2p1:KeyValueOfstringstring>
          <d2p1:KeyValueOfstringstring>
            <d2p1:Key>44,7</d2p1:Key>
            <d2p1:Value>DD000</d2p1:Value>
          </d2p1:KeyValueOfstringstring>
          <d2p1:KeyValueOfstringstring>
            <d2p1:Key>44,8</d2p1:Key>
            <d2p1:Value>test</d2p1:Value>
          </d2p1:KeyValueOfstringstring>
          <d2p1:KeyValueOfstringstring>
            <d2p1:Key>44,9</d2p1:Key>
            <d2p1:Value>ZA20</d2p1:Value>
          </d2p1:KeyValueOfstringstring>
          <d2p1:KeyValueOfstringstring>
            <d2p1:Key>44,10</d2p1:Key>
            <d2p1:Value>ZA10</d2p1:Value>
          </d2p1:KeyValueOfstringstring>
          <d2p1:KeyValueOfstringstring>
            <d2p1:Key>44,11</d2p1:Key>
            <d2p1:Value>ZA20</d2p1:Value>
          </d2p1:KeyValueOfstringstring>
          <d2p1:KeyValueOfstringstring>
            <d2p1:Key>44,12</d2p1:Key>
            <d2p1:Value>ZA10</d2p1:Value>
          </d2p1:KeyValueOfstringstring>
          <d2p1:KeyValueOfstringstring>
            <d2p1:Key>44,13</d2p1:Key>
            <d2p1:Value>TEST STORE 47</d2p1:Value>
          </d2p1:KeyValueOfstringstring>
          <d2p1:KeyValueOfstringstring>
            <d2p1:Key>44,14</d2p1:Key>
            <d2p1:Value>5</d2p1:Value>
          </d2p1:KeyValueOfstringstring>
          <d2p1:KeyValueOfstringstring>
            <d2p1:Key>44,15</d2p1:Key>
            <d2p1:Value>KM</d2p1:Value>
          </d2p1:KeyValueOfstringstring>
          <d2p1:KeyValueOfstringstring>
            <d2p1:Key>44,16</d2p1:Key>
            <d2p1:Value>22</d2p1:Value>
          </d2p1:KeyValueOfstringstring>
          <d2p1:KeyValueOfstringstring>
            <d2p1:Key>44,17</d2p1:Key>
            <d2p1:Value>0</d2p1:Value>
          </d2p1:KeyValueOfstringstring>
          <d2p1:KeyValueOfstringstring>
            <d2p1:Key>45,5</d2p1:Key>
            <d2p1:Value>300000000083</d2p1:Value>
          </d2p1:KeyValueOfstringstring>
          <d2p1:KeyValueOfstringstring>
            <d2p1:Key>45,6</d2p1:Key>
            <d2p1:Value>1</d2p1:Value>
          </d2p1:KeyValueOfstringstring>
          <d2p1:KeyValueOfstringstring>
            <d2p1:Key>45,7</d2p1:Key>
            <d2p1:Value>DD000</d2p1:Value>
          </d2p1:KeyValueOfstringstring>
          <d2p1:KeyValueOfstringstring>
            <d2p1:Key>45,8</d2p1:Key>
            <d2p1:Value>test</d2p1:Value>
          </d2p1:KeyValueOfstringstring>
          <d2p1:KeyValueOfstringstring>
            <d2p1:Key>45,9</d2p1:Key>
            <d2p1:Value>ZA20</d2p1:Value>
          </d2p1:KeyValueOfstringstring>
          <d2p1:KeyValueOfstringstring>
            <d2p1:Key>45,10</d2p1:Key>
            <d2p1:Value>ZA10</d2p1:Value>
          </d2p1:KeyValueOfstringstring>
          <d2p1:KeyValueOfstringstring>
            <d2p1:Key>45,11</d2p1:Key>
            <d2p1:Value>ZA20</d2p1:Value>
          </d2p1:KeyValueOfstringstring>
          <d2p1:KeyValueOfstringstring>
            <d2p1:Key>45,12</d2p1:Key>
            <d2p1:Value>ZA10</d2p1:Value>
          </d2p1:KeyValueOfstringstring>
          <d2p1:KeyValueOfstringstring>
            <d2p1:Key>45,13</d2p1:Key>
            <d2p1:Value>TEST STORE 47</d2p1:Value>
          </d2p1:KeyValueOfstringstring>
          <d2p1:KeyValueOfstringstring>
            <d2p1:Key>45,14</d2p1:Key>
            <d2p1:Value>5</d2p1:Value>
          </d2p1:KeyValueOfstringstring>
          <d2p1:KeyValueOfstringstring>
            <d2p1:Key>45,15</d2p1:Key>
            <d2p1:Value>KM</d2p1:Value>
          </d2p1:KeyValueOfstringstring>
          <d2p1:KeyValueOfstringstring>
            <d2p1:Key>45,16</d2p1:Key>
            <d2p1:Value>22</d2p1:Value>
          </d2p1:KeyValueOfstringstring>
          <d2p1:KeyValueOfstringstring>
            <d2p1:Key>45,17</d2p1:Key>
            <d2p1:Value>0</d2p1:Value>
          </d2p1:KeyValueOfstringstring>
          <d2p1:KeyValueOfstringstring>
            <d2p1:Key>46,5</d2p1:Key>
            <d2p1:Value>300000000083</d2p1:Value>
          </d2p1:KeyValueOfstringstring>
          <d2p1:KeyValueOfstringstring>
            <d2p1:Key>46,6</d2p1:Key>
            <d2p1:Value>1</d2p1:Value>
          </d2p1:KeyValueOfstringstring>
          <d2p1:KeyValueOfstringstring>
            <d2p1:Key>46,7</d2p1:Key>
            <d2p1:Value>DD000</d2p1:Value>
          </d2p1:KeyValueOfstringstring>
          <d2p1:KeyValueOfstringstring>
            <d2p1:Key>46,8</d2p1:Key>
            <d2p1:Value>test</d2p1:Value>
          </d2p1:KeyValueOfstringstring>
          <d2p1:KeyValueOfstringstring>
            <d2p1:Key>46,9</d2p1:Key>
            <d2p1:Value>ZA20</d2p1:Value>
          </d2p1:KeyValueOfstringstring>
          <d2p1:KeyValueOfstringstring>
            <d2p1:Key>46,10</d2p1:Key>
            <d2p1:Value>ZA10</d2p1:Value>
          </d2p1:KeyValueOfstringstring>
          <d2p1:KeyValueOfstringstring>
            <d2p1:Key>46,11</d2p1:Key>
            <d2p1:Value>ZA20</d2p1:Value>
          </d2p1:KeyValueOfstringstring>
          <d2p1:KeyValueOfstringstring>
            <d2p1:Key>46,12</d2p1:Key>
            <d2p1:Value>ZA10</d2p1:Value>
          </d2p1:KeyValueOfstringstring>
          <d2p1:KeyValueOfstringstring>
            <d2p1:Key>46,13</d2p1:Key>
            <d2p1:Value>TEST STORE 47</d2p1:Value>
          </d2p1:KeyValueOfstringstring>
          <d2p1:KeyValueOfstringstring>
            <d2p1:Key>46,14</d2p1:Key>
            <d2p1:Value>5</d2p1:Value>
          </d2p1:KeyValueOfstringstring>
          <d2p1:KeyValueOfstringstring>
            <d2p1:Key>46,15</d2p1:Key>
            <d2p1:Value>KM</d2p1:Value>
          </d2p1:KeyValueOfstringstring>
          <d2p1:KeyValueOfstringstring>
            <d2p1:Key>46,16</d2p1:Key>
            <d2p1:Value>22</d2p1:Value>
          </d2p1:KeyValueOfstringstring>
          <d2p1:KeyValueOfstringstring>
            <d2p1:Key>46,17</d2p1:Key>
            <d2p1:Value>0</d2p1:Value>
          </d2p1:KeyValueOfstringstring>
          <d2p1:KeyValueOfstringstring>
            <d2p1:Key>47,5</d2p1:Key>
            <d2p1:Value>300000000083</d2p1:Value>
          </d2p1:KeyValueOfstringstring>
          <d2p1:KeyValueOfstringstring>
            <d2p1:Key>47,6</d2p1:Key>
            <d2p1:Value>1</d2p1:Value>
          </d2p1:KeyValueOfstringstring>
          <d2p1:KeyValueOfstringstring>
            <d2p1:Key>47,7</d2p1:Key>
            <d2p1:Value>DD000</d2p1:Value>
          </d2p1:KeyValueOfstringstring>
          <d2p1:KeyValueOfstringstring>
            <d2p1:Key>47,8</d2p1:Key>
            <d2p1:Value>test</d2p1:Value>
          </d2p1:KeyValueOfstringstring>
          <d2p1:KeyValueOfstringstring>
            <d2p1:Key>47,9</d2p1:Key>
            <d2p1:Value>ZA20</d2p1:Value>
          </d2p1:KeyValueOfstringstring>
          <d2p1:KeyValueOfstringstring>
            <d2p1:Key>47,10</d2p1:Key>
            <d2p1:Value>ZA10</d2p1:Value>
          </d2p1:KeyValueOfstringstring>
          <d2p1:KeyValueOfstringstring>
            <d2p1:Key>47,11</d2p1:Key>
            <d2p1:Value>ZA20</d2p1:Value>
          </d2p1:KeyValueOfstringstring>
          <d2p1:KeyValueOfstringstring>
            <d2p1:Key>47,12</d2p1:Key>
            <d2p1:Value>ZA10</d2p1:Value>
          </d2p1:KeyValueOfstringstring>
          <d2p1:KeyValueOfstringstring>
            <d2p1:Key>47,13</d2p1:Key>
            <d2p1:Value>TEST STORE 47</d2p1:Value>
          </d2p1:KeyValueOfstringstring>
          <d2p1:KeyValueOfstringstring>
            <d2p1:Key>47,14</d2p1:Key>
            <d2p1:Value>5</d2p1:Value>
          </d2p1:KeyValueOfstringstring>
          <d2p1:KeyValueOfstringstring>
            <d2p1:Key>47,15</d2p1:Key>
            <d2p1:Value>KM</d2p1:Value>
          </d2p1:KeyValueOfstringstring>
          <d2p1:KeyValueOfstringstring>
            <d2p1:Key>47,16</d2p1:Key>
            <d2p1:Value>22</d2p1:Value>
          </d2p1:KeyValueOfstringstring>
          <d2p1:KeyValueOfstringstring>
            <d2p1:Key>47,17</d2p1:Key>
            <d2p1:Value>0</d2p1:Value>
          </d2p1:KeyValueOfstringstring>
          <d2p1:KeyValueOfstringstring>
            <d2p1:Key>48,5</d2p1:Key>
            <d2p1:Value>300000000083</d2p1:Value>
          </d2p1:KeyValueOfstringstring>
          <d2p1:KeyValueOfstringstring>
            <d2p1:Key>48,6</d2p1:Key>
            <d2p1:Value>1</d2p1:Value>
          </d2p1:KeyValueOfstringstring>
          <d2p1:KeyValueOfstringstring>
            <d2p1:Key>48,7</d2p1:Key>
            <d2p1:Value>DD000</d2p1:Value>
          </d2p1:KeyValueOfstringstring>
          <d2p1:KeyValueOfstringstring>
            <d2p1:Key>48,8</d2p1:Key>
            <d2p1:Value>test</d2p1:Value>
          </d2p1:KeyValueOfstringstring>
          <d2p1:KeyValueOfstringstring>
            <d2p1:Key>48,9</d2p1:Key>
            <d2p1:Value>ZA20</d2p1:Value>
          </d2p1:KeyValueOfstringstring>
          <d2p1:KeyValueOfstringstring>
            <d2p1:Key>48,10</d2p1:Key>
            <d2p1:Value>ZA10</d2p1:Value>
          </d2p1:KeyValueOfstringstring>
          <d2p1:KeyValueOfstringstring>
            <d2p1:Key>48,11</d2p1:Key>
            <d2p1:Value>ZA20</d2p1:Value>
          </d2p1:KeyValueOfstringstring>
          <d2p1:KeyValueOfstringstring>
            <d2p1:Key>48,12</d2p1:Key>
            <d2p1:Value>ZA10</d2p1:Value>
          </d2p1:KeyValueOfstringstring>
          <d2p1:KeyValueOfstringstring>
            <d2p1:Key>48,13</d2p1:Key>
            <d2p1:Value>TEST STORE 47</d2p1:Value>
          </d2p1:KeyValueOfstringstring>
          <d2p1:KeyValueOfstringstring>
            <d2p1:Key>48,14</d2p1:Key>
            <d2p1:Value>5</d2p1:Value>
          </d2p1:KeyValueOfstringstring>
          <d2p1:KeyValueOfstringstring>
            <d2p1:Key>48,15</d2p1:Key>
            <d2p1:Value>KM</d2p1:Value>
          </d2p1:KeyValueOfstringstring>
          <d2p1:KeyValueOfstringstring>
            <d2p1:Key>48,16</d2p1:Key>
            <d2p1:Value>22</d2p1:Value>
          </d2p1:KeyValueOfstringstring>
          <d2p1:KeyValueOfstringstring>
            <d2p1:Key>48,17</d2p1:Key>
            <d2p1:Value>0</d2p1:Value>
          </d2p1:KeyValueOfstringstring>
          <d2p1:KeyValueOfstringstring>
            <d2p1:Key>49,5</d2p1:Key>
            <d2p1:Value>300000000083</d2p1:Value>
          </d2p1:KeyValueOfstringstring>
          <d2p1:KeyValueOfstringstring>
            <d2p1:Key>49,6</d2p1:Key>
            <d2p1:Value>1</d2p1:Value>
          </d2p1:KeyValueOfstringstring>
          <d2p1:KeyValueOfstringstring>
            <d2p1:Key>49,7</d2p1:Key>
            <d2p1:Value>DD000</d2p1:Value>
          </d2p1:KeyValueOfstringstring>
          <d2p1:KeyValueOfstringstring>
            <d2p1:Key>49,8</d2p1:Key>
            <d2p1:Value>test</d2p1:Value>
          </d2p1:KeyValueOfstringstring>
          <d2p1:KeyValueOfstringstring>
            <d2p1:Key>49,9</d2p1:Key>
            <d2p1:Value>ZA20</d2p1:Value>
          </d2p1:KeyValueOfstringstring>
          <d2p1:KeyValueOfstringstring>
            <d2p1:Key>49,10</d2p1:Key>
            <d2p1:Value>ZA10</d2p1:Value>
          </d2p1:KeyValueOfstringstring>
          <d2p1:KeyValueOfstringstring>
            <d2p1:Key>49,11</d2p1:Key>
            <d2p1:Value>ZA20</d2p1:Value>
          </d2p1:KeyValueOfstringstring>
          <d2p1:KeyValueOfstringstring>
            <d2p1:Key>49,12</d2p1:Key>
            <d2p1:Value>ZA10</d2p1:Value>
          </d2p1:KeyValueOfstringstring>
          <d2p1:KeyValueOfstringstring>
            <d2p1:Key>49,13</d2p1:Key>
            <d2p1:Value>TEST STORE 47</d2p1:Value>
          </d2p1:KeyValueOfstringstring>
          <d2p1:KeyValueOfstringstring>
            <d2p1:Key>49,14</d2p1:Key>
            <d2p1:Value>5</d2p1:Value>
          </d2p1:KeyValueOfstringstring>
          <d2p1:KeyValueOfstringstring>
            <d2p1:Key>49,15</d2p1:Key>
            <d2p1:Value>KM</d2p1:Value>
          </d2p1:KeyValueOfstringstring>
          <d2p1:KeyValueOfstringstring>
            <d2p1:Key>49,16</d2p1:Key>
            <d2p1:Value>22</d2p1:Value>
          </d2p1:KeyValueOfstringstring>
          <d2p1:KeyValueOfstringstring>
            <d2p1:Key>49,17</d2p1:Key>
            <d2p1:Value>0</d2p1:Value>
          </d2p1:KeyValueOfstringstring>
          <d2p1:KeyValueOfstringstring>
            <d2p1:Key>50,5</d2p1:Key>
            <d2p1:Value>300000000083</d2p1:Value>
          </d2p1:KeyValueOfstringstring>
          <d2p1:KeyValueOfstringstring>
            <d2p1:Key>50,6</d2p1:Key>
            <d2p1:Value>1</d2p1:Value>
          </d2p1:KeyValueOfstringstring>
          <d2p1:KeyValueOfstringstring>
            <d2p1:Key>50,7</d2p1:Key>
            <d2p1:Value>DD000</d2p1:Value>
          </d2p1:KeyValueOfstringstring>
          <d2p1:KeyValueOfstringstring>
            <d2p1:Key>50,8</d2p1:Key>
            <d2p1:Value>test</d2p1:Value>
          </d2p1:KeyValueOfstringstring>
          <d2p1:KeyValueOfstringstring>
            <d2p1:Key>50,9</d2p1:Key>
            <d2p1:Value>ZA20</d2p1:Value>
          </d2p1:KeyValueOfstringstring>
          <d2p1:KeyValueOfstringstring>
            <d2p1:Key>50,10</d2p1:Key>
            <d2p1:Value>ZA10</d2p1:Value>
          </d2p1:KeyValueOfstringstring>
          <d2p1:KeyValueOfstringstring>
            <d2p1:Key>50,11</d2p1:Key>
            <d2p1:Value>ZA20</d2p1:Value>
          </d2p1:KeyValueOfstringstring>
          <d2p1:KeyValueOfstringstring>
            <d2p1:Key>50,12</d2p1:Key>
            <d2p1:Value>ZA10</d2p1:Value>
          </d2p1:KeyValueOfstringstring>
          <d2p1:KeyValueOfstringstring>
            <d2p1:Key>50,13</d2p1:Key>
            <d2p1:Value>TEST STORE 47</d2p1:Value>
          </d2p1:KeyValueOfstringstring>
          <d2p1:KeyValueOfstringstring>
            <d2p1:Key>50,14</d2p1:Key>
            <d2p1:Value>5</d2p1:Value>
          </d2p1:KeyValueOfstringstring>
          <d2p1:KeyValueOfstringstring>
            <d2p1:Key>50,15</d2p1:Key>
            <d2p1:Value>KM</d2p1:Value>
          </d2p1:KeyValueOfstringstring>
          <d2p1:KeyValueOfstringstring>
            <d2p1:Key>50,16</d2p1:Key>
            <d2p1:Value>22</d2p1:Value>
          </d2p1:KeyValueOfstringstring>
          <d2p1:KeyValueOfstringstring>
            <d2p1:Key>50,17</d2p1:Key>
            <d2p1:Value>0</d2p1:Value>
          </d2p1:KeyValueOfstringstring>
          <d2p1:KeyValueOfstringstring>
            <d2p1:Key>51,5</d2p1:Key>
            <d2p1:Value>300000000083</d2p1:Value>
          </d2p1:KeyValueOfstringstring>
          <d2p1:KeyValueOfstringstring>
            <d2p1:Key>51,6</d2p1:Key>
            <d2p1:Value>1</d2p1:Value>
          </d2p1:KeyValueOfstringstring>
          <d2p1:KeyValueOfstringstring>
            <d2p1:Key>51,7</d2p1:Key>
            <d2p1:Value>DD000</d2p1:Value>
          </d2p1:KeyValueOfstringstring>
          <d2p1:KeyValueOfstringstring>
            <d2p1:Key>51,8</d2p1:Key>
            <d2p1:Value>test</d2p1:Value>
          </d2p1:KeyValueOfstringstring>
          <d2p1:KeyValueOfstringstring>
            <d2p1:Key>51,9</d2p1:Key>
            <d2p1:Value>ZA20</d2p1:Value>
          </d2p1:KeyValueOfstringstring>
          <d2p1:KeyValueOfstringstring>
            <d2p1:Key>51,10</d2p1:Key>
            <d2p1:Value>ZA10</d2p1:Value>
          </d2p1:KeyValueOfstringstring>
          <d2p1:KeyValueOfstringstring>
            <d2p1:Key>51,11</d2p1:Key>
            <d2p1:Value>ZA20</d2p1:Value>
          </d2p1:KeyValueOfstringstring>
          <d2p1:KeyValueOfstringstring>
            <d2p1:Key>51,12</d2p1:Key>
            <d2p1:Value>ZA10</d2p1:Value>
          </d2p1:KeyValueOfstringstring>
          <d2p1:KeyValueOfstringstring>
            <d2p1:Key>51,13</d2p1:Key>
            <d2p1:Value>TEST STORE 47</d2p1:Value>
          </d2p1:KeyValueOfstringstring>
          <d2p1:KeyValueOfstringstring>
            <d2p1:Key>51,14</d2p1:Key>
            <d2p1:Value>5</d2p1:Value>
          </d2p1:KeyValueOfstringstring>
          <d2p1:KeyValueOfstringstring>
            <d2p1:Key>51,15</d2p1:Key>
            <d2p1:Value>KM</d2p1:Value>
          </d2p1:KeyValueOfstringstring>
          <d2p1:KeyValueOfstringstring>
            <d2p1:Key>51,16</d2p1:Key>
            <d2p1:Value>22</d2p1:Value>
          </d2p1:KeyValueOfstringstring>
          <d2p1:KeyValueOfstringstring>
            <d2p1:Key>51,17</d2p1:Key>
            <d2p1:Value>0</d2p1:Value>
          </d2p1:KeyValueOfstringstring>
          <d2p1:KeyValueOfstringstring>
            <d2p1:Key>52,5</d2p1:Key>
            <d2p1:Value>300000000083</d2p1:Value>
          </d2p1:KeyValueOfstringstring>
          <d2p1:KeyValueOfstringstring>
            <d2p1:Key>52,6</d2p1:Key>
            <d2p1:Value>1</d2p1:Value>
          </d2p1:KeyValueOfstringstring>
          <d2p1:KeyValueOfstringstring>
            <d2p1:Key>52,7</d2p1:Key>
            <d2p1:Value>DD000</d2p1:Value>
          </d2p1:KeyValueOfstringstring>
          <d2p1:KeyValueOfstringstring>
            <d2p1:Key>52,8</d2p1:Key>
            <d2p1:Value>test</d2p1:Value>
          </d2p1:KeyValueOfstringstring>
          <d2p1:KeyValueOfstringstring>
            <d2p1:Key>52,9</d2p1:Key>
            <d2p1:Value>ZA20</d2p1:Value>
          </d2p1:KeyValueOfstringstring>
          <d2p1:KeyValueOfstringstring>
            <d2p1:Key>52,10</d2p1:Key>
            <d2p1:Value>ZA10</d2p1:Value>
          </d2p1:KeyValueOfstringstring>
          <d2p1:KeyValueOfstringstring>
            <d2p1:Key>52,11</d2p1:Key>
            <d2p1:Value>ZA20</d2p1:Value>
          </d2p1:KeyValueOfstringstring>
          <d2p1:KeyValueOfstringstring>
            <d2p1:Key>52,12</d2p1:Key>
            <d2p1:Value>ZA10</d2p1:Value>
          </d2p1:KeyValueOfstringstring>
          <d2p1:KeyValueOfstringstring>
            <d2p1:Key>52,13</d2p1:Key>
            <d2p1:Value>TEST STORE 47</d2p1:Value>
          </d2p1:KeyValueOfstringstring>
          <d2p1:KeyValueOfstringstring>
            <d2p1:Key>52,14</d2p1:Key>
            <d2p1:Value>5</d2p1:Value>
          </d2p1:KeyValueOfstringstring>
          <d2p1:KeyValueOfstringstring>
            <d2p1:Key>52,15</d2p1:Key>
            <d2p1:Value>KM</d2p1:Value>
          </d2p1:KeyValueOfstringstring>
          <d2p1:KeyValueOfstringstring>
            <d2p1:Key>52,16</d2p1:Key>
            <d2p1:Value>22</d2p1:Value>
          </d2p1:KeyValueOfstringstring>
          <d2p1:KeyValueOfstringstring>
            <d2p1:Key>52,17</d2p1:Key>
            <d2p1:Value>0</d2p1:Value>
          </d2p1:KeyValueOfstringstring>
          <d2p1:KeyValueOfstringstring>
            <d2p1:Key>53,5</d2p1:Key>
            <d2p1:Value>300000000083</d2p1:Value>
          </d2p1:KeyValueOfstringstring>
          <d2p1:KeyValueOfstringstring>
            <d2p1:Key>53,6</d2p1:Key>
            <d2p1:Value>1</d2p1:Value>
          </d2p1:KeyValueOfstringstring>
          <d2p1:KeyValueOfstringstring>
            <d2p1:Key>53,7</d2p1:Key>
            <d2p1:Value>DD000</d2p1:Value>
          </d2p1:KeyValueOfstringstring>
          <d2p1:KeyValueOfstringstring>
            <d2p1:Key>53,8</d2p1:Key>
            <d2p1:Value>test</d2p1:Value>
          </d2p1:KeyValueOfstringstring>
          <d2p1:KeyValueOfstringstring>
            <d2p1:Key>53,9</d2p1:Key>
            <d2p1:Value>ZA20</d2p1:Value>
          </d2p1:KeyValueOfstringstring>
          <d2p1:KeyValueOfstringstring>
            <d2p1:Key>53,10</d2p1:Key>
            <d2p1:Value>ZA10</d2p1:Value>
          </d2p1:KeyValueOfstringstring>
          <d2p1:KeyValueOfstringstring>
            <d2p1:Key>53,11</d2p1:Key>
            <d2p1:Value>ZA20</d2p1:Value>
          </d2p1:KeyValueOfstringstring>
          <d2p1:KeyValueOfstringstring>
            <d2p1:Key>53,12</d2p1:Key>
            <d2p1:Value>ZA10</d2p1:Value>
          </d2p1:KeyValueOfstringstring>
          <d2p1:KeyValueOfstringstring>
            <d2p1:Key>53,13</d2p1:Key>
            <d2p1:Value>TEST STORE 47</d2p1:Value>
          </d2p1:KeyValueOfstringstring>
          <d2p1:KeyValueOfstringstring>
            <d2p1:Key>53,14</d2p1:Key>
            <d2p1:Value>5</d2p1:Value>
          </d2p1:KeyValueOfstringstring>
          <d2p1:KeyValueOfstringstring>
            <d2p1:Key>53,15</d2p1:Key>
            <d2p1:Value>KM</d2p1:Value>
          </d2p1:KeyValueOfstringstring>
          <d2p1:KeyValueOfstringstring>
            <d2p1:Key>53,16</d2p1:Key>
            <d2p1:Value>22</d2p1:Value>
          </d2p1:KeyValueOfstringstring>
          <d2p1:KeyValueOfstringstring>
            <d2p1:Key>53,17</d2p1:Key>
            <d2p1:Value>0</d2p1:Value>
          </d2p1:KeyValueOfstringstring>
          <d2p1:KeyValueOfstringstring>
            <d2p1:Key>54,5</d2p1:Key>
            <d2p1:Value>300000000083</d2p1:Value>
          </d2p1:KeyValueOfstringstring>
          <d2p1:KeyValueOfstringstring>
            <d2p1:Key>54,6</d2p1:Key>
            <d2p1:Value>1</d2p1:Value>
          </d2p1:KeyValueOfstringstring>
          <d2p1:KeyValueOfstringstring>
            <d2p1:Key>54,7</d2p1:Key>
            <d2p1:Value>DD000</d2p1:Value>
          </d2p1:KeyValueOfstringstring>
          <d2p1:KeyValueOfstringstring>
            <d2p1:Key>54,8</d2p1:Key>
            <d2p1:Value>test</d2p1:Value>
          </d2p1:KeyValueOfstringstring>
          <d2p1:KeyValueOfstringstring>
            <d2p1:Key>54,9</d2p1:Key>
            <d2p1:Value>ZA20</d2p1:Value>
          </d2p1:KeyValueOfstringstring>
          <d2p1:KeyValueOfstringstring>
            <d2p1:Key>54,10</d2p1:Key>
            <d2p1:Value>ZA10</d2p1:Value>
          </d2p1:KeyValueOfstringstring>
          <d2p1:KeyValueOfstringstring>
            <d2p1:Key>54,11</d2p1:Key>
            <d2p1:Value>ZA20</d2p1:Value>
          </d2p1:KeyValueOfstringstring>
          <d2p1:KeyValueOfstringstring>
            <d2p1:Key>54,12</d2p1:Key>
            <d2p1:Value>ZA10</d2p1:Value>
          </d2p1:KeyValueOfstringstring>
          <d2p1:KeyValueOfstringstring>
            <d2p1:Key>54,13</d2p1:Key>
            <d2p1:Value>TEST STORE 47</d2p1:Value>
          </d2p1:KeyValueOfstringstring>
          <d2p1:KeyValueOfstringstring>
            <d2p1:Key>54,14</d2p1:Key>
            <d2p1:Value>5</d2p1:Value>
          </d2p1:KeyValueOfstringstring>
          <d2p1:KeyValueOfstringstring>
            <d2p1:Key>54,15</d2p1:Key>
            <d2p1:Value>KM</d2p1:Value>
          </d2p1:KeyValueOfstringstring>
          <d2p1:KeyValueOfstringstring>
            <d2p1:Key>54,16</d2p1:Key>
            <d2p1:Value>22</d2p1:Value>
          </d2p1:KeyValueOfstringstring>
          <d2p1:KeyValueOfstringstring>
            <d2p1:Key>54,17</d2p1:Key>
            <d2p1:Value>0</d2p1:Value>
          </d2p1:KeyValueOfstringstring>
          <d2p1:KeyValueOfstringstring>
            <d2p1:Key>55,5</d2p1:Key>
            <d2p1:Value>300000000083</d2p1:Value>
          </d2p1:KeyValueOfstringstring>
          <d2p1:KeyValueOfstringstring>
            <d2p1:Key>55,6</d2p1:Key>
            <d2p1:Value>1</d2p1:Value>
          </d2p1:KeyValueOfstringstring>
          <d2p1:KeyValueOfstringstring>
            <d2p1:Key>55,7</d2p1:Key>
            <d2p1:Value>DD000</d2p1:Value>
          </d2p1:KeyValueOfstringstring>
          <d2p1:KeyValueOfstringstring>
            <d2p1:Key>55,8</d2p1:Key>
            <d2p1:Value>test</d2p1:Value>
          </d2p1:KeyValueOfstringstring>
          <d2p1:KeyValueOfstringstring>
            <d2p1:Key>55,9</d2p1:Key>
            <d2p1:Value>ZA20</d2p1:Value>
          </d2p1:KeyValueOfstringstring>
          <d2p1:KeyValueOfstringstring>
            <d2p1:Key>55,10</d2p1:Key>
            <d2p1:Value>ZA10</d2p1:Value>
          </d2p1:KeyValueOfstringstring>
          <d2p1:KeyValueOfstringstring>
            <d2p1:Key>55,11</d2p1:Key>
            <d2p1:Value>ZA20</d2p1:Value>
          </d2p1:KeyValueOfstringstring>
          <d2p1:KeyValueOfstringstring>
            <d2p1:Key>55,12</d2p1:Key>
            <d2p1:Value>ZA10</d2p1:Value>
          </d2p1:KeyValueOfstringstring>
          <d2p1:KeyValueOfstringstring>
            <d2p1:Key>55,13</d2p1:Key>
            <d2p1:Value>TEST STORE 47</d2p1:Value>
          </d2p1:KeyValueOfstringstring>
          <d2p1:KeyValueOfstringstring>
            <d2p1:Key>55,14</d2p1:Key>
            <d2p1:Value>5</d2p1:Value>
          </d2p1:KeyValueOfstringstring>
          <d2p1:KeyValueOfstringstring>
            <d2p1:Key>55,15</d2p1:Key>
            <d2p1:Value>KM</d2p1:Value>
          </d2p1:KeyValueOfstringstring>
          <d2p1:KeyValueOfstringstring>
            <d2p1:Key>55,16</d2p1:Key>
            <d2p1:Value>22</d2p1:Value>
          </d2p1:KeyValueOfstringstring>
          <d2p1:KeyValueOfstringstring>
            <d2p1:Key>55,17</d2p1:Key>
            <d2p1:Value>0</d2p1:Value>
          </d2p1:KeyValueOfstringstring>
          <d2p1:KeyValueOfstringstring>
            <d2p1:Key>56,5</d2p1:Key>
            <d2p1:Value>300000000083</d2p1:Value>
          </d2p1:KeyValueOfstringstring>
          <d2p1:KeyValueOfstringstring>
            <d2p1:Key>56,6</d2p1:Key>
            <d2p1:Value>1</d2p1:Value>
          </d2p1:KeyValueOfstringstring>
          <d2p1:KeyValueOfstringstring>
            <d2p1:Key>56,7</d2p1:Key>
            <d2p1:Value>DD000</d2p1:Value>
          </d2p1:KeyValueOfstringstring>
          <d2p1:KeyValueOfstringstring>
            <d2p1:Key>56,8</d2p1:Key>
            <d2p1:Value>test</d2p1:Value>
          </d2p1:KeyValueOfstringstring>
          <d2p1:KeyValueOfstringstring>
            <d2p1:Key>56,9</d2p1:Key>
            <d2p1:Value>ZA20</d2p1:Value>
          </d2p1:KeyValueOfstringstring>
          <d2p1:KeyValueOfstringstring>
            <d2p1:Key>56,10</d2p1:Key>
            <d2p1:Value>ZA10</d2p1:Value>
          </d2p1:KeyValueOfstringstring>
          <d2p1:KeyValueOfstringstring>
            <d2p1:Key>56,11</d2p1:Key>
            <d2p1:Value>ZA20</d2p1:Value>
          </d2p1:KeyValueOfstringstring>
          <d2p1:KeyValueOfstringstring>
            <d2p1:Key>56,12</d2p1:Key>
            <d2p1:Value>ZA10</d2p1:Value>
          </d2p1:KeyValueOfstringstring>
          <d2p1:KeyValueOfstringstring>
            <d2p1:Key>56,13</d2p1:Key>
            <d2p1:Value>TEST STORE 47</d2p1:Value>
          </d2p1:KeyValueOfstringstring>
          <d2p1:KeyValueOfstringstring>
            <d2p1:Key>56,14</d2p1:Key>
            <d2p1:Value>5</d2p1:Value>
          </d2p1:KeyValueOfstringstring>
          <d2p1:KeyValueOfstringstring>
            <d2p1:Key>56,15</d2p1:Key>
            <d2p1:Value>KM</d2p1:Value>
          </d2p1:KeyValueOfstringstring>
          <d2p1:KeyValueOfstringstring>
            <d2p1:Key>56,16</d2p1:Key>
            <d2p1:Value>22</d2p1:Value>
          </d2p1:KeyValueOfstringstring>
          <d2p1:KeyValueOfstringstring>
            <d2p1:Key>56,17</d2p1:Key>
            <d2p1:Value>0</d2p1:Value>
          </d2p1:KeyValueOfstringstring>
          <d2p1:KeyValueOfstringstring>
            <d2p1:Key>57,5</d2p1:Key>
            <d2p1:Value>300000000083</d2p1:Value>
          </d2p1:KeyValueOfstringstring>
          <d2p1:KeyValueOfstringstring>
            <d2p1:Key>57,6</d2p1:Key>
            <d2p1:Value>1</d2p1:Value>
          </d2p1:KeyValueOfstringstring>
          <d2p1:KeyValueOfstringstring>
            <d2p1:Key>57,7</d2p1:Key>
            <d2p1:Value>DD000</d2p1:Value>
          </d2p1:KeyValueOfstringstring>
          <d2p1:KeyValueOfstringstring>
            <d2p1:Key>57,8</d2p1:Key>
            <d2p1:Value>test</d2p1:Value>
          </d2p1:KeyValueOfstringstring>
          <d2p1:KeyValueOfstringstring>
            <d2p1:Key>57,9</d2p1:Key>
            <d2p1:Value>ZA20</d2p1:Value>
          </d2p1:KeyValueOfstringstring>
          <d2p1:KeyValueOfstringstring>
            <d2p1:Key>57,10</d2p1:Key>
            <d2p1:Value>ZA10</d2p1:Value>
          </d2p1:KeyValueOfstringstring>
          <d2p1:KeyValueOfstringstring>
            <d2p1:Key>57,11</d2p1:Key>
            <d2p1:Value>ZA20</d2p1:Value>
          </d2p1:KeyValueOfstringstring>
          <d2p1:KeyValueOfstringstring>
            <d2p1:Key>57,12</d2p1:Key>
            <d2p1:Value>ZA10</d2p1:Value>
          </d2p1:KeyValueOfstringstring>
          <d2p1:KeyValueOfstringstring>
            <d2p1:Key>57,13</d2p1:Key>
            <d2p1:Value>TEST STORE 47</d2p1:Value>
          </d2p1:KeyValueOfstringstring>
          <d2p1:KeyValueOfstringstring>
            <d2p1:Key>57,14</d2p1:Key>
            <d2p1:Value>5</d2p1:Value>
          </d2p1:KeyValueOfstringstring>
          <d2p1:KeyValueOfstringstring>
            <d2p1:Key>57,15</d2p1:Key>
            <d2p1:Value>KM</d2p1:Value>
          </d2p1:KeyValueOfstringstring>
          <d2p1:KeyValueOfstringstring>
            <d2p1:Key>57,16</d2p1:Key>
            <d2p1:Value>22</d2p1:Value>
          </d2p1:KeyValueOfstringstring>
          <d2p1:KeyValueOfstringstring>
            <d2p1:Key>57,17</d2p1:Key>
            <d2p1:Value>0</d2p1:Value>
          </d2p1:KeyValueOfstringstring>
          <d2p1:KeyValueOfstringstring>
            <d2p1:Key>58,5</d2p1:Key>
            <d2p1:Value>300000000083</d2p1:Value>
          </d2p1:KeyValueOfstringstring>
          <d2p1:KeyValueOfstringstring>
            <d2p1:Key>58,6</d2p1:Key>
            <d2p1:Value>1</d2p1:Value>
          </d2p1:KeyValueOfstringstring>
          <d2p1:KeyValueOfstringstring>
            <d2p1:Key>58,7</d2p1:Key>
            <d2p1:Value>DD000</d2p1:Value>
          </d2p1:KeyValueOfstringstring>
          <d2p1:KeyValueOfstringstring>
            <d2p1:Key>58,8</d2p1:Key>
            <d2p1:Value>test</d2p1:Value>
          </d2p1:KeyValueOfstringstring>
          <d2p1:KeyValueOfstringstring>
            <d2p1:Key>58,9</d2p1:Key>
            <d2p1:Value>ZA20</d2p1:Value>
          </d2p1:KeyValueOfstringstring>
          <d2p1:KeyValueOfstringstring>
            <d2p1:Key>58,10</d2p1:Key>
            <d2p1:Value>ZA10</d2p1:Value>
          </d2p1:KeyValueOfstringstring>
          <d2p1:KeyValueOfstringstring>
            <d2p1:Key>58,11</d2p1:Key>
            <d2p1:Value>ZA20</d2p1:Value>
          </d2p1:KeyValueOfstringstring>
          <d2p1:KeyValueOfstringstring>
            <d2p1:Key>58,12</d2p1:Key>
            <d2p1:Value>ZA10</d2p1:Value>
          </d2p1:KeyValueOfstringstring>
          <d2p1:KeyValueOfstringstring>
            <d2p1:Key>58,13</d2p1:Key>
            <d2p1:Value>TEST STORE 47</d2p1:Value>
          </d2p1:KeyValueOfstringstring>
          <d2p1:KeyValueOfstringstring>
            <d2p1:Key>58,14</d2p1:Key>
            <d2p1:Value>5</d2p1:Value>
          </d2p1:KeyValueOfstringstring>
          <d2p1:KeyValueOfstringstring>
            <d2p1:Key>58,15</d2p1:Key>
            <d2p1:Value>KM</d2p1:Value>
          </d2p1:KeyValueOfstringstring>
          <d2p1:KeyValueOfstringstring>
            <d2p1:Key>58,16</d2p1:Key>
            <d2p1:Value>22</d2p1:Value>
          </d2p1:KeyValueOfstringstring>
          <d2p1:KeyValueOfstringstring>
            <d2p1:Key>58,17</d2p1:Key>
            <d2p1:Value>0</d2p1:Value>
          </d2p1:KeyValueOfstringstring>
          <d2p1:KeyValueOfstringstring>
            <d2p1:Key>59,5</d2p1:Key>
            <d2p1:Value>300000000083</d2p1:Value>
          </d2p1:KeyValueOfstringstring>
          <d2p1:KeyValueOfstringstring>
            <d2p1:Key>59,6</d2p1:Key>
            <d2p1:Value>1</d2p1:Value>
          </d2p1:KeyValueOfstringstring>
          <d2p1:KeyValueOfstringstring>
            <d2p1:Key>59,7</d2p1:Key>
            <d2p1:Value>DD000</d2p1:Value>
          </d2p1:KeyValueOfstringstring>
          <d2p1:KeyValueOfstringstring>
            <d2p1:Key>59,8</d2p1:Key>
            <d2p1:Value>test</d2p1:Value>
          </d2p1:KeyValueOfstringstring>
          <d2p1:KeyValueOfstringstring>
            <d2p1:Key>59,9</d2p1:Key>
            <d2p1:Value>ZA20</d2p1:Value>
          </d2p1:KeyValueOfstringstring>
          <d2p1:KeyValueOfstringstring>
            <d2p1:Key>59,10</d2p1:Key>
            <d2p1:Value>ZA10</d2p1:Value>
          </d2p1:KeyValueOfstringstring>
          <d2p1:KeyValueOfstringstring>
            <d2p1:Key>59,11</d2p1:Key>
            <d2p1:Value>ZA20</d2p1:Value>
          </d2p1:KeyValueOfstringstring>
          <d2p1:KeyValueOfstringstring>
            <d2p1:Key>59,12</d2p1:Key>
            <d2p1:Value>ZA10</d2p1:Value>
          </d2p1:KeyValueOfstringstring>
          <d2p1:KeyValueOfstringstring>
            <d2p1:Key>59,13</d2p1:Key>
            <d2p1:Value>TEST STORE 47</d2p1:Value>
          </d2p1:KeyValueOfstringstring>
          <d2p1:KeyValueOfstringstring>
            <d2p1:Key>59,14</d2p1:Key>
            <d2p1:Value>5</d2p1:Value>
          </d2p1:KeyValueOfstringstring>
          <d2p1:KeyValueOfstringstring>
            <d2p1:Key>59,15</d2p1:Key>
            <d2p1:Value>KM</d2p1:Value>
          </d2p1:KeyValueOfstringstring>
          <d2p1:KeyValueOfstringstring>
            <d2p1:Key>59,16</d2p1:Key>
            <d2p1:Value>22</d2p1:Value>
          </d2p1:KeyValueOfstringstring>
          <d2p1:KeyValueOfstringstring>
            <d2p1:Key>59,17</d2p1:Key>
            <d2p1:Value>0</d2p1:Value>
          </d2p1:KeyValueOfstringstring>
          <d2p1:KeyValueOfstringstring>
            <d2p1:Key>60,5</d2p1:Key>
            <d2p1:Value>300000000083</d2p1:Value>
          </d2p1:KeyValueOfstringstring>
          <d2p1:KeyValueOfstringstring>
            <d2p1:Key>60,6</d2p1:Key>
            <d2p1:Value>1</d2p1:Value>
          </d2p1:KeyValueOfstringstring>
          <d2p1:KeyValueOfstringstring>
            <d2p1:Key>60,7</d2p1:Key>
            <d2p1:Value>DD000</d2p1:Value>
          </d2p1:KeyValueOfstringstring>
          <d2p1:KeyValueOfstringstring>
            <d2p1:Key>60,8</d2p1:Key>
            <d2p1:Value>test</d2p1:Value>
          </d2p1:KeyValueOfstringstring>
          <d2p1:KeyValueOfstringstring>
            <d2p1:Key>60,9</d2p1:Key>
            <d2p1:Value>ZA20</d2p1:Value>
          </d2p1:KeyValueOfstringstring>
          <d2p1:KeyValueOfstringstring>
            <d2p1:Key>60,10</d2p1:Key>
            <d2p1:Value>ZA10</d2p1:Value>
          </d2p1:KeyValueOfstringstring>
          <d2p1:KeyValueOfstringstring>
            <d2p1:Key>60,11</d2p1:Key>
            <d2p1:Value>ZA20</d2p1:Value>
          </d2p1:KeyValueOfstringstring>
          <d2p1:KeyValueOfstringstring>
            <d2p1:Key>60,12</d2p1:Key>
            <d2p1:Value>ZA10</d2p1:Value>
          </d2p1:KeyValueOfstringstring>
          <d2p1:KeyValueOfstringstring>
            <d2p1:Key>60,13</d2p1:Key>
            <d2p1:Value>TEST STORE 47</d2p1:Value>
          </d2p1:KeyValueOfstringstring>
          <d2p1:KeyValueOfstringstring>
            <d2p1:Key>60,14</d2p1:Key>
            <d2p1:Value>5</d2p1:Value>
          </d2p1:KeyValueOfstringstring>
          <d2p1:KeyValueOfstringstring>
            <d2p1:Key>60,15</d2p1:Key>
            <d2p1:Value>KM</d2p1:Value>
          </d2p1:KeyValueOfstringstring>
          <d2p1:KeyValueOfstringstring>
            <d2p1:Key>60,16</d2p1:Key>
            <d2p1:Value>22</d2p1:Value>
          </d2p1:KeyValueOfstringstring>
          <d2p1:KeyValueOfstringstring>
            <d2p1:Key>60,17</d2p1:Key>
            <d2p1:Value>0</d2p1:Value>
          </d2p1:KeyValueOfstringstring>
          <d2p1:KeyValueOfstringstring>
            <d2p1:Key>61,5</d2p1:Key>
            <d2p1:Value>300000000083</d2p1:Value>
          </d2p1:KeyValueOfstringstring>
          <d2p1:KeyValueOfstringstring>
            <d2p1:Key>61,6</d2p1:Key>
            <d2p1:Value>1</d2p1:Value>
          </d2p1:KeyValueOfstringstring>
          <d2p1:KeyValueOfstringstring>
            <d2p1:Key>61,7</d2p1:Key>
            <d2p1:Value>DD000</d2p1:Value>
          </d2p1:KeyValueOfstringstring>
          <d2p1:KeyValueOfstringstring>
            <d2p1:Key>61,8</d2p1:Key>
            <d2p1:Value>test</d2p1:Value>
          </d2p1:KeyValueOfstringstring>
          <d2p1:KeyValueOfstringstring>
            <d2p1:Key>61,9</d2p1:Key>
            <d2p1:Value>ZA20</d2p1:Value>
          </d2p1:KeyValueOfstringstring>
          <d2p1:KeyValueOfstringstring>
            <d2p1:Key>61,10</d2p1:Key>
            <d2p1:Value>ZA10</d2p1:Value>
          </d2p1:KeyValueOfstringstring>
          <d2p1:KeyValueOfstringstring>
            <d2p1:Key>61,11</d2p1:Key>
            <d2p1:Value>ZA20</d2p1:Value>
          </d2p1:KeyValueOfstringstring>
          <d2p1:KeyValueOfstringstring>
            <d2p1:Key>61,12</d2p1:Key>
            <d2p1:Value>ZA10</d2p1:Value>
          </d2p1:KeyValueOfstringstring>
          <d2p1:KeyValueOfstringstring>
            <d2p1:Key>61,13</d2p1:Key>
            <d2p1:Value>TEST STORE 47</d2p1:Value>
          </d2p1:KeyValueOfstringstring>
          <d2p1:KeyValueOfstringstring>
            <d2p1:Key>61,14</d2p1:Key>
            <d2p1:Value>5</d2p1:Value>
          </d2p1:KeyValueOfstringstring>
          <d2p1:KeyValueOfstringstring>
            <d2p1:Key>61,15</d2p1:Key>
            <d2p1:Value>KM</d2p1:Value>
          </d2p1:KeyValueOfstringstring>
          <d2p1:KeyValueOfstringstring>
            <d2p1:Key>61,16</d2p1:Key>
            <d2p1:Value>22</d2p1:Value>
          </d2p1:KeyValueOfstringstring>
          <d2p1:KeyValueOfstringstring>
            <d2p1:Key>61,17</d2p1:Key>
            <d2p1:Value>0</d2p1:Value>
          </d2p1:KeyValueOfstringstring>
          <d2p1:KeyValueOfstringstring>
            <d2p1:Key>62,5</d2p1:Key>
            <d2p1:Value>300000000083</d2p1:Value>
          </d2p1:KeyValueOfstringstring>
          <d2p1:KeyValueOfstringstring>
            <d2p1:Key>62,6</d2p1:Key>
            <d2p1:Value>1</d2p1:Value>
          </d2p1:KeyValueOfstringstring>
          <d2p1:KeyValueOfstringstring>
            <d2p1:Key>62,7</d2p1:Key>
            <d2p1:Value>DD000</d2p1:Value>
          </d2p1:KeyValueOfstringstring>
          <d2p1:KeyValueOfstringstring>
            <d2p1:Key>62,8</d2p1:Key>
            <d2p1:Value>test</d2p1:Value>
          </d2p1:KeyValueOfstringstring>
          <d2p1:KeyValueOfstringstring>
            <d2p1:Key>62,9</d2p1:Key>
            <d2p1:Value>ZA20</d2p1:Value>
          </d2p1:KeyValueOfstringstring>
          <d2p1:KeyValueOfstringstring>
            <d2p1:Key>62,10</d2p1:Key>
            <d2p1:Value>ZA10</d2p1:Value>
          </d2p1:KeyValueOfstringstring>
          <d2p1:KeyValueOfstringstring>
            <d2p1:Key>62,11</d2p1:Key>
            <d2p1:Value>ZA20</d2p1:Value>
          </d2p1:KeyValueOfstringstring>
          <d2p1:KeyValueOfstringstring>
            <d2p1:Key>62,12</d2p1:Key>
            <d2p1:Value>ZA10</d2p1:Value>
          </d2p1:KeyValueOfstringstring>
          <d2p1:KeyValueOfstringstring>
            <d2p1:Key>62,13</d2p1:Key>
            <d2p1:Value>TEST STORE 47</d2p1:Value>
          </d2p1:KeyValueOfstringstring>
          <d2p1:KeyValueOfstringstring>
            <d2p1:Key>62,14</d2p1:Key>
            <d2p1:Value>5</d2p1:Value>
          </d2p1:KeyValueOfstringstring>
          <d2p1:KeyValueOfstringstring>
            <d2p1:Key>62,15</d2p1:Key>
            <d2p1:Value>KM</d2p1:Value>
          </d2p1:KeyValueOfstringstring>
          <d2p1:KeyValueOfstringstring>
            <d2p1:Key>62,16</d2p1:Key>
            <d2p1:Value>22</d2p1:Value>
          </d2p1:KeyValueOfstringstring>
          <d2p1:KeyValueOfstringstring>
            <d2p1:Key>62,17</d2p1:Key>
            <d2p1:Value>0</d2p1:Value>
          </d2p1:KeyValueOfstringstring>
          <d2p1:KeyValueOfstringstring>
            <d2p1:Key>63,5</d2p1:Key>
            <d2p1:Value>300000000083</d2p1:Value>
          </d2p1:KeyValueOfstringstring>
          <d2p1:KeyValueOfstringstring>
            <d2p1:Key>63,6</d2p1:Key>
            <d2p1:Value>1</d2p1:Value>
          </d2p1:KeyValueOfstringstring>
          <d2p1:KeyValueOfstringstring>
            <d2p1:Key>63,7</d2p1:Key>
            <d2p1:Value>DD000</d2p1:Value>
          </d2p1:KeyValueOfstringstring>
          <d2p1:KeyValueOfstringstring>
            <d2p1:Key>63,8</d2p1:Key>
            <d2p1:Value>test</d2p1:Value>
          </d2p1:KeyValueOfstringstring>
          <d2p1:KeyValueOfstringstring>
            <d2p1:Key>63,9</d2p1:Key>
            <d2p1:Value>ZA20</d2p1:Value>
          </d2p1:KeyValueOfstringstring>
          <d2p1:KeyValueOfstringstring>
            <d2p1:Key>63,10</d2p1:Key>
            <d2p1:Value>ZA10</d2p1:Value>
          </d2p1:KeyValueOfstringstring>
          <d2p1:KeyValueOfstringstring>
            <d2p1:Key>63,11</d2p1:Key>
            <d2p1:Value>ZA20</d2p1:Value>
          </d2p1:KeyValueOfstringstring>
          <d2p1:KeyValueOfstringstring>
            <d2p1:Key>63,12</d2p1:Key>
            <d2p1:Value>ZA10</d2p1:Value>
          </d2p1:KeyValueOfstringstring>
          <d2p1:KeyValueOfstringstring>
            <d2p1:Key>63,13</d2p1:Key>
            <d2p1:Value>TEST STORE 47</d2p1:Value>
          </d2p1:KeyValueOfstringstring>
          <d2p1:KeyValueOfstringstring>
            <d2p1:Key>63,14</d2p1:Key>
            <d2p1:Value>5</d2p1:Value>
          </d2p1:KeyValueOfstringstring>
          <d2p1:KeyValueOfstringstring>
            <d2p1:Key>63,15</d2p1:Key>
            <d2p1:Value>KM</d2p1:Value>
          </d2p1:KeyValueOfstringstring>
          <d2p1:KeyValueOfstringstring>
            <d2p1:Key>63,16</d2p1:Key>
            <d2p1:Value>22</d2p1:Value>
          </d2p1:KeyValueOfstringstring>
          <d2p1:KeyValueOfstringstring>
            <d2p1:Key>63,17</d2p1:Key>
            <d2p1:Value>0</d2p1:Value>
          </d2p1:KeyValueOfstringstring>
          <d2p1:KeyValueOfstringstring>
            <d2p1:Key>64,5</d2p1:Key>
            <d2p1:Value>300000000083</d2p1:Value>
          </d2p1:KeyValueOfstringstring>
          <d2p1:KeyValueOfstringstring>
            <d2p1:Key>64,6</d2p1:Key>
            <d2p1:Value>1</d2p1:Value>
          </d2p1:KeyValueOfstringstring>
          <d2p1:KeyValueOfstringstring>
            <d2p1:Key>64,7</d2p1:Key>
            <d2p1:Value>DD000</d2p1:Value>
          </d2p1:KeyValueOfstringstring>
          <d2p1:KeyValueOfstringstring>
            <d2p1:Key>64,8</d2p1:Key>
            <d2p1:Value>test</d2p1:Value>
          </d2p1:KeyValueOfstringstring>
          <d2p1:KeyValueOfstringstring>
            <d2p1:Key>64,9</d2p1:Key>
            <d2p1:Value>ZA20</d2p1:Value>
          </d2p1:KeyValueOfstringstring>
          <d2p1:KeyValueOfstringstring>
            <d2p1:Key>64,10</d2p1:Key>
            <d2p1:Value>ZA10</d2p1:Value>
          </d2p1:KeyValueOfstringstring>
          <d2p1:KeyValueOfstringstring>
            <d2p1:Key>64,11</d2p1:Key>
            <d2p1:Value>ZA20</d2p1:Value>
          </d2p1:KeyValueOfstringstring>
          <d2p1:KeyValueOfstringstring>
            <d2p1:Key>64,12</d2p1:Key>
            <d2p1:Value>ZA10</d2p1:Value>
          </d2p1:KeyValueOfstringstring>
          <d2p1:KeyValueOfstringstring>
            <d2p1:Key>64,13</d2p1:Key>
            <d2p1:Value>TEST STORE 47</d2p1:Value>
          </d2p1:KeyValueOfstringstring>
          <d2p1:KeyValueOfstringstring>
            <d2p1:Key>64,14</d2p1:Key>
            <d2p1:Value>5</d2p1:Value>
          </d2p1:KeyValueOfstringstring>
          <d2p1:KeyValueOfstringstring>
            <d2p1:Key>64,15</d2p1:Key>
            <d2p1:Value>KM</d2p1:Value>
          </d2p1:KeyValueOfstringstring>
          <d2p1:KeyValueOfstringstring>
            <d2p1:Key>64,16</d2p1:Key>
            <d2p1:Value>22</d2p1:Value>
          </d2p1:KeyValueOfstringstring>
          <d2p1:KeyValueOfstringstring>
            <d2p1:Key>64,17</d2p1:Key>
            <d2p1:Value>0</d2p1:Value>
          </d2p1:KeyValueOfstringstring>
          <d2p1:KeyValueOfstringstring>
            <d2p1:Key>65,5</d2p1:Key>
            <d2p1:Value>300000000083</d2p1:Value>
          </d2p1:KeyValueOfstringstring>
          <d2p1:KeyValueOfstringstring>
            <d2p1:Key>65,6</d2p1:Key>
            <d2p1:Value>1</d2p1:Value>
          </d2p1:KeyValueOfstringstring>
          <d2p1:KeyValueOfstringstring>
            <d2p1:Key>65,7</d2p1:Key>
            <d2p1:Value>DD000</d2p1:Value>
          </d2p1:KeyValueOfstringstring>
          <d2p1:KeyValueOfstringstring>
            <d2p1:Key>65,8</d2p1:Key>
            <d2p1:Value>test</d2p1:Value>
          </d2p1:KeyValueOfstringstring>
          <d2p1:KeyValueOfstringstring>
            <d2p1:Key>65,9</d2p1:Key>
            <d2p1:Value>ZA20</d2p1:Value>
          </d2p1:KeyValueOfstringstring>
          <d2p1:KeyValueOfstringstring>
            <d2p1:Key>65,10</d2p1:Key>
            <d2p1:Value>ZA10</d2p1:Value>
          </d2p1:KeyValueOfstringstring>
          <d2p1:KeyValueOfstringstring>
            <d2p1:Key>65,11</d2p1:Key>
            <d2p1:Value>ZA20</d2p1:Value>
          </d2p1:KeyValueOfstringstring>
          <d2p1:KeyValueOfstringstring>
            <d2p1:Key>65,12</d2p1:Key>
            <d2p1:Value>ZA10</d2p1:Value>
          </d2p1:KeyValueOfstringstring>
          <d2p1:KeyValueOfstringstring>
            <d2p1:Key>65,13</d2p1:Key>
            <d2p1:Value>TEST STORE 47</d2p1:Value>
          </d2p1:KeyValueOfstringstring>
          <d2p1:KeyValueOfstringstring>
            <d2p1:Key>65,14</d2p1:Key>
            <d2p1:Value>5</d2p1:Value>
          </d2p1:KeyValueOfstringstring>
          <d2p1:KeyValueOfstringstring>
            <d2p1:Key>65,15</d2p1:Key>
            <d2p1:Value>KM</d2p1:Value>
          </d2p1:KeyValueOfstringstring>
          <d2p1:KeyValueOfstringstring>
            <d2p1:Key>65,16</d2p1:Key>
            <d2p1:Value>22</d2p1:Value>
          </d2p1:KeyValueOfstringstring>
          <d2p1:KeyValueOfstringstring>
            <d2p1:Key>65,17</d2p1:Key>
            <d2p1:Value>0</d2p1:Value>
          </d2p1:KeyValueOfstringstring>
          <d2p1:KeyValueOfstringstring>
            <d2p1:Key>66,5</d2p1:Key>
            <d2p1:Value>300000000083</d2p1:Value>
          </d2p1:KeyValueOfstringstring>
          <d2p1:KeyValueOfstringstring>
            <d2p1:Key>66,6</d2p1:Key>
            <d2p1:Value>1</d2p1:Value>
          </d2p1:KeyValueOfstringstring>
          <d2p1:KeyValueOfstringstring>
            <d2p1:Key>66,7</d2p1:Key>
            <d2p1:Value>DD000</d2p1:Value>
          </d2p1:KeyValueOfstringstring>
          <d2p1:KeyValueOfstringstring>
            <d2p1:Key>66,8</d2p1:Key>
            <d2p1:Value>test</d2p1:Value>
          </d2p1:KeyValueOfstringstring>
          <d2p1:KeyValueOfstringstring>
            <d2p1:Key>66,9</d2p1:Key>
            <d2p1:Value>ZA20</d2p1:Value>
          </d2p1:KeyValueOfstringstring>
          <d2p1:KeyValueOfstringstring>
            <d2p1:Key>66,10</d2p1:Key>
            <d2p1:Value>ZA10</d2p1:Value>
          </d2p1:KeyValueOfstringstring>
          <d2p1:KeyValueOfstringstring>
            <d2p1:Key>66,11</d2p1:Key>
            <d2p1:Value>ZA20</d2p1:Value>
          </d2p1:KeyValueOfstringstring>
          <d2p1:KeyValueOfstringstring>
            <d2p1:Key>66,12</d2p1:Key>
            <d2p1:Value>ZA10</d2p1:Value>
          </d2p1:KeyValueOfstringstring>
          <d2p1:KeyValueOfstringstring>
            <d2p1:Key>66,13</d2p1:Key>
            <d2p1:Value>TEST STORE 47</d2p1:Value>
          </d2p1:KeyValueOfstringstring>
          <d2p1:KeyValueOfstringstring>
            <d2p1:Key>66,14</d2p1:Key>
            <d2p1:Value>5</d2p1:Value>
          </d2p1:KeyValueOfstringstring>
          <d2p1:KeyValueOfstringstring>
            <d2p1:Key>66,15</d2p1:Key>
            <d2p1:Value>KM</d2p1:Value>
          </d2p1:KeyValueOfstringstring>
          <d2p1:KeyValueOfstringstring>
            <d2p1:Key>66,16</d2p1:Key>
            <d2p1:Value>22</d2p1:Value>
          </d2p1:KeyValueOfstringstring>
          <d2p1:KeyValueOfstringstring>
            <d2p1:Key>66,17</d2p1:Key>
            <d2p1:Value>0</d2p1:Value>
          </d2p1:KeyValueOfstringstring>
          <d2p1:KeyValueOfstringstring>
            <d2p1:Key>67,5</d2p1:Key>
            <d2p1:Value>300000000083</d2p1:Value>
          </d2p1:KeyValueOfstringstring>
          <d2p1:KeyValueOfstringstring>
            <d2p1:Key>67,6</d2p1:Key>
            <d2p1:Value>1</d2p1:Value>
          </d2p1:KeyValueOfstringstring>
          <d2p1:KeyValueOfstringstring>
            <d2p1:Key>67,7</d2p1:Key>
            <d2p1:Value>DD000</d2p1:Value>
          </d2p1:KeyValueOfstringstring>
          <d2p1:KeyValueOfstringstring>
            <d2p1:Key>67,8</d2p1:Key>
            <d2p1:Value>test</d2p1:Value>
          </d2p1:KeyValueOfstringstring>
          <d2p1:KeyValueOfstringstring>
            <d2p1:Key>67,9</d2p1:Key>
            <d2p1:Value>ZA20</d2p1:Value>
          </d2p1:KeyValueOfstringstring>
          <d2p1:KeyValueOfstringstring>
            <d2p1:Key>67,10</d2p1:Key>
            <d2p1:Value>ZA10</d2p1:Value>
          </d2p1:KeyValueOfstringstring>
          <d2p1:KeyValueOfstringstring>
            <d2p1:Key>67,11</d2p1:Key>
            <d2p1:Value>ZA20</d2p1:Value>
          </d2p1:KeyValueOfstringstring>
          <d2p1:KeyValueOfstringstring>
            <d2p1:Key>67,12</d2p1:Key>
            <d2p1:Value>ZA10</d2p1:Value>
          </d2p1:KeyValueOfstringstring>
          <d2p1:KeyValueOfstringstring>
            <d2p1:Key>67,13</d2p1:Key>
            <d2p1:Value>TEST STORE 47</d2p1:Value>
          </d2p1:KeyValueOfstringstring>
          <d2p1:KeyValueOfstringstring>
            <d2p1:Key>67,14</d2p1:Key>
            <d2p1:Value>5</d2p1:Value>
          </d2p1:KeyValueOfstringstring>
          <d2p1:KeyValueOfstringstring>
            <d2p1:Key>67,15</d2p1:Key>
            <d2p1:Value>KM</d2p1:Value>
          </d2p1:KeyValueOfstringstring>
          <d2p1:KeyValueOfstringstring>
            <d2p1:Key>67,16</d2p1:Key>
            <d2p1:Value>22</d2p1:Value>
          </d2p1:KeyValueOfstringstring>
          <d2p1:KeyValueOfstringstring>
            <d2p1:Key>67,17</d2p1:Key>
            <d2p1:Value>0</d2p1:Value>
          </d2p1:KeyValueOfstringstring>
          <d2p1:KeyValueOfstringstring>
            <d2p1:Key>68,5</d2p1:Key>
            <d2p1:Value>300000000083</d2p1:Value>
          </d2p1:KeyValueOfstringstring>
          <d2p1:KeyValueOfstringstring>
            <d2p1:Key>68,6</d2p1:Key>
            <d2p1:Value>1</d2p1:Value>
          </d2p1:KeyValueOfstringstring>
          <d2p1:KeyValueOfstringstring>
            <d2p1:Key>68,7</d2p1:Key>
            <d2p1:Value>DD000</d2p1:Value>
          </d2p1:KeyValueOfstringstring>
          <d2p1:KeyValueOfstringstring>
            <d2p1:Key>68,8</d2p1:Key>
            <d2p1:Value>test</d2p1:Value>
          </d2p1:KeyValueOfstringstring>
          <d2p1:KeyValueOfstringstring>
            <d2p1:Key>68,9</d2p1:Key>
            <d2p1:Value>ZA20</d2p1:Value>
          </d2p1:KeyValueOfstringstring>
          <d2p1:KeyValueOfstringstring>
            <d2p1:Key>68,10</d2p1:Key>
            <d2p1:Value>ZA10</d2p1:Value>
          </d2p1:KeyValueOfstringstring>
          <d2p1:KeyValueOfstringstring>
            <d2p1:Key>68,11</d2p1:Key>
            <d2p1:Value>ZA20</d2p1:Value>
          </d2p1:KeyValueOfstringstring>
          <d2p1:KeyValueOfstringstring>
            <d2p1:Key>68,12</d2p1:Key>
            <d2p1:Value>ZA10</d2p1:Value>
          </d2p1:KeyValueOfstringstring>
          <d2p1:KeyValueOfstringstring>
            <d2p1:Key>68,13</d2p1:Key>
            <d2p1:Value>TEST STORE 47</d2p1:Value>
          </d2p1:KeyValueOfstringstring>
          <d2p1:KeyValueOfstringstring>
            <d2p1:Key>68,14</d2p1:Key>
            <d2p1:Value>5</d2p1:Value>
          </d2p1:KeyValueOfstringstring>
          <d2p1:KeyValueOfstringstring>
            <d2p1:Key>68,15</d2p1:Key>
            <d2p1:Value>KM</d2p1:Value>
          </d2p1:KeyValueOfstringstring>
          <d2p1:KeyValueOfstringstring>
            <d2p1:Key>68,16</d2p1:Key>
            <d2p1:Value>22</d2p1:Value>
          </d2p1:KeyValueOfstringstring>
          <d2p1:KeyValueOfstringstring>
            <d2p1:Key>68,17</d2p1:Key>
            <d2p1:Value>0</d2p1:Value>
          </d2p1:KeyValueOfstringstring>
          <d2p1:KeyValueOfstringstring>
            <d2p1:Key>69,5</d2p1:Key>
            <d2p1:Value>300000000083</d2p1:Value>
          </d2p1:KeyValueOfstringstring>
          <d2p1:KeyValueOfstringstring>
            <d2p1:Key>69,6</d2p1:Key>
            <d2p1:Value>1</d2p1:Value>
          </d2p1:KeyValueOfstringstring>
          <d2p1:KeyValueOfstringstring>
            <d2p1:Key>69,7</d2p1:Key>
            <d2p1:Value>DD000</d2p1:Value>
          </d2p1:KeyValueOfstringstring>
          <d2p1:KeyValueOfstringstring>
            <d2p1:Key>69,8</d2p1:Key>
            <d2p1:Value>test</d2p1:Value>
          </d2p1:KeyValueOfstringstring>
          <d2p1:KeyValueOfstringstring>
            <d2p1:Key>69,9</d2p1:Key>
            <d2p1:Value>ZA20</d2p1:Value>
          </d2p1:KeyValueOfstringstring>
          <d2p1:KeyValueOfstringstring>
            <d2p1:Key>69,10</d2p1:Key>
            <d2p1:Value>ZA10</d2p1:Value>
          </d2p1:KeyValueOfstringstring>
          <d2p1:KeyValueOfstringstring>
            <d2p1:Key>69,11</d2p1:Key>
            <d2p1:Value>ZA20</d2p1:Value>
          </d2p1:KeyValueOfstringstring>
          <d2p1:KeyValueOfstringstring>
            <d2p1:Key>69,12</d2p1:Key>
            <d2p1:Value>ZA10</d2p1:Value>
          </d2p1:KeyValueOfstringstring>
          <d2p1:KeyValueOfstringstring>
            <d2p1:Key>69,13</d2p1:Key>
            <d2p1:Value>TEST STORE 47</d2p1:Value>
          </d2p1:KeyValueOfstringstring>
          <d2p1:KeyValueOfstringstring>
            <d2p1:Key>69,14</d2p1:Key>
            <d2p1:Value>5</d2p1:Value>
          </d2p1:KeyValueOfstringstring>
          <d2p1:KeyValueOfstringstring>
            <d2p1:Key>69,15</d2p1:Key>
            <d2p1:Value>KM</d2p1:Value>
          </d2p1:KeyValueOfstringstring>
          <d2p1:KeyValueOfstringstring>
            <d2p1:Key>69,16</d2p1:Key>
            <d2p1:Value>22</d2p1:Value>
          </d2p1:KeyValueOfstringstring>
          <d2p1:KeyValueOfstringstring>
            <d2p1:Key>69,17</d2p1:Key>
            <d2p1:Value>0</d2p1:Value>
          </d2p1:KeyValueOfstringstring>
          <d2p1:KeyValueOfstringstring>
            <d2p1:Key>70,5</d2p1:Key>
            <d2p1:Value>300000000083</d2p1:Value>
          </d2p1:KeyValueOfstringstring>
          <d2p1:KeyValueOfstringstring>
            <d2p1:Key>70,6</d2p1:Key>
            <d2p1:Value>1</d2p1:Value>
          </d2p1:KeyValueOfstringstring>
          <d2p1:KeyValueOfstringstring>
            <d2p1:Key>70,7</d2p1:Key>
            <d2p1:Value>DD000</d2p1:Value>
          </d2p1:KeyValueOfstringstring>
          <d2p1:KeyValueOfstringstring>
            <d2p1:Key>70,8</d2p1:Key>
            <d2p1:Value>test</d2p1:Value>
          </d2p1:KeyValueOfstringstring>
          <d2p1:KeyValueOfstringstring>
            <d2p1:Key>70,9</d2p1:Key>
            <d2p1:Value>ZA20</d2p1:Value>
          </d2p1:KeyValueOfstringstring>
          <d2p1:KeyValueOfstringstring>
            <d2p1:Key>70,10</d2p1:Key>
            <d2p1:Value>ZA10</d2p1:Value>
          </d2p1:KeyValueOfstringstring>
          <d2p1:KeyValueOfstringstring>
            <d2p1:Key>70,11</d2p1:Key>
            <d2p1:Value>ZA20</d2p1:Value>
          </d2p1:KeyValueOfstringstring>
          <d2p1:KeyValueOfstringstring>
            <d2p1:Key>70,12</d2p1:Key>
            <d2p1:Value>ZA10</d2p1:Value>
          </d2p1:KeyValueOfstringstring>
          <d2p1:KeyValueOfstringstring>
            <d2p1:Key>70,13</d2p1:Key>
            <d2p1:Value>TEST STORE 47</d2p1:Value>
          </d2p1:KeyValueOfstringstring>
          <d2p1:KeyValueOfstringstring>
            <d2p1:Key>70,14</d2p1:Key>
            <d2p1:Value>5</d2p1:Value>
          </d2p1:KeyValueOfstringstring>
          <d2p1:KeyValueOfstringstring>
            <d2p1:Key>70,15</d2p1:Key>
            <d2p1:Value>KM</d2p1:Value>
          </d2p1:KeyValueOfstringstring>
          <d2p1:KeyValueOfstringstring>
            <d2p1:Key>70,16</d2p1:Key>
            <d2p1:Value>22</d2p1:Value>
          </d2p1:KeyValueOfstringstring>
          <d2p1:KeyValueOfstringstring>
            <d2p1:Key>70,17</d2p1:Key>
            <d2p1:Value>0</d2p1:Value>
          </d2p1:KeyValueOfstringstring>
          <d2p1:KeyValueOfstringstring>
            <d2p1:Key>71,5</d2p1:Key>
            <d2p1:Value>300000000083</d2p1:Value>
          </d2p1:KeyValueOfstringstring>
          <d2p1:KeyValueOfstringstring>
            <d2p1:Key>71,6</d2p1:Key>
            <d2p1:Value>1</d2p1:Value>
          </d2p1:KeyValueOfstringstring>
          <d2p1:KeyValueOfstringstring>
            <d2p1:Key>71,7</d2p1:Key>
            <d2p1:Value>DD000</d2p1:Value>
          </d2p1:KeyValueOfstringstring>
          <d2p1:KeyValueOfstringstring>
            <d2p1:Key>71,8</d2p1:Key>
            <d2p1:Value>test</d2p1:Value>
          </d2p1:KeyValueOfstringstring>
          <d2p1:KeyValueOfstringstring>
            <d2p1:Key>71,9</d2p1:Key>
            <d2p1:Value>ZA20</d2p1:Value>
          </d2p1:KeyValueOfstringstring>
          <d2p1:KeyValueOfstringstring>
            <d2p1:Key>71,10</d2p1:Key>
            <d2p1:Value>ZA10</d2p1:Value>
          </d2p1:KeyValueOfstringstring>
          <d2p1:KeyValueOfstringstring>
            <d2p1:Key>71,11</d2p1:Key>
            <d2p1:Value>ZA20</d2p1:Value>
          </d2p1:KeyValueOfstringstring>
          <d2p1:KeyValueOfstringstring>
            <d2p1:Key>71,12</d2p1:Key>
            <d2p1:Value>ZA10</d2p1:Value>
          </d2p1:KeyValueOfstringstring>
          <d2p1:KeyValueOfstringstring>
            <d2p1:Key>71,13</d2p1:Key>
            <d2p1:Value>TEST STORE 47</d2p1:Value>
          </d2p1:KeyValueOfstringstring>
          <d2p1:KeyValueOfstringstring>
            <d2p1:Key>71,14</d2p1:Key>
            <d2p1:Value>5</d2p1:Value>
          </d2p1:KeyValueOfstringstring>
          <d2p1:KeyValueOfstringstring>
            <d2p1:Key>71,15</d2p1:Key>
            <d2p1:Value>KM</d2p1:Value>
          </d2p1:KeyValueOfstringstring>
          <d2p1:KeyValueOfstringstring>
            <d2p1:Key>71,16</d2p1:Key>
            <d2p1:Value>22</d2p1:Value>
          </d2p1:KeyValueOfstringstring>
          <d2p1:KeyValueOfstringstring>
            <d2p1:Key>71,17</d2p1:Key>
            <d2p1:Value>0</d2p1:Value>
          </d2p1:KeyValueOfstringstring>
          <d2p1:KeyValueOfstringstring>
            <d2p1:Key>72,5</d2p1:Key>
            <d2p1:Value>300000000083</d2p1:Value>
          </d2p1:KeyValueOfstringstring>
          <d2p1:KeyValueOfstringstring>
            <d2p1:Key>72,6</d2p1:Key>
            <d2p1:Value>1</d2p1:Value>
          </d2p1:KeyValueOfstringstring>
          <d2p1:KeyValueOfstringstring>
            <d2p1:Key>72,7</d2p1:Key>
            <d2p1:Value>DD000</d2p1:Value>
          </d2p1:KeyValueOfstringstring>
          <d2p1:KeyValueOfstringstring>
            <d2p1:Key>72,8</d2p1:Key>
            <d2p1:Value>test</d2p1:Value>
          </d2p1:KeyValueOfstringstring>
          <d2p1:KeyValueOfstringstring>
            <d2p1:Key>72,9</d2p1:Key>
            <d2p1:Value>ZA20</d2p1:Value>
          </d2p1:KeyValueOfstringstring>
          <d2p1:KeyValueOfstringstring>
            <d2p1:Key>72,10</d2p1:Key>
            <d2p1:Value>ZA10</d2p1:Value>
          </d2p1:KeyValueOfstringstring>
          <d2p1:KeyValueOfstringstring>
            <d2p1:Key>72,11</d2p1:Key>
            <d2p1:Value>ZA20</d2p1:Value>
          </d2p1:KeyValueOfstringstring>
          <d2p1:KeyValueOfstringstring>
            <d2p1:Key>72,12</d2p1:Key>
            <d2p1:Value>ZA10</d2p1:Value>
          </d2p1:KeyValueOfstringstring>
          <d2p1:KeyValueOfstringstring>
            <d2p1:Key>72,13</d2p1:Key>
            <d2p1:Value>TEST STORE 47</d2p1:Value>
          </d2p1:KeyValueOfstringstring>
          <d2p1:KeyValueOfstringstring>
            <d2p1:Key>72,14</d2p1:Key>
            <d2p1:Value>5</d2p1:Value>
          </d2p1:KeyValueOfstringstring>
          <d2p1:KeyValueOfstringstring>
            <d2p1:Key>72,15</d2p1:Key>
            <d2p1:Value>KM</d2p1:Value>
          </d2p1:KeyValueOfstringstring>
          <d2p1:KeyValueOfstringstring>
            <d2p1:Key>72,16</d2p1:Key>
            <d2p1:Value>22</d2p1:Value>
          </d2p1:KeyValueOfstringstring>
          <d2p1:KeyValueOfstringstring>
            <d2p1:Key>72,17</d2p1:Key>
            <d2p1:Value>0</d2p1:Value>
          </d2p1:KeyValueOfstringstring>
          <d2p1:KeyValueOfstringstring>
            <d2p1:Key>73,5</d2p1:Key>
            <d2p1:Value>300000000083</d2p1:Value>
          </d2p1:KeyValueOfstringstring>
          <d2p1:KeyValueOfstringstring>
            <d2p1:Key>73,6</d2p1:Key>
            <d2p1:Value>1</d2p1:Value>
          </d2p1:KeyValueOfstringstring>
          <d2p1:KeyValueOfstringstring>
            <d2p1:Key>73,7</d2p1:Key>
            <d2p1:Value>DD000</d2p1:Value>
          </d2p1:KeyValueOfstringstring>
          <d2p1:KeyValueOfstringstring>
            <d2p1:Key>73,8</d2p1:Key>
            <d2p1:Value>test</d2p1:Value>
          </d2p1:KeyValueOfstringstring>
          <d2p1:KeyValueOfstringstring>
            <d2p1:Key>73,9</d2p1:Key>
            <d2p1:Value>ZA20</d2p1:Value>
          </d2p1:KeyValueOfstringstring>
          <d2p1:KeyValueOfstringstring>
            <d2p1:Key>73,10</d2p1:Key>
            <d2p1:Value>ZA10</d2p1:Value>
          </d2p1:KeyValueOfstringstring>
          <d2p1:KeyValueOfstringstring>
            <d2p1:Key>73,11</d2p1:Key>
            <d2p1:Value>ZA20</d2p1:Value>
          </d2p1:KeyValueOfstringstring>
          <d2p1:KeyValueOfstringstring>
            <d2p1:Key>73,12</d2p1:Key>
            <d2p1:Value>ZA10</d2p1:Value>
          </d2p1:KeyValueOfstringstring>
          <d2p1:KeyValueOfstringstring>
            <d2p1:Key>73,13</d2p1:Key>
            <d2p1:Value>TEST STORE 47</d2p1:Value>
          </d2p1:KeyValueOfstringstring>
          <d2p1:KeyValueOfstringstring>
            <d2p1:Key>73,14</d2p1:Key>
            <d2p1:Value>5</d2p1:Value>
          </d2p1:KeyValueOfstringstring>
          <d2p1:KeyValueOfstringstring>
            <d2p1:Key>73,15</d2p1:Key>
            <d2p1:Value>KM</d2p1:Value>
          </d2p1:KeyValueOfstringstring>
          <d2p1:KeyValueOfstringstring>
            <d2p1:Key>73,16</d2p1:Key>
            <d2p1:Value>22</d2p1:Value>
          </d2p1:KeyValueOfstringstring>
          <d2p1:KeyValueOfstringstring>
            <d2p1:Key>73,17</d2p1:Key>
            <d2p1:Value>0</d2p1:Value>
          </d2p1:KeyValueOfstringstring>
          <d2p1:KeyValueOfstringstring>
            <d2p1:Key>74,5</d2p1:Key>
            <d2p1:Value>300000000083</d2p1:Value>
          </d2p1:KeyValueOfstringstring>
          <d2p1:KeyValueOfstringstring>
            <d2p1:Key>74,6</d2p1:Key>
            <d2p1:Value>1</d2p1:Value>
          </d2p1:KeyValueOfstringstring>
          <d2p1:KeyValueOfstringstring>
            <d2p1:Key>74,7</d2p1:Key>
            <d2p1:Value>DD000</d2p1:Value>
          </d2p1:KeyValueOfstringstring>
          <d2p1:KeyValueOfstringstring>
            <d2p1:Key>74,8</d2p1:Key>
            <d2p1:Value>test</d2p1:Value>
          </d2p1:KeyValueOfstringstring>
          <d2p1:KeyValueOfstringstring>
            <d2p1:Key>74,9</d2p1:Key>
            <d2p1:Value>ZA20</d2p1:Value>
          </d2p1:KeyValueOfstringstring>
          <d2p1:KeyValueOfstringstring>
            <d2p1:Key>74,10</d2p1:Key>
            <d2p1:Value>ZA10</d2p1:Value>
          </d2p1:KeyValueOfstringstring>
          <d2p1:KeyValueOfstringstring>
            <d2p1:Key>74,11</d2p1:Key>
            <d2p1:Value>ZA20</d2p1:Value>
          </d2p1:KeyValueOfstringstring>
          <d2p1:KeyValueOfstringstring>
            <d2p1:Key>74,12</d2p1:Key>
            <d2p1:Value>ZA10</d2p1:Value>
          </d2p1:KeyValueOfstringstring>
          <d2p1:KeyValueOfstringstring>
            <d2p1:Key>74,13</d2p1:Key>
            <d2p1:Value>TEST STORE 47</d2p1:Value>
          </d2p1:KeyValueOfstringstring>
          <d2p1:KeyValueOfstringstring>
            <d2p1:Key>74,14</d2p1:Key>
            <d2p1:Value>5</d2p1:Value>
          </d2p1:KeyValueOfstringstring>
          <d2p1:KeyValueOfstringstring>
            <d2p1:Key>74,15</d2p1:Key>
            <d2p1:Value>KM</d2p1:Value>
          </d2p1:KeyValueOfstringstring>
          <d2p1:KeyValueOfstringstring>
            <d2p1:Key>74,16</d2p1:Key>
            <d2p1:Value>22</d2p1:Value>
          </d2p1:KeyValueOfstringstring>
          <d2p1:KeyValueOfstringstring>
            <d2p1:Key>74,17</d2p1:Key>
            <d2p1:Value>0</d2p1:Value>
          </d2p1:KeyValueOfstringstring>
          <d2p1:KeyValueOfstringstring>
            <d2p1:Key>75,5</d2p1:Key>
            <d2p1:Value>300000000083</d2p1:Value>
          </d2p1:KeyValueOfstringstring>
          <d2p1:KeyValueOfstringstring>
            <d2p1:Key>75,6</d2p1:Key>
            <d2p1:Value>1</d2p1:Value>
          </d2p1:KeyValueOfstringstring>
          <d2p1:KeyValueOfstringstring>
            <d2p1:Key>75,7</d2p1:Key>
            <d2p1:Value>DD000</d2p1:Value>
          </d2p1:KeyValueOfstringstring>
          <d2p1:KeyValueOfstringstring>
            <d2p1:Key>75,8</d2p1:Key>
            <d2p1:Value>test</d2p1:Value>
          </d2p1:KeyValueOfstringstring>
          <d2p1:KeyValueOfstringstring>
            <d2p1:Key>75,9</d2p1:Key>
            <d2p1:Value>ZA20</d2p1:Value>
          </d2p1:KeyValueOfstringstring>
          <d2p1:KeyValueOfstringstring>
            <d2p1:Key>75,10</d2p1:Key>
            <d2p1:Value>ZA10</d2p1:Value>
          </d2p1:KeyValueOfstringstring>
          <d2p1:KeyValueOfstringstring>
            <d2p1:Key>75,11</d2p1:Key>
            <d2p1:Value>ZA20</d2p1:Value>
          </d2p1:KeyValueOfstringstring>
          <d2p1:KeyValueOfstringstring>
            <d2p1:Key>75,12</d2p1:Key>
            <d2p1:Value>ZA10</d2p1:Value>
          </d2p1:KeyValueOfstringstring>
          <d2p1:KeyValueOfstringstring>
            <d2p1:Key>75,13</d2p1:Key>
            <d2p1:Value>TEST STORE 47</d2p1:Value>
          </d2p1:KeyValueOfstringstring>
          <d2p1:KeyValueOfstringstring>
            <d2p1:Key>75,14</d2p1:Key>
            <d2p1:Value>5</d2p1:Value>
          </d2p1:KeyValueOfstringstring>
          <d2p1:KeyValueOfstringstring>
            <d2p1:Key>75,15</d2p1:Key>
            <d2p1:Value>KM</d2p1:Value>
          </d2p1:KeyValueOfstringstring>
          <d2p1:KeyValueOfstringstring>
            <d2p1:Key>75,16</d2p1:Key>
            <d2p1:Value>22</d2p1:Value>
          </d2p1:KeyValueOfstringstring>
          <d2p1:KeyValueOfstringstring>
            <d2p1:Key>75,17</d2p1:Key>
            <d2p1:Value>0</d2p1:Value>
          </d2p1:KeyValueOfstringstring>
          <d2p1:KeyValueOfstringstring>
            <d2p1:Key>76,5</d2p1:Key>
            <d2p1:Value>300000000083</d2p1:Value>
          </d2p1:KeyValueOfstringstring>
          <d2p1:KeyValueOfstringstring>
            <d2p1:Key>76,6</d2p1:Key>
            <d2p1:Value>1</d2p1:Value>
          </d2p1:KeyValueOfstringstring>
          <d2p1:KeyValueOfstringstring>
            <d2p1:Key>76,7</d2p1:Key>
            <d2p1:Value>DD000</d2p1:Value>
          </d2p1:KeyValueOfstringstring>
          <d2p1:KeyValueOfstringstring>
            <d2p1:Key>76,8</d2p1:Key>
            <d2p1:Value>test</d2p1:Value>
          </d2p1:KeyValueOfstringstring>
          <d2p1:KeyValueOfstringstring>
            <d2p1:Key>76,9</d2p1:Key>
            <d2p1:Value>ZA20</d2p1:Value>
          </d2p1:KeyValueOfstringstring>
          <d2p1:KeyValueOfstringstring>
            <d2p1:Key>76,10</d2p1:Key>
            <d2p1:Value>ZA10</d2p1:Value>
          </d2p1:KeyValueOfstringstring>
          <d2p1:KeyValueOfstringstring>
            <d2p1:Key>76,11</d2p1:Key>
            <d2p1:Value>ZA20</d2p1:Value>
          </d2p1:KeyValueOfstringstring>
          <d2p1:KeyValueOfstringstring>
            <d2p1:Key>76,12</d2p1:Key>
            <d2p1:Value>ZA10</d2p1:Value>
          </d2p1:KeyValueOfstringstring>
          <d2p1:KeyValueOfstringstring>
            <d2p1:Key>76,13</d2p1:Key>
            <d2p1:Value>TEST STORE 47</d2p1:Value>
          </d2p1:KeyValueOfstringstring>
          <d2p1:KeyValueOfstringstring>
            <d2p1:Key>76,14</d2p1:Key>
            <d2p1:Value>5</d2p1:Value>
          </d2p1:KeyValueOfstringstring>
          <d2p1:KeyValueOfstringstring>
            <d2p1:Key>76,15</d2p1:Key>
            <d2p1:Value>KM</d2p1:Value>
          </d2p1:KeyValueOfstringstring>
          <d2p1:KeyValueOfstringstring>
            <d2p1:Key>76,16</d2p1:Key>
            <d2p1:Value>22</d2p1:Value>
          </d2p1:KeyValueOfstringstring>
          <d2p1:KeyValueOfstringstring>
            <d2p1:Key>76,17</d2p1:Key>
            <d2p1:Value>0</d2p1:Value>
          </d2p1:KeyValueOfstringstring>
          <d2p1:KeyValueOfstringstring>
            <d2p1:Key>77,5</d2p1:Key>
            <d2p1:Value>300000000083</d2p1:Value>
          </d2p1:KeyValueOfstringstring>
          <d2p1:KeyValueOfstringstring>
            <d2p1:Key>77,6</d2p1:Key>
            <d2p1:Value>1</d2p1:Value>
          </d2p1:KeyValueOfstringstring>
          <d2p1:KeyValueOfstringstring>
            <d2p1:Key>77,7</d2p1:Key>
            <d2p1:Value>DD000</d2p1:Value>
          </d2p1:KeyValueOfstringstring>
          <d2p1:KeyValueOfstringstring>
            <d2p1:Key>77,8</d2p1:Key>
            <d2p1:Value>test</d2p1:Value>
          </d2p1:KeyValueOfstringstring>
          <d2p1:KeyValueOfstringstring>
            <d2p1:Key>77,9</d2p1:Key>
            <d2p1:Value>ZA20</d2p1:Value>
          </d2p1:KeyValueOfstringstring>
          <d2p1:KeyValueOfstringstring>
            <d2p1:Key>77,10</d2p1:Key>
            <d2p1:Value>ZA10</d2p1:Value>
          </d2p1:KeyValueOfstringstring>
          <d2p1:KeyValueOfstringstring>
            <d2p1:Key>77,11</d2p1:Key>
            <d2p1:Value>ZA20</d2p1:Value>
          </d2p1:KeyValueOfstringstring>
          <d2p1:KeyValueOfstringstring>
            <d2p1:Key>77,12</d2p1:Key>
            <d2p1:Value>ZA10</d2p1:Value>
          </d2p1:KeyValueOfstringstring>
          <d2p1:KeyValueOfstringstring>
            <d2p1:Key>77,13</d2p1:Key>
            <d2p1:Value>TEST STORE 47</d2p1:Value>
          </d2p1:KeyValueOfstringstring>
          <d2p1:KeyValueOfstringstring>
            <d2p1:Key>77,14</d2p1:Key>
            <d2p1:Value>5</d2p1:Value>
          </d2p1:KeyValueOfstringstring>
          <d2p1:KeyValueOfstringstring>
            <d2p1:Key>77,15</d2p1:Key>
            <d2p1:Value>KM</d2p1:Value>
          </d2p1:KeyValueOfstringstring>
          <d2p1:KeyValueOfstringstring>
            <d2p1:Key>77,16</d2p1:Key>
            <d2p1:Value>22</d2p1:Value>
          </d2p1:KeyValueOfstringstring>
          <d2p1:KeyValueOfstringstring>
            <d2p1:Key>77,17</d2p1:Key>
            <d2p1:Value>0</d2p1:Value>
          </d2p1:KeyValueOfstringstring>
          <d2p1:KeyValueOfstringstring>
            <d2p1:Key>78,5</d2p1:Key>
            <d2p1:Value>300000000083</d2p1:Value>
          </d2p1:KeyValueOfstringstring>
          <d2p1:KeyValueOfstringstring>
            <d2p1:Key>78,6</d2p1:Key>
            <d2p1:Value>1</d2p1:Value>
          </d2p1:KeyValueOfstringstring>
          <d2p1:KeyValueOfstringstring>
            <d2p1:Key>78,7</d2p1:Key>
            <d2p1:Value>DD000</d2p1:Value>
          </d2p1:KeyValueOfstringstring>
          <d2p1:KeyValueOfstringstring>
            <d2p1:Key>78,8</d2p1:Key>
            <d2p1:Value>test</d2p1:Value>
          </d2p1:KeyValueOfstringstring>
          <d2p1:KeyValueOfstringstring>
            <d2p1:Key>78,9</d2p1:Key>
            <d2p1:Value>ZA20</d2p1:Value>
          </d2p1:KeyValueOfstringstring>
          <d2p1:KeyValueOfstringstring>
            <d2p1:Key>78,10</d2p1:Key>
            <d2p1:Value>ZA10</d2p1:Value>
          </d2p1:KeyValueOfstringstring>
          <d2p1:KeyValueOfstringstring>
            <d2p1:Key>78,11</d2p1:Key>
            <d2p1:Value>ZA20</d2p1:Value>
          </d2p1:KeyValueOfstringstring>
          <d2p1:KeyValueOfstringstring>
            <d2p1:Key>78,12</d2p1:Key>
            <d2p1:Value>ZA10</d2p1:Value>
          </d2p1:KeyValueOfstringstring>
          <d2p1:KeyValueOfstringstring>
            <d2p1:Key>78,13</d2p1:Key>
            <d2p1:Value>TEST STORE 47</d2p1:Value>
          </d2p1:KeyValueOfstringstring>
          <d2p1:KeyValueOfstringstring>
            <d2p1:Key>78,14</d2p1:Key>
            <d2p1:Value>5</d2p1:Value>
          </d2p1:KeyValueOfstringstring>
          <d2p1:KeyValueOfstringstring>
            <d2p1:Key>78,15</d2p1:Key>
            <d2p1:Value>KM</d2p1:Value>
          </d2p1:KeyValueOfstringstring>
          <d2p1:KeyValueOfstringstring>
            <d2p1:Key>78,16</d2p1:Key>
            <d2p1:Value>22</d2p1:Value>
          </d2p1:KeyValueOfstringstring>
          <d2p1:KeyValueOfstringstring>
            <d2p1:Key>78,17</d2p1:Key>
            <d2p1:Value>0</d2p1:Value>
          </d2p1:KeyValueOfstringstring>
          <d2p1:KeyValueOfstringstring>
            <d2p1:Key>79,5</d2p1:Key>
            <d2p1:Value>300000000083</d2p1:Value>
          </d2p1:KeyValueOfstringstring>
          <d2p1:KeyValueOfstringstring>
            <d2p1:Key>79,6</d2p1:Key>
            <d2p1:Value>1</d2p1:Value>
          </d2p1:KeyValueOfstringstring>
          <d2p1:KeyValueOfstringstring>
            <d2p1:Key>79,7</d2p1:Key>
            <d2p1:Value>DD000</d2p1:Value>
          </d2p1:KeyValueOfstringstring>
          <d2p1:KeyValueOfstringstring>
            <d2p1:Key>79,8</d2p1:Key>
            <d2p1:Value>test</d2p1:Value>
          </d2p1:KeyValueOfstringstring>
          <d2p1:KeyValueOfstringstring>
            <d2p1:Key>79,9</d2p1:Key>
            <d2p1:Value>ZA20</d2p1:Value>
          </d2p1:KeyValueOfstringstring>
          <d2p1:KeyValueOfstringstring>
            <d2p1:Key>79,10</d2p1:Key>
            <d2p1:Value>ZA10</d2p1:Value>
          </d2p1:KeyValueOfstringstring>
          <d2p1:KeyValueOfstringstring>
            <d2p1:Key>79,11</d2p1:Key>
            <d2p1:Value>ZA20</d2p1:Value>
          </d2p1:KeyValueOfstringstring>
          <d2p1:KeyValueOfstringstring>
            <d2p1:Key>79,12</d2p1:Key>
            <d2p1:Value>ZA10</d2p1:Value>
          </d2p1:KeyValueOfstringstring>
          <d2p1:KeyValueOfstringstring>
            <d2p1:Key>79,13</d2p1:Key>
            <d2p1:Value>TEST STORE 47</d2p1:Value>
          </d2p1:KeyValueOfstringstring>
          <d2p1:KeyValueOfstringstring>
            <d2p1:Key>79,14</d2p1:Key>
            <d2p1:Value>5</d2p1:Value>
          </d2p1:KeyValueOfstringstring>
          <d2p1:KeyValueOfstringstring>
            <d2p1:Key>79,15</d2p1:Key>
            <d2p1:Value>KM</d2p1:Value>
          </d2p1:KeyValueOfstringstring>
          <d2p1:KeyValueOfstringstring>
            <d2p1:Key>79,16</d2p1:Key>
            <d2p1:Value>22</d2p1:Value>
          </d2p1:KeyValueOfstringstring>
          <d2p1:KeyValueOfstringstring>
            <d2p1:Key>79,17</d2p1:Key>
            <d2p1:Value>0</d2p1:Value>
          </d2p1:KeyValueOfstringstring>
          <d2p1:KeyValueOfstringstring>
            <d2p1:Key>80,5</d2p1:Key>
            <d2p1:Value>300000000083</d2p1:Value>
          </d2p1:KeyValueOfstringstring>
          <d2p1:KeyValueOfstringstring>
            <d2p1:Key>80,6</d2p1:Key>
            <d2p1:Value>1</d2p1:Value>
          </d2p1:KeyValueOfstringstring>
          <d2p1:KeyValueOfstringstring>
            <d2p1:Key>80,7</d2p1:Key>
            <d2p1:Value>DD000</d2p1:Value>
          </d2p1:KeyValueOfstringstring>
          <d2p1:KeyValueOfstringstring>
            <d2p1:Key>80,8</d2p1:Key>
            <d2p1:Value>test</d2p1:Value>
          </d2p1:KeyValueOfstringstring>
          <d2p1:KeyValueOfstringstring>
            <d2p1:Key>80,9</d2p1:Key>
            <d2p1:Value>ZA20</d2p1:Value>
          </d2p1:KeyValueOfstringstring>
          <d2p1:KeyValueOfstringstring>
            <d2p1:Key>80,10</d2p1:Key>
            <d2p1:Value>ZA10</d2p1:Value>
          </d2p1:KeyValueOfstringstring>
          <d2p1:KeyValueOfstringstring>
            <d2p1:Key>80,11</d2p1:Key>
            <d2p1:Value>ZA20</d2p1:Value>
          </d2p1:KeyValueOfstringstring>
          <d2p1:KeyValueOfstringstring>
            <d2p1:Key>80,12</d2p1:Key>
            <d2p1:Value>ZA10</d2p1:Value>
          </d2p1:KeyValueOfstringstring>
          <d2p1:KeyValueOfstringstring>
            <d2p1:Key>80,13</d2p1:Key>
            <d2p1:Value>TEST STORE 47</d2p1:Value>
          </d2p1:KeyValueOfstringstring>
          <d2p1:KeyValueOfstringstring>
            <d2p1:Key>80,14</d2p1:Key>
            <d2p1:Value>5</d2p1:Value>
          </d2p1:KeyValueOfstringstring>
          <d2p1:KeyValueOfstringstring>
            <d2p1:Key>80,15</d2p1:Key>
            <d2p1:Value>KM</d2p1:Value>
          </d2p1:KeyValueOfstringstring>
          <d2p1:KeyValueOfstringstring>
            <d2p1:Key>80,16</d2p1:Key>
            <d2p1:Value>22</d2p1:Value>
          </d2p1:KeyValueOfstringstring>
          <d2p1:KeyValueOfstringstring>
            <d2p1:Key>80,17</d2p1:Key>
            <d2p1:Value>0</d2p1:Value>
          </d2p1:KeyValueOfstringstring>
          <d2p1:KeyValueOfstringstring>
            <d2p1:Key>81,5</d2p1:Key>
            <d2p1:Value>300000000083</d2p1:Value>
          </d2p1:KeyValueOfstringstring>
          <d2p1:KeyValueOfstringstring>
            <d2p1:Key>81,6</d2p1:Key>
            <d2p1:Value>1</d2p1:Value>
          </d2p1:KeyValueOfstringstring>
          <d2p1:KeyValueOfstringstring>
            <d2p1:Key>81,7</d2p1:Key>
            <d2p1:Value>DD000</d2p1:Value>
          </d2p1:KeyValueOfstringstring>
          <d2p1:KeyValueOfstringstring>
            <d2p1:Key>81,8</d2p1:Key>
            <d2p1:Value>test</d2p1:Value>
          </d2p1:KeyValueOfstringstring>
          <d2p1:KeyValueOfstringstring>
            <d2p1:Key>81,9</d2p1:Key>
            <d2p1:Value>ZA20</d2p1:Value>
          </d2p1:KeyValueOfstringstring>
          <d2p1:KeyValueOfstringstring>
            <d2p1:Key>81,10</d2p1:Key>
            <d2p1:Value>ZA10</d2p1:Value>
          </d2p1:KeyValueOfstringstring>
          <d2p1:KeyValueOfstringstring>
            <d2p1:Key>81,11</d2p1:Key>
            <d2p1:Value>ZA20</d2p1:Value>
          </d2p1:KeyValueOfstringstring>
          <d2p1:KeyValueOfstringstring>
            <d2p1:Key>81,12</d2p1:Key>
            <d2p1:Value>ZA10</d2p1:Value>
          </d2p1:KeyValueOfstringstring>
          <d2p1:KeyValueOfstringstring>
            <d2p1:Key>81,13</d2p1:Key>
            <d2p1:Value>TEST STORE 47</d2p1:Value>
          </d2p1:KeyValueOfstringstring>
          <d2p1:KeyValueOfstringstring>
            <d2p1:Key>81,14</d2p1:Key>
            <d2p1:Value>5</d2p1:Value>
          </d2p1:KeyValueOfstringstring>
          <d2p1:KeyValueOfstringstring>
            <d2p1:Key>81,15</d2p1:Key>
            <d2p1:Value>KM</d2p1:Value>
          </d2p1:KeyValueOfstringstring>
          <d2p1:KeyValueOfstringstring>
            <d2p1:Key>81,16</d2p1:Key>
            <d2p1:Value>22</d2p1:Value>
          </d2p1:KeyValueOfstringstring>
          <d2p1:KeyValueOfstringstring>
            <d2p1:Key>81,17</d2p1:Key>
            <d2p1:Value>0</d2p1:Value>
          </d2p1:KeyValueOfstringstring>
          <d2p1:KeyValueOfstringstring>
            <d2p1:Key>82,5</d2p1:Key>
            <d2p1:Value>300000000083</d2p1:Value>
          </d2p1:KeyValueOfstringstring>
          <d2p1:KeyValueOfstringstring>
            <d2p1:Key>82,6</d2p1:Key>
            <d2p1:Value>1</d2p1:Value>
          </d2p1:KeyValueOfstringstring>
          <d2p1:KeyValueOfstringstring>
            <d2p1:Key>82,7</d2p1:Key>
            <d2p1:Value>DD000</d2p1:Value>
          </d2p1:KeyValueOfstringstring>
          <d2p1:KeyValueOfstringstring>
            <d2p1:Key>82,8</d2p1:Key>
            <d2p1:Value>test</d2p1:Value>
          </d2p1:KeyValueOfstringstring>
          <d2p1:KeyValueOfstringstring>
            <d2p1:Key>82,9</d2p1:Key>
            <d2p1:Value>ZA20</d2p1:Value>
          </d2p1:KeyValueOfstringstring>
          <d2p1:KeyValueOfstringstring>
            <d2p1:Key>82,10</d2p1:Key>
            <d2p1:Value>ZA10</d2p1:Value>
          </d2p1:KeyValueOfstringstring>
          <d2p1:KeyValueOfstringstring>
            <d2p1:Key>82,11</d2p1:Key>
            <d2p1:Value>ZA20</d2p1:Value>
          </d2p1:KeyValueOfstringstring>
          <d2p1:KeyValueOfstringstring>
            <d2p1:Key>82,12</d2p1:Key>
            <d2p1:Value>ZA10</d2p1:Value>
          </d2p1:KeyValueOfstringstring>
          <d2p1:KeyValueOfstringstring>
            <d2p1:Key>82,13</d2p1:Key>
            <d2p1:Value>TEST STORE 47</d2p1:Value>
          </d2p1:KeyValueOfstringstring>
          <d2p1:KeyValueOfstringstring>
            <d2p1:Key>82,14</d2p1:Key>
            <d2p1:Value>5</d2p1:Value>
          </d2p1:KeyValueOfstringstring>
          <d2p1:KeyValueOfstringstring>
            <d2p1:Key>82,15</d2p1:Key>
            <d2p1:Value>KM</d2p1:Value>
          </d2p1:KeyValueOfstringstring>
          <d2p1:KeyValueOfstringstring>
            <d2p1:Key>82,16</d2p1:Key>
            <d2p1:Value>22</d2p1:Value>
          </d2p1:KeyValueOfstringstring>
          <d2p1:KeyValueOfstringstring>
            <d2p1:Key>82,17</d2p1:Key>
            <d2p1:Value>0</d2p1:Value>
          </d2p1:KeyValueOfstringstring>
          <d2p1:KeyValueOfstringstring>
            <d2p1:Key>83,5</d2p1:Key>
            <d2p1:Value>300000000083</d2p1:Value>
          </d2p1:KeyValueOfstringstring>
          <d2p1:KeyValueOfstringstring>
            <d2p1:Key>83,6</d2p1:Key>
            <d2p1:Value>1</d2p1:Value>
          </d2p1:KeyValueOfstringstring>
          <d2p1:KeyValueOfstringstring>
            <d2p1:Key>83,7</d2p1:Key>
            <d2p1:Value>DD000</d2p1:Value>
          </d2p1:KeyValueOfstringstring>
          <d2p1:KeyValueOfstringstring>
            <d2p1:Key>83,8</d2p1:Key>
            <d2p1:Value>test</d2p1:Value>
          </d2p1:KeyValueOfstringstring>
          <d2p1:KeyValueOfstringstring>
            <d2p1:Key>83,9</d2p1:Key>
            <d2p1:Value>ZA20</d2p1:Value>
          </d2p1:KeyValueOfstringstring>
          <d2p1:KeyValueOfstringstring>
            <d2p1:Key>83,10</d2p1:Key>
            <d2p1:Value>ZA10</d2p1:Value>
          </d2p1:KeyValueOfstringstring>
          <d2p1:KeyValueOfstringstring>
            <d2p1:Key>83,11</d2p1:Key>
            <d2p1:Value>ZA20</d2p1:Value>
          </d2p1:KeyValueOfstringstring>
          <d2p1:KeyValueOfstringstring>
            <d2p1:Key>83,12</d2p1:Key>
            <d2p1:Value>ZA10</d2p1:Value>
          </d2p1:KeyValueOfstringstring>
          <d2p1:KeyValueOfstringstring>
            <d2p1:Key>83,13</d2p1:Key>
            <d2p1:Value>TEST STORE 47</d2p1:Value>
          </d2p1:KeyValueOfstringstring>
          <d2p1:KeyValueOfstringstring>
            <d2p1:Key>83,14</d2p1:Key>
            <d2p1:Value>5</d2p1:Value>
          </d2p1:KeyValueOfstringstring>
          <d2p1:KeyValueOfstringstring>
            <d2p1:Key>83,15</d2p1:Key>
            <d2p1:Value>KM</d2p1:Value>
          </d2p1:KeyValueOfstringstring>
          <d2p1:KeyValueOfstringstring>
            <d2p1:Key>83,16</d2p1:Key>
            <d2p1:Value>22</d2p1:Value>
          </d2p1:KeyValueOfstringstring>
          <d2p1:KeyValueOfstringstring>
            <d2p1:Key>83,17</d2p1:Key>
            <d2p1:Value>0</d2p1:Value>
          </d2p1:KeyValueOfstringstring>
          <d2p1:KeyValueOfstringstring>
            <d2p1:Key>84,5</d2p1:Key>
            <d2p1:Value>300000000083</d2p1:Value>
          </d2p1:KeyValueOfstringstring>
          <d2p1:KeyValueOfstringstring>
            <d2p1:Key>84,6</d2p1:Key>
            <d2p1:Value>1</d2p1:Value>
          </d2p1:KeyValueOfstringstring>
          <d2p1:KeyValueOfstringstring>
            <d2p1:Key>84,7</d2p1:Key>
            <d2p1:Value>DD000</d2p1:Value>
          </d2p1:KeyValueOfstringstring>
          <d2p1:KeyValueOfstringstring>
            <d2p1:Key>84,8</d2p1:Key>
            <d2p1:Value>test</d2p1:Value>
          </d2p1:KeyValueOfstringstring>
          <d2p1:KeyValueOfstringstring>
            <d2p1:Key>84,9</d2p1:Key>
            <d2p1:Value>ZA20</d2p1:Value>
          </d2p1:KeyValueOfstringstring>
          <d2p1:KeyValueOfstringstring>
            <d2p1:Key>84,10</d2p1:Key>
            <d2p1:Value>ZA10</d2p1:Value>
          </d2p1:KeyValueOfstringstring>
          <d2p1:KeyValueOfstringstring>
            <d2p1:Key>84,11</d2p1:Key>
            <d2p1:Value>ZA20</d2p1:Value>
          </d2p1:KeyValueOfstringstring>
          <d2p1:KeyValueOfstringstring>
            <d2p1:Key>84,12</d2p1:Key>
            <d2p1:Value>ZA10</d2p1:Value>
          </d2p1:KeyValueOfstringstring>
          <d2p1:KeyValueOfstringstring>
            <d2p1:Key>84,13</d2p1:Key>
            <d2p1:Value>TEST STORE 47</d2p1:Value>
          </d2p1:KeyValueOfstringstring>
          <d2p1:KeyValueOfstringstring>
            <d2p1:Key>84,14</d2p1:Key>
            <d2p1:Value>5</d2p1:Value>
          </d2p1:KeyValueOfstringstring>
          <d2p1:KeyValueOfstringstring>
            <d2p1:Key>84,15</d2p1:Key>
            <d2p1:Value>KM</d2p1:Value>
          </d2p1:KeyValueOfstringstring>
          <d2p1:KeyValueOfstringstring>
            <d2p1:Key>84,16</d2p1:Key>
            <d2p1:Value>22</d2p1:Value>
          </d2p1:KeyValueOfstringstring>
          <d2p1:KeyValueOfstringstring>
            <d2p1:Key>84,17</d2p1:Key>
            <d2p1:Value>0</d2p1:Value>
          </d2p1:KeyValueOfstringstring>
          <d2p1:KeyValueOfstringstring>
            <d2p1:Key>85,5</d2p1:Key>
            <d2p1:Value>300000000083</d2p1:Value>
          </d2p1:KeyValueOfstringstring>
          <d2p1:KeyValueOfstringstring>
            <d2p1:Key>85,6</d2p1:Key>
            <d2p1:Value>1</d2p1:Value>
          </d2p1:KeyValueOfstringstring>
          <d2p1:KeyValueOfstringstring>
            <d2p1:Key>85,7</d2p1:Key>
            <d2p1:Value>DD000</d2p1:Value>
          </d2p1:KeyValueOfstringstring>
          <d2p1:KeyValueOfstringstring>
            <d2p1:Key>85,8</d2p1:Key>
            <d2p1:Value>test</d2p1:Value>
          </d2p1:KeyValueOfstringstring>
          <d2p1:KeyValueOfstringstring>
            <d2p1:Key>85,9</d2p1:Key>
            <d2p1:Value>ZA20</d2p1:Value>
          </d2p1:KeyValueOfstringstring>
          <d2p1:KeyValueOfstringstring>
            <d2p1:Key>85,10</d2p1:Key>
            <d2p1:Value>ZA10</d2p1:Value>
          </d2p1:KeyValueOfstringstring>
          <d2p1:KeyValueOfstringstring>
            <d2p1:Key>85,11</d2p1:Key>
            <d2p1:Value>ZA20</d2p1:Value>
          </d2p1:KeyValueOfstringstring>
          <d2p1:KeyValueOfstringstring>
            <d2p1:Key>85,12</d2p1:Key>
            <d2p1:Value>ZA10</d2p1:Value>
          </d2p1:KeyValueOfstringstring>
          <d2p1:KeyValueOfstringstring>
            <d2p1:Key>85,13</d2p1:Key>
            <d2p1:Value>TEST STORE 47</d2p1:Value>
          </d2p1:KeyValueOfstringstring>
          <d2p1:KeyValueOfstringstring>
            <d2p1:Key>85,14</d2p1:Key>
            <d2p1:Value>5</d2p1:Value>
          </d2p1:KeyValueOfstringstring>
          <d2p1:KeyValueOfstringstring>
            <d2p1:Key>85,15</d2p1:Key>
            <d2p1:Value>KM</d2p1:Value>
          </d2p1:KeyValueOfstringstring>
          <d2p1:KeyValueOfstringstring>
            <d2p1:Key>85,16</d2p1:Key>
            <d2p1:Value>22</d2p1:Value>
          </d2p1:KeyValueOfstringstring>
          <d2p1:KeyValueOfstringstring>
            <d2p1:Key>85,17</d2p1:Key>
            <d2p1:Value>0</d2p1:Value>
          </d2p1:KeyValueOfstringstring>
          <d2p1:KeyValueOfstringstring>
            <d2p1:Key>86,5</d2p1:Key>
            <d2p1:Value>300000000083</d2p1:Value>
          </d2p1:KeyValueOfstringstring>
          <d2p1:KeyValueOfstringstring>
            <d2p1:Key>86,6</d2p1:Key>
            <d2p1:Value>1</d2p1:Value>
          </d2p1:KeyValueOfstringstring>
          <d2p1:KeyValueOfstringstring>
            <d2p1:Key>86,7</d2p1:Key>
            <d2p1:Value>DD000</d2p1:Value>
          </d2p1:KeyValueOfstringstring>
          <d2p1:KeyValueOfstringstring>
            <d2p1:Key>86,8</d2p1:Key>
            <d2p1:Value>test</d2p1:Value>
          </d2p1:KeyValueOfstringstring>
          <d2p1:KeyValueOfstringstring>
            <d2p1:Key>86,9</d2p1:Key>
            <d2p1:Value>ZA20</d2p1:Value>
          </d2p1:KeyValueOfstringstring>
          <d2p1:KeyValueOfstringstring>
            <d2p1:Key>86,10</d2p1:Key>
            <d2p1:Value>ZA10</d2p1:Value>
          </d2p1:KeyValueOfstringstring>
          <d2p1:KeyValueOfstringstring>
            <d2p1:Key>86,11</d2p1:Key>
            <d2p1:Value>ZA20</d2p1:Value>
          </d2p1:KeyValueOfstringstring>
          <d2p1:KeyValueOfstringstring>
            <d2p1:Key>86,12</d2p1:Key>
            <d2p1:Value>ZA10</d2p1:Value>
          </d2p1:KeyValueOfstringstring>
          <d2p1:KeyValueOfstringstring>
            <d2p1:Key>86,13</d2p1:Key>
            <d2p1:Value>TEST STORE 47</d2p1:Value>
          </d2p1:KeyValueOfstringstring>
          <d2p1:KeyValueOfstringstring>
            <d2p1:Key>86,14</d2p1:Key>
            <d2p1:Value>5</d2p1:Value>
          </d2p1:KeyValueOfstringstring>
          <d2p1:KeyValueOfstringstring>
            <d2p1:Key>86,15</d2p1:Key>
            <d2p1:Value>KM</d2p1:Value>
          </d2p1:KeyValueOfstringstring>
          <d2p1:KeyValueOfstringstring>
            <d2p1:Key>86,16</d2p1:Key>
            <d2p1:Value>22</d2p1:Value>
          </d2p1:KeyValueOfstringstring>
          <d2p1:KeyValueOfstringstring>
            <d2p1:Key>86,17</d2p1:Key>
            <d2p1:Value>0</d2p1:Value>
          </d2p1:KeyValueOfstringstring>
          <d2p1:KeyValueOfstringstring>
            <d2p1:Key>87,5</d2p1:Key>
            <d2p1:Value>300000000083</d2p1:Value>
          </d2p1:KeyValueOfstringstring>
          <d2p1:KeyValueOfstringstring>
            <d2p1:Key>87,6</d2p1:Key>
            <d2p1:Value>1</d2p1:Value>
          </d2p1:KeyValueOfstringstring>
          <d2p1:KeyValueOfstringstring>
            <d2p1:Key>87,7</d2p1:Key>
            <d2p1:Value>DD000</d2p1:Value>
          </d2p1:KeyValueOfstringstring>
          <d2p1:KeyValueOfstringstring>
            <d2p1:Key>87,8</d2p1:Key>
            <d2p1:Value>test</d2p1:Value>
          </d2p1:KeyValueOfstringstring>
          <d2p1:KeyValueOfstringstring>
            <d2p1:Key>87,9</d2p1:Key>
            <d2p1:Value>ZA20</d2p1:Value>
          </d2p1:KeyValueOfstringstring>
          <d2p1:KeyValueOfstringstring>
            <d2p1:Key>87,10</d2p1:Key>
            <d2p1:Value>ZA10</d2p1:Value>
          </d2p1:KeyValueOfstringstring>
          <d2p1:KeyValueOfstringstring>
            <d2p1:Key>87,11</d2p1:Key>
            <d2p1:Value>ZA20</d2p1:Value>
          </d2p1:KeyValueOfstringstring>
          <d2p1:KeyValueOfstringstring>
            <d2p1:Key>87,12</d2p1:Key>
            <d2p1:Value>ZA10</d2p1:Value>
          </d2p1:KeyValueOfstringstring>
          <d2p1:KeyValueOfstringstring>
            <d2p1:Key>87,13</d2p1:Key>
            <d2p1:Value>TEST STORE 47</d2p1:Value>
          </d2p1:KeyValueOfstringstring>
          <d2p1:KeyValueOfstringstring>
            <d2p1:Key>87,14</d2p1:Key>
            <d2p1:Value>5</d2p1:Value>
          </d2p1:KeyValueOfstringstring>
          <d2p1:KeyValueOfstringstring>
            <d2p1:Key>87,15</d2p1:Key>
            <d2p1:Value>KM</d2p1:Value>
          </d2p1:KeyValueOfstringstring>
          <d2p1:KeyValueOfstringstring>
            <d2p1:Key>87,16</d2p1:Key>
            <d2p1:Value>22</d2p1:Value>
          </d2p1:KeyValueOfstringstring>
          <d2p1:KeyValueOfstringstring>
            <d2p1:Key>87,17</d2p1:Key>
            <d2p1:Value>0</d2p1:Value>
          </d2p1:KeyValueOfstringstring>
          <d2p1:KeyValueOfstringstring>
            <d2p1:Key>88,5</d2p1:Key>
            <d2p1:Value>300000000083</d2p1:Value>
          </d2p1:KeyValueOfstringstring>
          <d2p1:KeyValueOfstringstring>
            <d2p1:Key>88,6</d2p1:Key>
            <d2p1:Value>1</d2p1:Value>
          </d2p1:KeyValueOfstringstring>
          <d2p1:KeyValueOfstringstring>
            <d2p1:Key>88,7</d2p1:Key>
            <d2p1:Value>DD000</d2p1:Value>
          </d2p1:KeyValueOfstringstring>
          <d2p1:KeyValueOfstringstring>
            <d2p1:Key>88,8</d2p1:Key>
            <d2p1:Value>test</d2p1:Value>
          </d2p1:KeyValueOfstringstring>
          <d2p1:KeyValueOfstringstring>
            <d2p1:Key>88,9</d2p1:Key>
            <d2p1:Value>ZA20</d2p1:Value>
          </d2p1:KeyValueOfstringstring>
          <d2p1:KeyValueOfstringstring>
            <d2p1:Key>88,10</d2p1:Key>
            <d2p1:Value>ZA10</d2p1:Value>
          </d2p1:KeyValueOfstringstring>
          <d2p1:KeyValueOfstringstring>
            <d2p1:Key>88,11</d2p1:Key>
            <d2p1:Value>ZA20</d2p1:Value>
          </d2p1:KeyValueOfstringstring>
          <d2p1:KeyValueOfstringstring>
            <d2p1:Key>88,12</d2p1:Key>
            <d2p1:Value>ZA10</d2p1:Value>
          </d2p1:KeyValueOfstringstring>
          <d2p1:KeyValueOfstringstring>
            <d2p1:Key>88,13</d2p1:Key>
            <d2p1:Value>TEST STORE 47</d2p1:Value>
          </d2p1:KeyValueOfstringstring>
          <d2p1:KeyValueOfstringstring>
            <d2p1:Key>88,14</d2p1:Key>
            <d2p1:Value>5</d2p1:Value>
          </d2p1:KeyValueOfstringstring>
          <d2p1:KeyValueOfstringstring>
            <d2p1:Key>88,15</d2p1:Key>
            <d2p1:Value>KM</d2p1:Value>
          </d2p1:KeyValueOfstringstring>
          <d2p1:KeyValueOfstringstring>
            <d2p1:Key>88,16</d2p1:Key>
            <d2p1:Value>22</d2p1:Value>
          </d2p1:KeyValueOfstringstring>
          <d2p1:KeyValueOfstringstring>
            <d2p1:Key>88,17</d2p1:Key>
            <d2p1:Value>0</d2p1:Value>
          </d2p1:KeyValueOfstringstring>
          <d2p1:KeyValueOfstringstring>
            <d2p1:Key>89,5</d2p1:Key>
            <d2p1:Value>300000000083</d2p1:Value>
          </d2p1:KeyValueOfstringstring>
          <d2p1:KeyValueOfstringstring>
            <d2p1:Key>89,6</d2p1:Key>
            <d2p1:Value>1</d2p1:Value>
          </d2p1:KeyValueOfstringstring>
          <d2p1:KeyValueOfstringstring>
            <d2p1:Key>89,7</d2p1:Key>
            <d2p1:Value>DD000</d2p1:Value>
          </d2p1:KeyValueOfstringstring>
          <d2p1:KeyValueOfstringstring>
            <d2p1:Key>89,8</d2p1:Key>
            <d2p1:Value>test</d2p1:Value>
          </d2p1:KeyValueOfstringstring>
          <d2p1:KeyValueOfstringstring>
            <d2p1:Key>89,9</d2p1:Key>
            <d2p1:Value>ZA20</d2p1:Value>
          </d2p1:KeyValueOfstringstring>
          <d2p1:KeyValueOfstringstring>
            <d2p1:Key>89,10</d2p1:Key>
            <d2p1:Value>ZA10</d2p1:Value>
          </d2p1:KeyValueOfstringstring>
          <d2p1:KeyValueOfstringstring>
            <d2p1:Key>89,11</d2p1:Key>
            <d2p1:Value>ZA20</d2p1:Value>
          </d2p1:KeyValueOfstringstring>
          <d2p1:KeyValueOfstringstring>
            <d2p1:Key>89,12</d2p1:Key>
            <d2p1:Value>ZA10</d2p1:Value>
          </d2p1:KeyValueOfstringstring>
          <d2p1:KeyValueOfstringstring>
            <d2p1:Key>89,13</d2p1:Key>
            <d2p1:Value>TEST STORE 47</d2p1:Value>
          </d2p1:KeyValueOfstringstring>
          <d2p1:KeyValueOfstringstring>
            <d2p1:Key>89,14</d2p1:Key>
            <d2p1:Value>5</d2p1:Value>
          </d2p1:KeyValueOfstringstring>
          <d2p1:KeyValueOfstringstring>
            <d2p1:Key>89,15</d2p1:Key>
            <d2p1:Value>KM</d2p1:Value>
          </d2p1:KeyValueOfstringstring>
          <d2p1:KeyValueOfstringstring>
            <d2p1:Key>89,16</d2p1:Key>
            <d2p1:Value>22</d2p1:Value>
          </d2p1:KeyValueOfstringstring>
          <d2p1:KeyValueOfstringstring>
            <d2p1:Key>89,17</d2p1:Key>
            <d2p1:Value>0</d2p1:Value>
          </d2p1:KeyValueOfstringstring>
          <d2p1:KeyValueOfstringstring>
            <d2p1:Key>90,5</d2p1:Key>
            <d2p1:Value>300000000083</d2p1:Value>
          </d2p1:KeyValueOfstringstring>
          <d2p1:KeyValueOfstringstring>
            <d2p1:Key>90,6</d2p1:Key>
            <d2p1:Value>1</d2p1:Value>
          </d2p1:KeyValueOfstringstring>
          <d2p1:KeyValueOfstringstring>
            <d2p1:Key>90,7</d2p1:Key>
            <d2p1:Value>DD000</d2p1:Value>
          </d2p1:KeyValueOfstringstring>
          <d2p1:KeyValueOfstringstring>
            <d2p1:Key>90,8</d2p1:Key>
            <d2p1:Value>test</d2p1:Value>
          </d2p1:KeyValueOfstringstring>
          <d2p1:KeyValueOfstringstring>
            <d2p1:Key>90,9</d2p1:Key>
            <d2p1:Value>ZA20</d2p1:Value>
          </d2p1:KeyValueOfstringstring>
          <d2p1:KeyValueOfstringstring>
            <d2p1:Key>90,10</d2p1:Key>
            <d2p1:Value>ZA10</d2p1:Value>
          </d2p1:KeyValueOfstringstring>
          <d2p1:KeyValueOfstringstring>
            <d2p1:Key>90,11</d2p1:Key>
            <d2p1:Value>ZA20</d2p1:Value>
          </d2p1:KeyValueOfstringstring>
          <d2p1:KeyValueOfstringstring>
            <d2p1:Key>90,12</d2p1:Key>
            <d2p1:Value>ZA10</d2p1:Value>
          </d2p1:KeyValueOfstringstring>
          <d2p1:KeyValueOfstringstring>
            <d2p1:Key>90,13</d2p1:Key>
            <d2p1:Value>TEST STORE 47</d2p1:Value>
          </d2p1:KeyValueOfstringstring>
          <d2p1:KeyValueOfstringstring>
            <d2p1:Key>90,14</d2p1:Key>
            <d2p1:Value>5</d2p1:Value>
          </d2p1:KeyValueOfstringstring>
          <d2p1:KeyValueOfstringstring>
            <d2p1:Key>90,15</d2p1:Key>
            <d2p1:Value>KM</d2p1:Value>
          </d2p1:KeyValueOfstringstring>
          <d2p1:KeyValueOfstringstring>
            <d2p1:Key>90,16</d2p1:Key>
            <d2p1:Value>22</d2p1:Value>
          </d2p1:KeyValueOfstringstring>
          <d2p1:KeyValueOfstringstring>
            <d2p1:Key>90,17</d2p1:Key>
            <d2p1:Value>0</d2p1:Value>
          </d2p1:KeyValueOfstringstring>
          <d2p1:KeyValueOfstringstring>
            <d2p1:Key>91,5</d2p1:Key>
            <d2p1:Value>300000000083</d2p1:Value>
          </d2p1:KeyValueOfstringstring>
          <d2p1:KeyValueOfstringstring>
            <d2p1:Key>91,6</d2p1:Key>
            <d2p1:Value>1</d2p1:Value>
          </d2p1:KeyValueOfstringstring>
          <d2p1:KeyValueOfstringstring>
            <d2p1:Key>91,7</d2p1:Key>
            <d2p1:Value>DD000</d2p1:Value>
          </d2p1:KeyValueOfstringstring>
          <d2p1:KeyValueOfstringstring>
            <d2p1:Key>91,8</d2p1:Key>
            <d2p1:Value>test</d2p1:Value>
          </d2p1:KeyValueOfstringstring>
          <d2p1:KeyValueOfstringstring>
            <d2p1:Key>91,9</d2p1:Key>
            <d2p1:Value>ZA20</d2p1:Value>
          </d2p1:KeyValueOfstringstring>
          <d2p1:KeyValueOfstringstring>
            <d2p1:Key>91,10</d2p1:Key>
            <d2p1:Value>ZA10</d2p1:Value>
          </d2p1:KeyValueOfstringstring>
          <d2p1:KeyValueOfstringstring>
            <d2p1:Key>91,11</d2p1:Key>
            <d2p1:Value>ZA20</d2p1:Value>
          </d2p1:KeyValueOfstringstring>
          <d2p1:KeyValueOfstringstring>
            <d2p1:Key>91,12</d2p1:Key>
            <d2p1:Value>ZA10</d2p1:Value>
          </d2p1:KeyValueOfstringstring>
          <d2p1:KeyValueOfstringstring>
            <d2p1:Key>91,13</d2p1:Key>
            <d2p1:Value>TEST STORE 47</d2p1:Value>
          </d2p1:KeyValueOfstringstring>
          <d2p1:KeyValueOfstringstring>
            <d2p1:Key>91,14</d2p1:Key>
            <d2p1:Value>5</d2p1:Value>
          </d2p1:KeyValueOfstringstring>
          <d2p1:KeyValueOfstringstring>
            <d2p1:Key>91,15</d2p1:Key>
            <d2p1:Value>KM</d2p1:Value>
          </d2p1:KeyValueOfstringstring>
          <d2p1:KeyValueOfstringstring>
            <d2p1:Key>91,16</d2p1:Key>
            <d2p1:Value>22</d2p1:Value>
          </d2p1:KeyValueOfstringstring>
          <d2p1:KeyValueOfstringstring>
            <d2p1:Key>91,17</d2p1:Key>
            <d2p1:Value>0</d2p1:Value>
          </d2p1:KeyValueOfstringstring>
          <d2p1:KeyValueOfstringstring>
            <d2p1:Key>92,5</d2p1:Key>
            <d2p1:Value>300000000083</d2p1:Value>
          </d2p1:KeyValueOfstringstring>
          <d2p1:KeyValueOfstringstring>
            <d2p1:Key>92,6</d2p1:Key>
            <d2p1:Value>1</d2p1:Value>
          </d2p1:KeyValueOfstringstring>
          <d2p1:KeyValueOfstringstring>
            <d2p1:Key>92,7</d2p1:Key>
            <d2p1:Value>DD000</d2p1:Value>
          </d2p1:KeyValueOfstringstring>
          <d2p1:KeyValueOfstringstring>
            <d2p1:Key>92,8</d2p1:Key>
            <d2p1:Value>test</d2p1:Value>
          </d2p1:KeyValueOfstringstring>
          <d2p1:KeyValueOfstringstring>
            <d2p1:Key>92,9</d2p1:Key>
            <d2p1:Value>ZA20</d2p1:Value>
          </d2p1:KeyValueOfstringstring>
          <d2p1:KeyValueOfstringstring>
            <d2p1:Key>92,10</d2p1:Key>
            <d2p1:Value>ZA10</d2p1:Value>
          </d2p1:KeyValueOfstringstring>
          <d2p1:KeyValueOfstringstring>
            <d2p1:Key>92,11</d2p1:Key>
            <d2p1:Value>ZA20</d2p1:Value>
          </d2p1:KeyValueOfstringstring>
          <d2p1:KeyValueOfstringstring>
            <d2p1:Key>92,12</d2p1:Key>
            <d2p1:Value>ZA10</d2p1:Value>
          </d2p1:KeyValueOfstringstring>
          <d2p1:KeyValueOfstringstring>
            <d2p1:Key>92,13</d2p1:Key>
            <d2p1:Value>TEST STORE 47</d2p1:Value>
          </d2p1:KeyValueOfstringstring>
          <d2p1:KeyValueOfstringstring>
            <d2p1:Key>92,14</d2p1:Key>
            <d2p1:Value>5</d2p1:Value>
          </d2p1:KeyValueOfstringstring>
          <d2p1:KeyValueOfstringstring>
            <d2p1:Key>92,15</d2p1:Key>
            <d2p1:Value>KM</d2p1:Value>
          </d2p1:KeyValueOfstringstring>
          <d2p1:KeyValueOfstringstring>
            <d2p1:Key>92,16</d2p1:Key>
            <d2p1:Value>22</d2p1:Value>
          </d2p1:KeyValueOfstringstring>
          <d2p1:KeyValueOfstringstring>
            <d2p1:Key>92,17</d2p1:Key>
            <d2p1:Value>0</d2p1:Value>
          </d2p1:KeyValueOfstringstring>
          <d2p1:KeyValueOfstringstring>
            <d2p1:Key>93,5</d2p1:Key>
            <d2p1:Value>300000000083</d2p1:Value>
          </d2p1:KeyValueOfstringstring>
          <d2p1:KeyValueOfstringstring>
            <d2p1:Key>93,6</d2p1:Key>
            <d2p1:Value>1</d2p1:Value>
          </d2p1:KeyValueOfstringstring>
          <d2p1:KeyValueOfstringstring>
            <d2p1:Key>93,7</d2p1:Key>
            <d2p1:Value>DD000</d2p1:Value>
          </d2p1:KeyValueOfstringstring>
          <d2p1:KeyValueOfstringstring>
            <d2p1:Key>93,8</d2p1:Key>
            <d2p1:Value>test</d2p1:Value>
          </d2p1:KeyValueOfstringstring>
          <d2p1:KeyValueOfstringstring>
            <d2p1:Key>93,9</d2p1:Key>
            <d2p1:Value>ZA20</d2p1:Value>
          </d2p1:KeyValueOfstringstring>
          <d2p1:KeyValueOfstringstring>
            <d2p1:Key>93,10</d2p1:Key>
            <d2p1:Value>ZA10</d2p1:Value>
          </d2p1:KeyValueOfstringstring>
          <d2p1:KeyValueOfstringstring>
            <d2p1:Key>93,11</d2p1:Key>
            <d2p1:Value>ZA20</d2p1:Value>
          </d2p1:KeyValueOfstringstring>
          <d2p1:KeyValueOfstringstring>
            <d2p1:Key>93,12</d2p1:Key>
            <d2p1:Value>ZA10</d2p1:Value>
          </d2p1:KeyValueOfstringstring>
          <d2p1:KeyValueOfstringstring>
            <d2p1:Key>93,13</d2p1:Key>
            <d2p1:Value>TEST STORE 47</d2p1:Value>
          </d2p1:KeyValueOfstringstring>
          <d2p1:KeyValueOfstringstring>
            <d2p1:Key>93,14</d2p1:Key>
            <d2p1:Value>5</d2p1:Value>
          </d2p1:KeyValueOfstringstring>
          <d2p1:KeyValueOfstringstring>
            <d2p1:Key>93,15</d2p1:Key>
            <d2p1:Value>KM</d2p1:Value>
          </d2p1:KeyValueOfstringstring>
          <d2p1:KeyValueOfstringstring>
            <d2p1:Key>93,16</d2p1:Key>
            <d2p1:Value>22</d2p1:Value>
          </d2p1:KeyValueOfstringstring>
          <d2p1:KeyValueOfstringstring>
            <d2p1:Key>93,17</d2p1:Key>
            <d2p1:Value>0</d2p1:Value>
          </d2p1:KeyValueOfstringstring>
          <d2p1:KeyValueOfstringstring>
            <d2p1:Key>94,5</d2p1:Key>
            <d2p1:Value>300000000083</d2p1:Value>
          </d2p1:KeyValueOfstringstring>
          <d2p1:KeyValueOfstringstring>
            <d2p1:Key>94,6</d2p1:Key>
            <d2p1:Value>1</d2p1:Value>
          </d2p1:KeyValueOfstringstring>
          <d2p1:KeyValueOfstringstring>
            <d2p1:Key>94,7</d2p1:Key>
            <d2p1:Value>DD000</d2p1:Value>
          </d2p1:KeyValueOfstringstring>
          <d2p1:KeyValueOfstringstring>
            <d2p1:Key>94,8</d2p1:Key>
            <d2p1:Value>test</d2p1:Value>
          </d2p1:KeyValueOfstringstring>
          <d2p1:KeyValueOfstringstring>
            <d2p1:Key>94,9</d2p1:Key>
            <d2p1:Value>ZA20</d2p1:Value>
          </d2p1:KeyValueOfstringstring>
          <d2p1:KeyValueOfstringstring>
            <d2p1:Key>94,10</d2p1:Key>
            <d2p1:Value>ZA10</d2p1:Value>
          </d2p1:KeyValueOfstringstring>
          <d2p1:KeyValueOfstringstring>
            <d2p1:Key>94,11</d2p1:Key>
            <d2p1:Value>ZA20</d2p1:Value>
          </d2p1:KeyValueOfstringstring>
          <d2p1:KeyValueOfstringstring>
            <d2p1:Key>94,12</d2p1:Key>
            <d2p1:Value>ZA10</d2p1:Value>
          </d2p1:KeyValueOfstringstring>
          <d2p1:KeyValueOfstringstring>
            <d2p1:Key>94,13</d2p1:Key>
            <d2p1:Value>TEST STORE 47</d2p1:Value>
          </d2p1:KeyValueOfstringstring>
          <d2p1:KeyValueOfstringstring>
            <d2p1:Key>94,14</d2p1:Key>
            <d2p1:Value>5</d2p1:Value>
          </d2p1:KeyValueOfstringstring>
          <d2p1:KeyValueOfstringstring>
            <d2p1:Key>94,15</d2p1:Key>
            <d2p1:Value>KM</d2p1:Value>
          </d2p1:KeyValueOfstringstring>
          <d2p1:KeyValueOfstringstring>
            <d2p1:Key>94,16</d2p1:Key>
            <d2p1:Value>22</d2p1:Value>
          </d2p1:KeyValueOfstringstring>
          <d2p1:KeyValueOfstringstring>
            <d2p1:Key>94,17</d2p1:Key>
            <d2p1:Value>0</d2p1:Value>
          </d2p1:KeyValueOfstringstring>
          <d2p1:KeyValueOfstringstring>
            <d2p1:Key>95,5</d2p1:Key>
            <d2p1:Value>300000000083</d2p1:Value>
          </d2p1:KeyValueOfstringstring>
          <d2p1:KeyValueOfstringstring>
            <d2p1:Key>95,6</d2p1:Key>
            <d2p1:Value>1</d2p1:Value>
          </d2p1:KeyValueOfstringstring>
          <d2p1:KeyValueOfstringstring>
            <d2p1:Key>95,7</d2p1:Key>
            <d2p1:Value>DD000</d2p1:Value>
          </d2p1:KeyValueOfstringstring>
          <d2p1:KeyValueOfstringstring>
            <d2p1:Key>95,8</d2p1:Key>
            <d2p1:Value>test</d2p1:Value>
          </d2p1:KeyValueOfstringstring>
          <d2p1:KeyValueOfstringstring>
            <d2p1:Key>95,9</d2p1:Key>
            <d2p1:Value>ZA20</d2p1:Value>
          </d2p1:KeyValueOfstringstring>
          <d2p1:KeyValueOfstringstring>
            <d2p1:Key>95,10</d2p1:Key>
            <d2p1:Value>ZA10</d2p1:Value>
          </d2p1:KeyValueOfstringstring>
          <d2p1:KeyValueOfstringstring>
            <d2p1:Key>95,11</d2p1:Key>
            <d2p1:Value>ZA20</d2p1:Value>
          </d2p1:KeyValueOfstringstring>
          <d2p1:KeyValueOfstringstring>
            <d2p1:Key>95,12</d2p1:Key>
            <d2p1:Value>ZA10</d2p1:Value>
          </d2p1:KeyValueOfstringstring>
          <d2p1:KeyValueOfstringstring>
            <d2p1:Key>95,13</d2p1:Key>
            <d2p1:Value>TEST STORE 47</d2p1:Value>
          </d2p1:KeyValueOfstringstring>
          <d2p1:KeyValueOfstringstring>
            <d2p1:Key>95,14</d2p1:Key>
            <d2p1:Value>5</d2p1:Value>
          </d2p1:KeyValueOfstringstring>
          <d2p1:KeyValueOfstringstring>
            <d2p1:Key>95,15</d2p1:Key>
            <d2p1:Value>KM</d2p1:Value>
          </d2p1:KeyValueOfstringstring>
          <d2p1:KeyValueOfstringstring>
            <d2p1:Key>95,16</d2p1:Key>
            <d2p1:Value>22</d2p1:Value>
          </d2p1:KeyValueOfstringstring>
          <d2p1:KeyValueOfstringstring>
            <d2p1:Key>95,17</d2p1:Key>
            <d2p1:Value>0</d2p1:Value>
          </d2p1:KeyValueOfstringstring>
          <d2p1:KeyValueOfstringstring>
            <d2p1:Key>96,5</d2p1:Key>
            <d2p1:Value>300000000083</d2p1:Value>
          </d2p1:KeyValueOfstringstring>
          <d2p1:KeyValueOfstringstring>
            <d2p1:Key>96,6</d2p1:Key>
            <d2p1:Value>1</d2p1:Value>
          </d2p1:KeyValueOfstringstring>
          <d2p1:KeyValueOfstringstring>
            <d2p1:Key>96,7</d2p1:Key>
            <d2p1:Value>DD000</d2p1:Value>
          </d2p1:KeyValueOfstringstring>
          <d2p1:KeyValueOfstringstring>
            <d2p1:Key>96,8</d2p1:Key>
            <d2p1:Value>test</d2p1:Value>
          </d2p1:KeyValueOfstringstring>
          <d2p1:KeyValueOfstringstring>
            <d2p1:Key>96,9</d2p1:Key>
            <d2p1:Value>ZA20</d2p1:Value>
          </d2p1:KeyValueOfstringstring>
          <d2p1:KeyValueOfstringstring>
            <d2p1:Key>96,10</d2p1:Key>
            <d2p1:Value>ZA10</d2p1:Value>
          </d2p1:KeyValueOfstringstring>
          <d2p1:KeyValueOfstringstring>
            <d2p1:Key>96,11</d2p1:Key>
            <d2p1:Value>ZA20</d2p1:Value>
          </d2p1:KeyValueOfstringstring>
          <d2p1:KeyValueOfstringstring>
            <d2p1:Key>96,12</d2p1:Key>
            <d2p1:Value>ZA10</d2p1:Value>
          </d2p1:KeyValueOfstringstring>
          <d2p1:KeyValueOfstringstring>
            <d2p1:Key>96,13</d2p1:Key>
            <d2p1:Value>TEST STORE 47</d2p1:Value>
          </d2p1:KeyValueOfstringstring>
          <d2p1:KeyValueOfstringstring>
            <d2p1:Key>96,14</d2p1:Key>
            <d2p1:Value>5</d2p1:Value>
          </d2p1:KeyValueOfstringstring>
          <d2p1:KeyValueOfstringstring>
            <d2p1:Key>96,15</d2p1:Key>
            <d2p1:Value>KM</d2p1:Value>
          </d2p1:KeyValueOfstringstring>
          <d2p1:KeyValueOfstringstring>
            <d2p1:Key>96,16</d2p1:Key>
            <d2p1:Value>22</d2p1:Value>
          </d2p1:KeyValueOfstringstring>
          <d2p1:KeyValueOfstringstring>
            <d2p1:Key>96,17</d2p1:Key>
            <d2p1:Value>0</d2p1:Value>
          </d2p1:KeyValueOfstringstring>
          <d2p1:KeyValueOfstringstring>
            <d2p1:Key>97,5</d2p1:Key>
            <d2p1:Value>300000000083</d2p1:Value>
          </d2p1:KeyValueOfstringstring>
          <d2p1:KeyValueOfstringstring>
            <d2p1:Key>97,6</d2p1:Key>
            <d2p1:Value>1</d2p1:Value>
          </d2p1:KeyValueOfstringstring>
          <d2p1:KeyValueOfstringstring>
            <d2p1:Key>97,7</d2p1:Key>
            <d2p1:Value>DD000</d2p1:Value>
          </d2p1:KeyValueOfstringstring>
          <d2p1:KeyValueOfstringstring>
            <d2p1:Key>97,8</d2p1:Key>
            <d2p1:Value>test</d2p1:Value>
          </d2p1:KeyValueOfstringstring>
          <d2p1:KeyValueOfstringstring>
            <d2p1:Key>97,9</d2p1:Key>
            <d2p1:Value>ZA20</d2p1:Value>
          </d2p1:KeyValueOfstringstring>
          <d2p1:KeyValueOfstringstring>
            <d2p1:Key>97,10</d2p1:Key>
            <d2p1:Value>ZA10</d2p1:Value>
          </d2p1:KeyValueOfstringstring>
          <d2p1:KeyValueOfstringstring>
            <d2p1:Key>97,11</d2p1:Key>
            <d2p1:Value>ZA20</d2p1:Value>
          </d2p1:KeyValueOfstringstring>
          <d2p1:KeyValueOfstringstring>
            <d2p1:Key>97,12</d2p1:Key>
            <d2p1:Value>ZA10</d2p1:Value>
          </d2p1:KeyValueOfstringstring>
          <d2p1:KeyValueOfstringstring>
            <d2p1:Key>97,13</d2p1:Key>
            <d2p1:Value>TEST STORE 47</d2p1:Value>
          </d2p1:KeyValueOfstringstring>
          <d2p1:KeyValueOfstringstring>
            <d2p1:Key>97,14</d2p1:Key>
            <d2p1:Value>5</d2p1:Value>
          </d2p1:KeyValueOfstringstring>
          <d2p1:KeyValueOfstringstring>
            <d2p1:Key>97,15</d2p1:Key>
            <d2p1:Value>KM</d2p1:Value>
          </d2p1:KeyValueOfstringstring>
          <d2p1:KeyValueOfstringstring>
            <d2p1:Key>97,16</d2p1:Key>
            <d2p1:Value>22</d2p1:Value>
          </d2p1:KeyValueOfstringstring>
          <d2p1:KeyValueOfstringstring>
            <d2p1:Key>97,17</d2p1:Key>
            <d2p1:Value>0</d2p1:Value>
          </d2p1:KeyValueOfstringstring>
          <d2p1:KeyValueOfstringstring>
            <d2p1:Key>98,5</d2p1:Key>
            <d2p1:Value>300000000083</d2p1:Value>
          </d2p1:KeyValueOfstringstring>
          <d2p1:KeyValueOfstringstring>
            <d2p1:Key>98,6</d2p1:Key>
            <d2p1:Value>1</d2p1:Value>
          </d2p1:KeyValueOfstringstring>
          <d2p1:KeyValueOfstringstring>
            <d2p1:Key>98,7</d2p1:Key>
            <d2p1:Value>DD000</d2p1:Value>
          </d2p1:KeyValueOfstringstring>
          <d2p1:KeyValueOfstringstring>
            <d2p1:Key>98,8</d2p1:Key>
            <d2p1:Value>test</d2p1:Value>
          </d2p1:KeyValueOfstringstring>
          <d2p1:KeyValueOfstringstring>
            <d2p1:Key>98,9</d2p1:Key>
            <d2p1:Value>ZA20</d2p1:Value>
          </d2p1:KeyValueOfstringstring>
          <d2p1:KeyValueOfstringstring>
            <d2p1:Key>98,10</d2p1:Key>
            <d2p1:Value>ZA10</d2p1:Value>
          </d2p1:KeyValueOfstringstring>
          <d2p1:KeyValueOfstringstring>
            <d2p1:Key>98,11</d2p1:Key>
            <d2p1:Value>ZA20</d2p1:Value>
          </d2p1:KeyValueOfstringstring>
          <d2p1:KeyValueOfstringstring>
            <d2p1:Key>98,12</d2p1:Key>
            <d2p1:Value>ZA10</d2p1:Value>
          </d2p1:KeyValueOfstringstring>
          <d2p1:KeyValueOfstringstring>
            <d2p1:Key>98,13</d2p1:Key>
            <d2p1:Value>TEST STORE 47</d2p1:Value>
          </d2p1:KeyValueOfstringstring>
          <d2p1:KeyValueOfstringstring>
            <d2p1:Key>98,14</d2p1:Key>
            <d2p1:Value>5</d2p1:Value>
          </d2p1:KeyValueOfstringstring>
          <d2p1:KeyValueOfstringstring>
            <d2p1:Key>98,15</d2p1:Key>
            <d2p1:Value>KM</d2p1:Value>
          </d2p1:KeyValueOfstringstring>
          <d2p1:KeyValueOfstringstring>
            <d2p1:Key>98,16</d2p1:Key>
            <d2p1:Value>22</d2p1:Value>
          </d2p1:KeyValueOfstringstring>
          <d2p1:KeyValueOfstringstring>
            <d2p1:Key>98,17</d2p1:Key>
            <d2p1:Value>0</d2p1:Value>
          </d2p1:KeyValueOfstringstring>
          <d2p1:KeyValueOfstringstring>
            <d2p1:Key>99,5</d2p1:Key>
            <d2p1:Value>300000000083</d2p1:Value>
          </d2p1:KeyValueOfstringstring>
          <d2p1:KeyValueOfstringstring>
            <d2p1:Key>99,6</d2p1:Key>
            <d2p1:Value>1</d2p1:Value>
          </d2p1:KeyValueOfstringstring>
          <d2p1:KeyValueOfstringstring>
            <d2p1:Key>99,7</d2p1:Key>
            <d2p1:Value>DD000</d2p1:Value>
          </d2p1:KeyValueOfstringstring>
          <d2p1:KeyValueOfstringstring>
            <d2p1:Key>99,8</d2p1:Key>
            <d2p1:Value>test</d2p1:Value>
          </d2p1:KeyValueOfstringstring>
          <d2p1:KeyValueOfstringstring>
            <d2p1:Key>99,9</d2p1:Key>
            <d2p1:Value>ZA20</d2p1:Value>
          </d2p1:KeyValueOfstringstring>
          <d2p1:KeyValueOfstringstring>
            <d2p1:Key>99,10</d2p1:Key>
            <d2p1:Value>ZA10</d2p1:Value>
          </d2p1:KeyValueOfstringstring>
          <d2p1:KeyValueOfstringstring>
            <d2p1:Key>99,11</d2p1:Key>
            <d2p1:Value>ZA20</d2p1:Value>
          </d2p1:KeyValueOfstringstring>
          <d2p1:KeyValueOfstringstring>
            <d2p1:Key>99,12</d2p1:Key>
            <d2p1:Value>ZA10</d2p1:Value>
          </d2p1:KeyValueOfstringstring>
          <d2p1:KeyValueOfstringstring>
            <d2p1:Key>99,13</d2p1:Key>
            <d2p1:Value>TEST STORE 47</d2p1:Value>
          </d2p1:KeyValueOfstringstring>
          <d2p1:KeyValueOfstringstring>
            <d2p1:Key>99,14</d2p1:Key>
            <d2p1:Value>5</d2p1:Value>
          </d2p1:KeyValueOfstringstring>
          <d2p1:KeyValueOfstringstring>
            <d2p1:Key>99,15</d2p1:Key>
            <d2p1:Value>KM</d2p1:Value>
          </d2p1:KeyValueOfstringstring>
          <d2p1:KeyValueOfstringstring>
            <d2p1:Key>99,16</d2p1:Key>
            <d2p1:Value>22</d2p1:Value>
          </d2p1:KeyValueOfstringstring>
          <d2p1:KeyValueOfstringstring>
            <d2p1:Key>99,17</d2p1:Key>
            <d2p1:Value>0</d2p1:Value>
          </d2p1:KeyValueOfstringstring>
          <d2p1:KeyValueOfstringstring>
            <d2p1:Key>100,5</d2p1:Key>
            <d2p1:Value>300000000083</d2p1:Value>
          </d2p1:KeyValueOfstringstring>
          <d2p1:KeyValueOfstringstring>
            <d2p1:Key>100,6</d2p1:Key>
            <d2p1:Value>1</d2p1:Value>
          </d2p1:KeyValueOfstringstring>
          <d2p1:KeyValueOfstringstring>
            <d2p1:Key>100,7</d2p1:Key>
            <d2p1:Value>DD000</d2p1:Value>
          </d2p1:KeyValueOfstringstring>
          <d2p1:KeyValueOfstringstring>
            <d2p1:Key>100,8</d2p1:Key>
            <d2p1:Value>test</d2p1:Value>
          </d2p1:KeyValueOfstringstring>
          <d2p1:KeyValueOfstringstring>
            <d2p1:Key>100,9</d2p1:Key>
            <d2p1:Value>ZA20</d2p1:Value>
          </d2p1:KeyValueOfstringstring>
          <d2p1:KeyValueOfstringstring>
            <d2p1:Key>100,10</d2p1:Key>
            <d2p1:Value>ZA10</d2p1:Value>
          </d2p1:KeyValueOfstringstring>
          <d2p1:KeyValueOfstringstring>
            <d2p1:Key>100,11</d2p1:Key>
            <d2p1:Value>ZA20</d2p1:Value>
          </d2p1:KeyValueOfstringstring>
          <d2p1:KeyValueOfstringstring>
            <d2p1:Key>100,12</d2p1:Key>
            <d2p1:Value>ZA10</d2p1:Value>
          </d2p1:KeyValueOfstringstring>
          <d2p1:KeyValueOfstringstring>
            <d2p1:Key>100,13</d2p1:Key>
            <d2p1:Value>TEST STORE 47</d2p1:Value>
          </d2p1:KeyValueOfstringstring>
          <d2p1:KeyValueOfstringstring>
            <d2p1:Key>100,14</d2p1:Key>
            <d2p1:Value>5</d2p1:Value>
          </d2p1:KeyValueOfstringstring>
          <d2p1:KeyValueOfstringstring>
            <d2p1:Key>100,15</d2p1:Key>
            <d2p1:Value>KM</d2p1:Value>
          </d2p1:KeyValueOfstringstring>
          <d2p1:KeyValueOfstringstring>
            <d2p1:Key>100,16</d2p1:Key>
            <d2p1:Value>22</d2p1:Value>
          </d2p1:KeyValueOfstringstring>
          <d2p1:KeyValueOfstringstring>
            <d2p1:Key>100,17</d2p1:Key>
            <d2p1:Value>0</d2p1:Value>
          </d2p1:KeyValueOfstringstring>
          <d2p1:KeyValueOfstringstring>
            <d2p1:Key>101,5</d2p1:Key>
            <d2p1:Value>300000000083</d2p1:Value>
          </d2p1:KeyValueOfstringstring>
          <d2p1:KeyValueOfstringstring>
            <d2p1:Key>101,6</d2p1:Key>
            <d2p1:Value>1</d2p1:Value>
          </d2p1:KeyValueOfstringstring>
          <d2p1:KeyValueOfstringstring>
            <d2p1:Key>101,7</d2p1:Key>
            <d2p1:Value>DD000</d2p1:Value>
          </d2p1:KeyValueOfstringstring>
          <d2p1:KeyValueOfstringstring>
            <d2p1:Key>101,8</d2p1:Key>
            <d2p1:Value>test</d2p1:Value>
          </d2p1:KeyValueOfstringstring>
          <d2p1:KeyValueOfstringstring>
            <d2p1:Key>101,9</d2p1:Key>
            <d2p1:Value>ZA20</d2p1:Value>
          </d2p1:KeyValueOfstringstring>
          <d2p1:KeyValueOfstringstring>
            <d2p1:Key>101,10</d2p1:Key>
            <d2p1:Value>ZA10</d2p1:Value>
          </d2p1:KeyValueOfstringstring>
          <d2p1:KeyValueOfstringstring>
            <d2p1:Key>101,11</d2p1:Key>
            <d2p1:Value>ZA20</d2p1:Value>
          </d2p1:KeyValueOfstringstring>
          <d2p1:KeyValueOfstringstring>
            <d2p1:Key>101,12</d2p1:Key>
            <d2p1:Value>ZA10</d2p1:Value>
          </d2p1:KeyValueOfstringstring>
          <d2p1:KeyValueOfstringstring>
            <d2p1:Key>101,13</d2p1:Key>
            <d2p1:Value>TEST STORE 47</d2p1:Value>
          </d2p1:KeyValueOfstringstring>
          <d2p1:KeyValueOfstringstring>
            <d2p1:Key>101,14</d2p1:Key>
            <d2p1:Value>5</d2p1:Value>
          </d2p1:KeyValueOfstringstring>
          <d2p1:KeyValueOfstringstring>
            <d2p1:Key>101,15</d2p1:Key>
            <d2p1:Value>KM</d2p1:Value>
          </d2p1:KeyValueOfstringstring>
          <d2p1:KeyValueOfstringstring>
            <d2p1:Key>101,16</d2p1:Key>
            <d2p1:Value>22</d2p1:Value>
          </d2p1:KeyValueOfstringstring>
          <d2p1:KeyValueOfstringstring>
            <d2p1:Key>101,17</d2p1:Key>
            <d2p1:Value>0</d2p1:Value>
          </d2p1:KeyValueOfstringstring>
          <d2p1:KeyValueOfstringstring>
            <d2p1:Key>102,5</d2p1:Key>
            <d2p1:Value>300000000083</d2p1:Value>
          </d2p1:KeyValueOfstringstring>
          <d2p1:KeyValueOfstringstring>
            <d2p1:Key>102,6</d2p1:Key>
            <d2p1:Value>1</d2p1:Value>
          </d2p1:KeyValueOfstringstring>
          <d2p1:KeyValueOfstringstring>
            <d2p1:Key>102,7</d2p1:Key>
            <d2p1:Value>DD000</d2p1:Value>
          </d2p1:KeyValueOfstringstring>
          <d2p1:KeyValueOfstringstring>
            <d2p1:Key>102,8</d2p1:Key>
            <d2p1:Value>test</d2p1:Value>
          </d2p1:KeyValueOfstringstring>
          <d2p1:KeyValueOfstringstring>
            <d2p1:Key>102,9</d2p1:Key>
            <d2p1:Value>ZA20</d2p1:Value>
          </d2p1:KeyValueOfstringstring>
          <d2p1:KeyValueOfstringstring>
            <d2p1:Key>102,10</d2p1:Key>
            <d2p1:Value>ZA10</d2p1:Value>
          </d2p1:KeyValueOfstringstring>
          <d2p1:KeyValueOfstringstring>
            <d2p1:Key>102,11</d2p1:Key>
            <d2p1:Value>ZA20</d2p1:Value>
          </d2p1:KeyValueOfstringstring>
          <d2p1:KeyValueOfstringstring>
            <d2p1:Key>102,12</d2p1:Key>
            <d2p1:Value>ZA10</d2p1:Value>
          </d2p1:KeyValueOfstringstring>
          <d2p1:KeyValueOfstringstring>
            <d2p1:Key>102,13</d2p1:Key>
            <d2p1:Value>TEST STORE 47</d2p1:Value>
          </d2p1:KeyValueOfstringstring>
          <d2p1:KeyValueOfstringstring>
            <d2p1:Key>102,14</d2p1:Key>
            <d2p1:Value>5</d2p1:Value>
          </d2p1:KeyValueOfstringstring>
          <d2p1:KeyValueOfstringstring>
            <d2p1:Key>102,15</d2p1:Key>
            <d2p1:Value>KM</d2p1:Value>
          </d2p1:KeyValueOfstringstring>
          <d2p1:KeyValueOfstringstring>
            <d2p1:Key>102,16</d2p1:Key>
            <d2p1:Value>22</d2p1:Value>
          </d2p1:KeyValueOfstringstring>
          <d2p1:KeyValueOfstringstring>
            <d2p1:Key>102,17</d2p1:Key>
            <d2p1:Value>0</d2p1:Value>
          </d2p1:KeyValueOfstringstring>
          <d2p1:KeyValueOfstringstring>
            <d2p1:Key>103,5</d2p1:Key>
            <d2p1:Value>300000000083</d2p1:Value>
          </d2p1:KeyValueOfstringstring>
          <d2p1:KeyValueOfstringstring>
            <d2p1:Key>103,6</d2p1:Key>
            <d2p1:Value>1</d2p1:Value>
          </d2p1:KeyValueOfstringstring>
          <d2p1:KeyValueOfstringstring>
            <d2p1:Key>103,7</d2p1:Key>
            <d2p1:Value>DD000</d2p1:Value>
          </d2p1:KeyValueOfstringstring>
          <d2p1:KeyValueOfstringstring>
            <d2p1:Key>103,8</d2p1:Key>
            <d2p1:Value>test</d2p1:Value>
          </d2p1:KeyValueOfstringstring>
          <d2p1:KeyValueOfstringstring>
            <d2p1:Key>103,9</d2p1:Key>
            <d2p1:Value>ZA20</d2p1:Value>
          </d2p1:KeyValueOfstringstring>
          <d2p1:KeyValueOfstringstring>
            <d2p1:Key>103,10</d2p1:Key>
            <d2p1:Value>ZA10</d2p1:Value>
          </d2p1:KeyValueOfstringstring>
          <d2p1:KeyValueOfstringstring>
            <d2p1:Key>103,11</d2p1:Key>
            <d2p1:Value>ZA20</d2p1:Value>
          </d2p1:KeyValueOfstringstring>
          <d2p1:KeyValueOfstringstring>
            <d2p1:Key>103,12</d2p1:Key>
            <d2p1:Value>ZA10</d2p1:Value>
          </d2p1:KeyValueOfstringstring>
          <d2p1:KeyValueOfstringstring>
            <d2p1:Key>103,13</d2p1:Key>
            <d2p1:Value>TEST STORE 47</d2p1:Value>
          </d2p1:KeyValueOfstringstring>
          <d2p1:KeyValueOfstringstring>
            <d2p1:Key>103,14</d2p1:Key>
            <d2p1:Value>5</d2p1:Value>
          </d2p1:KeyValueOfstringstring>
          <d2p1:KeyValueOfstringstring>
            <d2p1:Key>103,15</d2p1:Key>
            <d2p1:Value>KM</d2p1:Value>
          </d2p1:KeyValueOfstringstring>
          <d2p1:KeyValueOfstringstring>
            <d2p1:Key>103,16</d2p1:Key>
            <d2p1:Value>22</d2p1:Value>
          </d2p1:KeyValueOfstringstring>
          <d2p1:KeyValueOfstringstring>
            <d2p1:Key>103,17</d2p1:Key>
            <d2p1:Value>0</d2p1:Value>
          </d2p1:KeyValueOfstringstring>
          <d2p1:KeyValueOfstringstring>
            <d2p1:Key>104,5</d2p1:Key>
            <d2p1:Value>300000000083</d2p1:Value>
          </d2p1:KeyValueOfstringstring>
          <d2p1:KeyValueOfstringstring>
            <d2p1:Key>104,6</d2p1:Key>
            <d2p1:Value>1</d2p1:Value>
          </d2p1:KeyValueOfstringstring>
          <d2p1:KeyValueOfstringstring>
            <d2p1:Key>104,7</d2p1:Key>
            <d2p1:Value>DD000</d2p1:Value>
          </d2p1:KeyValueOfstringstring>
          <d2p1:KeyValueOfstringstring>
            <d2p1:Key>104,8</d2p1:Key>
            <d2p1:Value>test</d2p1:Value>
          </d2p1:KeyValueOfstringstring>
          <d2p1:KeyValueOfstringstring>
            <d2p1:Key>104,9</d2p1:Key>
            <d2p1:Value>ZA20</d2p1:Value>
          </d2p1:KeyValueOfstringstring>
          <d2p1:KeyValueOfstringstring>
            <d2p1:Key>104,10</d2p1:Key>
            <d2p1:Value>ZA10</d2p1:Value>
          </d2p1:KeyValueOfstringstring>
          <d2p1:KeyValueOfstringstring>
            <d2p1:Key>104,11</d2p1:Key>
            <d2p1:Value>ZA20</d2p1:Value>
          </d2p1:KeyValueOfstringstring>
          <d2p1:KeyValueOfstringstring>
            <d2p1:Key>104,12</d2p1:Key>
            <d2p1:Value>ZA10</d2p1:Value>
          </d2p1:KeyValueOfstringstring>
          <d2p1:KeyValueOfstringstring>
            <d2p1:Key>104,13</d2p1:Key>
            <d2p1:Value>TEST STORE 47</d2p1:Value>
          </d2p1:KeyValueOfstringstring>
          <d2p1:KeyValueOfstringstring>
            <d2p1:Key>104,14</d2p1:Key>
            <d2p1:Value>5</d2p1:Value>
          </d2p1:KeyValueOfstringstring>
          <d2p1:KeyValueOfstringstring>
            <d2p1:Key>104,15</d2p1:Key>
            <d2p1:Value>KM</d2p1:Value>
          </d2p1:KeyValueOfstringstring>
          <d2p1:KeyValueOfstringstring>
            <d2p1:Key>104,16</d2p1:Key>
            <d2p1:Value>22</d2p1:Value>
          </d2p1:KeyValueOfstringstring>
          <d2p1:KeyValueOfstringstring>
            <d2p1:Key>104,17</d2p1:Key>
            <d2p1:Value>0</d2p1:Value>
          </d2p1:KeyValueOfstringstring>
          <d2p1:KeyValueOfstringstring>
            <d2p1:Key>105,5</d2p1:Key>
            <d2p1:Value>300000000083</d2p1:Value>
          </d2p1:KeyValueOfstringstring>
          <d2p1:KeyValueOfstringstring>
            <d2p1:Key>105,6</d2p1:Key>
            <d2p1:Value>1</d2p1:Value>
          </d2p1:KeyValueOfstringstring>
          <d2p1:KeyValueOfstringstring>
            <d2p1:Key>105,7</d2p1:Key>
            <d2p1:Value>DD000</d2p1:Value>
          </d2p1:KeyValueOfstringstring>
          <d2p1:KeyValueOfstringstring>
            <d2p1:Key>105,8</d2p1:Key>
            <d2p1:Value>test</d2p1:Value>
          </d2p1:KeyValueOfstringstring>
          <d2p1:KeyValueOfstringstring>
            <d2p1:Key>105,9</d2p1:Key>
            <d2p1:Value>ZA20</d2p1:Value>
          </d2p1:KeyValueOfstringstring>
          <d2p1:KeyValueOfstringstring>
            <d2p1:Key>105,10</d2p1:Key>
            <d2p1:Value>ZA10</d2p1:Value>
          </d2p1:KeyValueOfstringstring>
          <d2p1:KeyValueOfstringstring>
            <d2p1:Key>105,11</d2p1:Key>
            <d2p1:Value>ZA20</d2p1:Value>
          </d2p1:KeyValueOfstringstring>
          <d2p1:KeyValueOfstringstring>
            <d2p1:Key>105,12</d2p1:Key>
            <d2p1:Value>ZA10</d2p1:Value>
          </d2p1:KeyValueOfstringstring>
          <d2p1:KeyValueOfstringstring>
            <d2p1:Key>105,13</d2p1:Key>
            <d2p1:Value>TEST STORE 47</d2p1:Value>
          </d2p1:KeyValueOfstringstring>
          <d2p1:KeyValueOfstringstring>
            <d2p1:Key>105,14</d2p1:Key>
            <d2p1:Value>5</d2p1:Value>
          </d2p1:KeyValueOfstringstring>
          <d2p1:KeyValueOfstringstring>
            <d2p1:Key>105,15</d2p1:Key>
            <d2p1:Value>KM</d2p1:Value>
          </d2p1:KeyValueOfstringstring>
          <d2p1:KeyValueOfstringstring>
            <d2p1:Key>105,16</d2p1:Key>
            <d2p1:Value>22</d2p1:Value>
          </d2p1:KeyValueOfstringstring>
          <d2p1:KeyValueOfstringstring>
            <d2p1:Key>105,17</d2p1:Key>
            <d2p1:Value>0</d2p1:Value>
          </d2p1:KeyValueOfstringstring>
          <d2p1:KeyValueOfstringstring>
            <d2p1:Key>106,5</d2p1:Key>
            <d2p1:Value>300000000083</d2p1:Value>
          </d2p1:KeyValueOfstringstring>
          <d2p1:KeyValueOfstringstring>
            <d2p1:Key>106,6</d2p1:Key>
            <d2p1:Value>1</d2p1:Value>
          </d2p1:KeyValueOfstringstring>
          <d2p1:KeyValueOfstringstring>
            <d2p1:Key>106,7</d2p1:Key>
            <d2p1:Value>DD000</d2p1:Value>
          </d2p1:KeyValueOfstringstring>
          <d2p1:KeyValueOfstringstring>
            <d2p1:Key>106,8</d2p1:Key>
            <d2p1:Value>test</d2p1:Value>
          </d2p1:KeyValueOfstringstring>
          <d2p1:KeyValueOfstringstring>
            <d2p1:Key>106,9</d2p1:Key>
            <d2p1:Value>ZA20</d2p1:Value>
          </d2p1:KeyValueOfstringstring>
          <d2p1:KeyValueOfstringstring>
            <d2p1:Key>106,10</d2p1:Key>
            <d2p1:Value>ZA10</d2p1:Value>
          </d2p1:KeyValueOfstringstring>
          <d2p1:KeyValueOfstringstring>
            <d2p1:Key>106,11</d2p1:Key>
            <d2p1:Value>ZA20</d2p1:Value>
          </d2p1:KeyValueOfstringstring>
          <d2p1:KeyValueOfstringstring>
            <d2p1:Key>106,12</d2p1:Key>
            <d2p1:Value>ZA10</d2p1:Value>
          </d2p1:KeyValueOfstringstring>
          <d2p1:KeyValueOfstringstring>
            <d2p1:Key>106,13</d2p1:Key>
            <d2p1:Value>TEST STORE 47</d2p1:Value>
          </d2p1:KeyValueOfstringstring>
          <d2p1:KeyValueOfstringstring>
            <d2p1:Key>106,14</d2p1:Key>
            <d2p1:Value>5</d2p1:Value>
          </d2p1:KeyValueOfstringstring>
          <d2p1:KeyValueOfstringstring>
            <d2p1:Key>106,15</d2p1:Key>
            <d2p1:Value>KM</d2p1:Value>
          </d2p1:KeyValueOfstringstring>
          <d2p1:KeyValueOfstringstring>
            <d2p1:Key>106,16</d2p1:Key>
            <d2p1:Value>22</d2p1:Value>
          </d2p1:KeyValueOfstringstring>
          <d2p1:KeyValueOfstringstring>
            <d2p1:Key>106,17</d2p1:Key>
            <d2p1:Value>0</d2p1:Value>
          </d2p1:KeyValueOfstringstring>
          <d2p1:KeyValueOfstringstring>
            <d2p1:Key>107,5</d2p1:Key>
            <d2p1:Value>300000000083</d2p1:Value>
          </d2p1:KeyValueOfstringstring>
          <d2p1:KeyValueOfstringstring>
            <d2p1:Key>107,6</d2p1:Key>
            <d2p1:Value>1</d2p1:Value>
          </d2p1:KeyValueOfstringstring>
          <d2p1:KeyValueOfstringstring>
            <d2p1:Key>107,7</d2p1:Key>
            <d2p1:Value>DD000</d2p1:Value>
          </d2p1:KeyValueOfstringstring>
          <d2p1:KeyValueOfstringstring>
            <d2p1:Key>107,8</d2p1:Key>
            <d2p1:Value>test</d2p1:Value>
          </d2p1:KeyValueOfstringstring>
          <d2p1:KeyValueOfstringstring>
            <d2p1:Key>107,9</d2p1:Key>
            <d2p1:Value>ZA20</d2p1:Value>
          </d2p1:KeyValueOfstringstring>
          <d2p1:KeyValueOfstringstring>
            <d2p1:Key>107,10</d2p1:Key>
            <d2p1:Value>ZA10</d2p1:Value>
          </d2p1:KeyValueOfstringstring>
          <d2p1:KeyValueOfstringstring>
            <d2p1:Key>107,11</d2p1:Key>
            <d2p1:Value>ZA20</d2p1:Value>
          </d2p1:KeyValueOfstringstring>
          <d2p1:KeyValueOfstringstring>
            <d2p1:Key>107,12</d2p1:Key>
            <d2p1:Value>ZA10</d2p1:Value>
          </d2p1:KeyValueOfstringstring>
          <d2p1:KeyValueOfstringstring>
            <d2p1:Key>107,13</d2p1:Key>
            <d2p1:Value>TEST STORE 47</d2p1:Value>
          </d2p1:KeyValueOfstringstring>
          <d2p1:KeyValueOfstringstring>
            <d2p1:Key>107,14</d2p1:Key>
            <d2p1:Value>5</d2p1:Value>
          </d2p1:KeyValueOfstringstring>
          <d2p1:KeyValueOfstringstring>
            <d2p1:Key>107,15</d2p1:Key>
            <d2p1:Value>KM</d2p1:Value>
          </d2p1:KeyValueOfstringstring>
          <d2p1:KeyValueOfstringstring>
            <d2p1:Key>107,16</d2p1:Key>
            <d2p1:Value>22</d2p1:Value>
          </d2p1:KeyValueOfstringstring>
          <d2p1:KeyValueOfstringstring>
            <d2p1:Key>107,17</d2p1:Key>
            <d2p1:Value>0</d2p1:Value>
          </d2p1:KeyValueOfstringstring>
          <d2p1:KeyValueOfstringstring>
            <d2p1:Key>108,5</d2p1:Key>
            <d2p1:Value>300000000083</d2p1:Value>
          </d2p1:KeyValueOfstringstring>
          <d2p1:KeyValueOfstringstring>
            <d2p1:Key>108,6</d2p1:Key>
            <d2p1:Value>1</d2p1:Value>
          </d2p1:KeyValueOfstringstring>
          <d2p1:KeyValueOfstringstring>
            <d2p1:Key>108,7</d2p1:Key>
            <d2p1:Value>DD000</d2p1:Value>
          </d2p1:KeyValueOfstringstring>
          <d2p1:KeyValueOfstringstring>
            <d2p1:Key>108,8</d2p1:Key>
            <d2p1:Value>test</d2p1:Value>
          </d2p1:KeyValueOfstringstring>
          <d2p1:KeyValueOfstringstring>
            <d2p1:Key>108,9</d2p1:Key>
            <d2p1:Value>ZA20</d2p1:Value>
          </d2p1:KeyValueOfstringstring>
          <d2p1:KeyValueOfstringstring>
            <d2p1:Key>108,10</d2p1:Key>
            <d2p1:Value>ZA10</d2p1:Value>
          </d2p1:KeyValueOfstringstring>
          <d2p1:KeyValueOfstringstring>
            <d2p1:Key>108,11</d2p1:Key>
            <d2p1:Value>ZA20</d2p1:Value>
          </d2p1:KeyValueOfstringstring>
          <d2p1:KeyValueOfstringstring>
            <d2p1:Key>108,12</d2p1:Key>
            <d2p1:Value>ZA10</d2p1:Value>
          </d2p1:KeyValueOfstringstring>
          <d2p1:KeyValueOfstringstring>
            <d2p1:Key>108,13</d2p1:Key>
            <d2p1:Value>TEST STORE 47</d2p1:Value>
          </d2p1:KeyValueOfstringstring>
          <d2p1:KeyValueOfstringstring>
            <d2p1:Key>108,14</d2p1:Key>
            <d2p1:Value>5</d2p1:Value>
          </d2p1:KeyValueOfstringstring>
          <d2p1:KeyValueOfstringstring>
            <d2p1:Key>108,15</d2p1:Key>
            <d2p1:Value>KM</d2p1:Value>
          </d2p1:KeyValueOfstringstring>
          <d2p1:KeyValueOfstringstring>
            <d2p1:Key>108,16</d2p1:Key>
            <d2p1:Value>22</d2p1:Value>
          </d2p1:KeyValueOfstringstring>
          <d2p1:KeyValueOfstringstring>
            <d2p1:Key>108,17</d2p1:Key>
            <d2p1:Value>0</d2p1:Value>
          </d2p1:KeyValueOfstringstring>
          <d2p1:KeyValueOfstringstring>
            <d2p1:Key>109,5</d2p1:Key>
            <d2p1:Value>300000000083</d2p1:Value>
          </d2p1:KeyValueOfstringstring>
          <d2p1:KeyValueOfstringstring>
            <d2p1:Key>109,6</d2p1:Key>
            <d2p1:Value>1</d2p1:Value>
          </d2p1:KeyValueOfstringstring>
          <d2p1:KeyValueOfstringstring>
            <d2p1:Key>109,7</d2p1:Key>
            <d2p1:Value>DD000</d2p1:Value>
          </d2p1:KeyValueOfstringstring>
          <d2p1:KeyValueOfstringstring>
            <d2p1:Key>109,8</d2p1:Key>
            <d2p1:Value>test</d2p1:Value>
          </d2p1:KeyValueOfstringstring>
          <d2p1:KeyValueOfstringstring>
            <d2p1:Key>109,9</d2p1:Key>
            <d2p1:Value>ZA20</d2p1:Value>
          </d2p1:KeyValueOfstringstring>
          <d2p1:KeyValueOfstringstring>
            <d2p1:Key>109,10</d2p1:Key>
            <d2p1:Value>ZA10</d2p1:Value>
          </d2p1:KeyValueOfstringstring>
          <d2p1:KeyValueOfstringstring>
            <d2p1:Key>109,11</d2p1:Key>
            <d2p1:Value>ZA20</d2p1:Value>
          </d2p1:KeyValueOfstringstring>
          <d2p1:KeyValueOfstringstring>
            <d2p1:Key>109,12</d2p1:Key>
            <d2p1:Value>ZA10</d2p1:Value>
          </d2p1:KeyValueOfstringstring>
          <d2p1:KeyValueOfstringstring>
            <d2p1:Key>109,13</d2p1:Key>
            <d2p1:Value>TEST STORE 47</d2p1:Value>
          </d2p1:KeyValueOfstringstring>
          <d2p1:KeyValueOfstringstring>
            <d2p1:Key>109,14</d2p1:Key>
            <d2p1:Value>5</d2p1:Value>
          </d2p1:KeyValueOfstringstring>
          <d2p1:KeyValueOfstringstring>
            <d2p1:Key>109,15</d2p1:Key>
            <d2p1:Value>KM</d2p1:Value>
          </d2p1:KeyValueOfstringstring>
          <d2p1:KeyValueOfstringstring>
            <d2p1:Key>109,16</d2p1:Key>
            <d2p1:Value>22</d2p1:Value>
          </d2p1:KeyValueOfstringstring>
          <d2p1:KeyValueOfstringstring>
            <d2p1:Key>109,17</d2p1:Key>
            <d2p1:Value>0</d2p1:Value>
          </d2p1:KeyValueOfstringstring>
          <d2p1:KeyValueOfstringstring>
            <d2p1:Key>110,5</d2p1:Key>
            <d2p1:Value>300000000083</d2p1:Value>
          </d2p1:KeyValueOfstringstring>
          <d2p1:KeyValueOfstringstring>
            <d2p1:Key>110,6</d2p1:Key>
            <d2p1:Value>1</d2p1:Value>
          </d2p1:KeyValueOfstringstring>
          <d2p1:KeyValueOfstringstring>
            <d2p1:Key>110,7</d2p1:Key>
            <d2p1:Value>DD000</d2p1:Value>
          </d2p1:KeyValueOfstringstring>
          <d2p1:KeyValueOfstringstring>
            <d2p1:Key>110,8</d2p1:Key>
            <d2p1:Value>test</d2p1:Value>
          </d2p1:KeyValueOfstringstring>
          <d2p1:KeyValueOfstringstring>
            <d2p1:Key>110,9</d2p1:Key>
            <d2p1:Value>ZA20</d2p1:Value>
          </d2p1:KeyValueOfstringstring>
          <d2p1:KeyValueOfstringstring>
            <d2p1:Key>110,10</d2p1:Key>
            <d2p1:Value>ZA10</d2p1:Value>
          </d2p1:KeyValueOfstringstring>
          <d2p1:KeyValueOfstringstring>
            <d2p1:Key>110,11</d2p1:Key>
            <d2p1:Value>ZA20</d2p1:Value>
          </d2p1:KeyValueOfstringstring>
          <d2p1:KeyValueOfstringstring>
            <d2p1:Key>110,12</d2p1:Key>
            <d2p1:Value>ZA10</d2p1:Value>
          </d2p1:KeyValueOfstringstring>
          <d2p1:KeyValueOfstringstring>
            <d2p1:Key>110,13</d2p1:Key>
            <d2p1:Value>TEST STORE 47</d2p1:Value>
          </d2p1:KeyValueOfstringstring>
          <d2p1:KeyValueOfstringstring>
            <d2p1:Key>110,14</d2p1:Key>
            <d2p1:Value>5</d2p1:Value>
          </d2p1:KeyValueOfstringstring>
          <d2p1:KeyValueOfstringstring>
            <d2p1:Key>110,15</d2p1:Key>
            <d2p1:Value>KM</d2p1:Value>
          </d2p1:KeyValueOfstringstring>
          <d2p1:KeyValueOfstringstring>
            <d2p1:Key>110,16</d2p1:Key>
            <d2p1:Value>22</d2p1:Value>
          </d2p1:KeyValueOfstringstring>
          <d2p1:KeyValueOfstringstring>
            <d2p1:Key>110,17</d2p1:Key>
            <d2p1:Value>0</d2p1:Value>
          </d2p1:KeyValueOfstringstring>
        </d1p1:WSData>
        <d1p1:WSID>Test-00</d1p1:WSID>
        <d1p1:WSNo>1</d1p1:WSNo>
        <d1p1:XMLConfig
          i:type="d1p1:XMLConfig">
          <d1p1:CTU_DefSize>X</d1p1:CTU_DefSize>
          <d1p1:CTU_DisMode>N</d1p1:CTU_DisMode>
          <d1p1:CTU_UpdMode>A</d1p1:CTU_UpdMode>
          <d1p1:Col_Active
            i:nil="true" />
          <d1p1:Col_DataStart
            i:nil="true" />
          <d1p1:Col_Exec
            i:nil="true" />
          <d1p1:Col_ID
            i:nil="true" />
          <d1p1:Col_Msg
            i:nil="true" />
          <d1p1:GUID>4f4ce94c-b662-4dd7-beb6-2dff92c64020</d1p1:GUID>
          <d1p1:IsActive
            i:nil="true" />
          <d1p1:IsProtected
            i:nil="true" />
          <d1p1:Password
            i:nil="true" />
          <d1p1:PauseTime
            i:nil="true" />
          <d1p1:Row_DataStart
            i:nil="true" />
          <d1p1:SAPBDCSessionID
            i:nil="true" />
          <d1p1:SAPTCode>XD03</d1p1:SAPTCode>
          <d1p1:Skip1st
            i:nil="true" />
        </d1p1:XMLConfig>
      </d2p1:Value>
    </d2p1:KeyValueOfguidanyType>
  </d1p1:Sessions>
  <d1p1:User
    i:type="d1p1:User">
    <d1p1:GUID>07be1a67-da66-4670-909f-d1da41d43091</d1p1:GUID>
    <d1p1:Name
      i:nil="true" />
    <d1p1:Timestamp>0001-01-01T00:00:00</d1p1:Timestamp>
  </d1p1:User>
</z:anyType>