<z:anyType xmlns:i="http://www.w3.org/2001/XMLSchema-instance" xmlns:d1p1="http://schemas.datacontract.org/2004/07/BxS_WorxIPX.BDCSAP"
  i:type="d1p1:SAP_BDCRequest" xmlns:z="http://schemas.microsoft.com/2003/10/Serialization/">
  <d1p1:SAPLogon xmlns:d2p1="http://schemas.datacontract.org/2004/07/BxS_WorxIPX.BDC"
    i:type="d2p1:SAP_Logon">
    <d2p1:Client
      i:nil="true" />
    <d2p1:Lang
      i:nil="true" />
    <d2p1:Pwrd
      i:nil="true" />
    <d2p1:SAPSysID
      i:nil="true" />
    <d2p1:SecurePwrd xmlns:d3p1="http://schemas.datacontract.org/2004/07/System.Security"
      i:nil="true" />
    <d2p1:User
      i:nil="true" />
  </d1p1:SAPLogon>
  <d1p1:Sessions xmlns:d2p1="http://schemas.microsoft.com/2003/10/Serialization/Arrays">
    <d2p1:KeyValueOfguidanyType>
      <d2p1:Key>cd2eefe6-e496-4735-873e-cab606995310</d2p1:Key>
      <d2p1:Value
        i:type="d1p1:SAP_BDCSession">
        <d1p1:ColLB>1</d1p1:ColLB>
        <d1p1:ColUB>14</d1p1:ColUB>
        <d1p1:ID>00000000-0000-0000-0000-000000000000</d1p1:ID>
        <d1p1:IsActive>false</d1p1:IsActive>
        <d1p1:IsBDCSession>false</d1p1:IsBDCSession>
        <d1p1:IsOnline>false</d1p1:IsOnline>
        <d1p1:IsTest>false</d1p1:IsTest>
        <d1p1:Priority>0</d1p1:Priority>
        <d1p1:RowLB>1</d1p1:RowLB>
        <d1p1:RowUB>18</d1p1:RowUB>
        <d1p1:UsedAddress>$A$1:$N$18</d1p1:UsedAddress>
        <d1p1:WBID>TestRunnerNo.xlsx</d1p1:WBID>
        <d1p1:WSData1D>
          <d2p1:KeyValueOfstringstring>
            <d2p1:Key>1,1</d2p1:Key>
            <d2p1:Value>&lt;BDCXMLConfig xmlns:i="http://www.w3.org/2001/XMLSchema-instance" xmlns="http://schemas.datacontract.org/2004/07/BxS_WorxIPX.BDC"&gt;
  &lt;CTU_DefSize&gt;X&lt;/CTU_DefSize&gt;
  &lt;CTU_DisMode&gt;N&lt;/CTU_DisMode&gt;
  &lt;CTU_UpdMode&gt;A&lt;/CTU_UpdMode&gt;
  &lt;Col_Active
    i:nil="true" /&gt;
  &lt;Col_DataStart
    i:nil="true" /&gt;
  &lt;Col_Exec
    i:nil="true" /&gt;
  &lt;Col_ID
    i:nil="true" /&gt;
  &lt;Col_Msg
    i:nil="true" /&gt;
  &lt;GUID&gt;50993bab-b995-48a2-9d59-ceaa13f5daee&lt;/GUID&gt;
  &lt;IsActive
    i:nil="true" /&gt;
  &lt;IsProtected
    i:nil="true" /&gt;
  &lt;Password
    i:nil="true" /&gt;
  &lt;PauseTime
    i:nil="true" /&gt;
  &lt;Row_DataStart
    i:nil="true" /&gt;
  &lt;SAPBDCSessionID
    i:nil="true" /&gt;
  &lt;SAPTCode
    i:nil="true" /&gt;
  &lt;Skip1st
    i:nil="true" /&gt;
&lt;/BDCXMLConfig&gt;</d2p1:Value>
          </d2p1:KeyValueOfstringstring>
          <d2p1:KeyValueOfstringstring>
            <d2p1:Key>2,12</d2p1:Key>
            <d2p1:Value>SDFSD</d2p1:Value>
          </d2p1:KeyValueOfstringstring>
          <d2p1:KeyValueOfstringstring>
            <d2p1:Key>3,2</d2p1:Key>
            <d2p1:Value>&lt;BDCXMLConfig xmlns:i="http://www.w3.org/2001/XMLSchema-instance" xmlns="http://schemas.datacontract.org/2004/07/BxS_WorxIPX.BDC"&gt;
  &lt;CTU_DefSize&gt;X&lt;/CTU_DefSize&gt;
  &lt;CTU_DisMode&gt;N&lt;/CTU_DisMode&gt;
  &lt;CTU_UpdMode&gt;A&lt;/CTU_UpdMode&gt;
  &lt;Col_Active
    i:nil="true" /&gt;
  &lt;Col_DataStart
    i:nil="true" /&gt;
  &lt;Col_Exec
    i:nil="true" /&gt;
  &lt;Col_ID
    i:nil="true" /&gt;
  &lt;Col_Msg
    i:nil="true" /&gt;
  &lt;GUID&gt;6cde1edd-e80d-49e2-be56-d87cb4d47e6a&lt;/GUID&gt;
  &lt;IsActive
    i:nil="true" /&gt;
  &lt;IsProtected
    i:nil="true" /&gt;
  &lt;Password
    i:nil="true" /&gt;
  &lt;PauseTime
    i:nil="true" /&gt;
  &lt;Row_DataStart
    i:nil="true" /&gt;
  &lt;SAPBDCSessionID
    i:nil="true" /&gt;
  &lt;SAPTCode&gt;xd03&lt;/SAPTCode&gt;
  &lt;Skip1st
    i:nil="true" /&gt;
&lt;/BDCXMLConfig&gt;</d2p1:Value>
          </d2p1:KeyValueOfstringstring>
          <d2p1:KeyValueOfstringstring>
            <d2p1:Key>4,14</d2p1:Key>
            <d2p1:Value>asdasd</d2p1:Value>
          </d2p1:KeyValueOfstringstring>
          <d2p1:KeyValueOfstringstring>
            <d2p1:Key>5,1</d2p1:Key>
            <d2p1:Value>SDFSDF</d2p1:Value>
          </d2p1:KeyValueOfstringstring>
          <d2p1:KeyValueOfstringstring>
            <d2p1:Key>7,14</d2p1:Key>
            <d2p1:Value>asdasd</d2p1:Value>
          </d2p1:KeyValueOfstringstring>
          <d2p1:KeyValueOfstringstring>
            <d2p1:Key>8,12</d2p1:Key>
            <d2p1:Value>SDFSDF</d2p1:Value>
          </d2p1:KeyValueOfstringstring>
          <d2p1:KeyValueOfstringstring>
            <d2p1:Key>10,14</d2p1:Key>
            <d2p1:Value>adasd</d2p1:Value>
          </d2p1:KeyValueOfstringstring>
          <d2p1:KeyValueOfstringstring>
            <d2p1:Key>11,12</d2p1:Key>
            <d2p1:Value>SDFSDF</d2p1:Value>
          </d2p1:KeyValueOfstringstring>
          <d2p1:KeyValueOfstringstring>
            <d2p1:Key>13,12</d2p1:Key>
            <d2p1:Value>SDFSD</d2p1:Value>
          </d2p1:KeyValueOfstringstring>
          <d2p1:KeyValueOfstringstring>
            <d2p1:Key>14,14</d2p1:Key>
            <d2p1:Value>asdasd</d2p1:Value>
          </d2p1:KeyValueOfstringstring>
          <d2p1:KeyValueOfstringstring>
            <d2p1:Key>17,12</d2p1:Key>
            <d2p1:Value>SDF</d2p1:Value>
          </d2p1:KeyValueOfstringstring>
          <d2p1:KeyValueOfstringstring>
            <d2p1:Key>18,14</d2p1:Key>
            <d2p1:Value>asdasd</d2p1:Value>
          </d2p1:KeyValueOfstringstring>
        </d1p1:WSData1D>
        <d1p1:WSID>Test-04</d1p1:WSID>
        <d1p1:WSNo>5</d1p1:WSNo>
      </d2p1:Value>
    </d2p1:KeyValueOfguidanyType>
  </d1p1:Sessions>
</z:anyType>